<?xml version="1.0" encoding="UTF-8"?>
<testsuite xmlns:xsi="http://www.w3.org/2001/XMLSchema-instance" xsi:noNamespaceSchemaLocation="https://maven.apache.org/surefire/maven-surefire-plugin/xsd/surefire-test-report-3.0.xsd" version="3.0" name="com.singtel.network.controller.OrderControllerTest" time="0.366" tests="14" errors="0" skipped="0" failures="0">
  <properties>
[...]
</properties>
  <testcase name="getOrderById_Success" classname="com.singtel.network.controller.OrderControllerTest" time="0.097">
    <system-out><![CDATA[2025-07-12 03:19:23 - 11 mappings in org.springframework.web.servlet.mvc.method.annotation.RequestMappingHandlerMapping
2025-07-12 03:19:23 - ControllerAdvice beans: 0 @ModelAttribute, 0 @InitBinder, 1 RequestBodyAdvice, 1 ResponseBodyAdvice
2025-07-12 03:19:23 - ControllerAdvice beans: 1 @ExceptionHandler, 1 ResponseBodyAdvice
2025-07-12 03:19:23 - Initializing Spring TestDispatcherServlet ''
2025-07-12 03:19:23 - Initializing Servlet ''
2025-07-12 03:19:23 - Completed initialization in 0 ms
2025-07-12 03:19:23 - Mapped to com.singtel.network.controller.OrderController#getOrderById(UUID)
2025-07-12 03:19:23 - Fetching order by ID: a1d65d2a-ed3e-4017-8cc3-d699ab3ad1c6
2025-07-12 03:19:23 - Retrieved order: ORD-000001
2025-07-12 03:19:23 - Using 'application/json', given [*/*] and supported [application/json, application/*+json]
2025-07-12 03:19:23 - Writing [OrderResponse{id=a1d65d2a-ed3e-4017-8cc3-d699ab3ad1c6, orderNumber='ORD-000001', orderType=NEW_SERVI (truncated)...]
]]></system-out>
  </testcase>
  <testcase name="createOrder_ValidationError" classname="com.singtel.network.controller.OrderControllerTest" time="0.041">
    <system-out><![CDATA[2025-07-12 03:19:23 - 11 mappings in org.springframework.web.servlet.mvc.method.annotation.RequestMappingHandlerMapping
2025-07-12 03:19:23 - ControllerAdvice beans: 0 @ModelAttribute, 0 @InitBinder, 1 RequestBodyAdvice, 1 ResponseBodyAdvice
2025-07-12 03:19:23 - ControllerAdvice beans: 1 @ExceptionHandler, 1 ResponseBodyAdvice
2025-07-12 03:19:23 - Initializing Spring TestDispatcherServlet ''
2025-07-12 03:19:23 - Initializing Servlet ''
2025-07-12 03:19:23 - Completed initialization in 1 ms
2025-07-12 03:19:23 - Mapped to com.singtel.network.controller.OrderController#createOrder(CreateOrderRequest)
2025-07-12 03:19:23 - Read "application/json" to [CreateOrderRequest{serviceId=null, orderType=NEW_SERVICE, requestedBandwidthMbps=null, contactPerson (truncated)...]
2025-07-12 03:19:23 - Using @ExceptionHandler com.singtel.network.exception.GlobalExceptionHandler#handleValidationExceptions(MethodArgumentNotValidException, WebRequest)
2025-07-12 03:19:23 - Validation error: {bandwidthValidForOrderType=Bandwidth is not required for terminate orders, contactEmail=Contact email must be a valid email address, serviceId=Service ID is required, requestedBandwidthMbps=Requested bandwidth is required}
2025-07-12 03:19:23 - Using 'application/json', given [*/*] and supported [application/json, application/*+json]
2025-07-12 03:19:23 - Writing [com.singtel.network.exception.GlobalExceptionHandler$ErrorResponse@38c9b920]
2025-07-12 03:19:23 - Resolved [org.springframework.web.bind.MethodArgumentNotValidException: Validation failed for argument [0] in public org.springframework.http.ResponseEntity<com.singtel.network.dto.order.OrderResponse> com.singtel.network.controller.OrderController.createOrder(com.singtel.network.dto.order.CreateOrderRequest) with 4 errors: [Field error in object 'createOrderRequest' on field 'bandwidthValidForOrderType': rejected value [false]; codes [AssertTrue.createOrderRequest.bandwidthValidForOrderType,AssertTrue.bandwidthValidForOrderType,AssertTrue.boolean,AssertTrue]; arguments [org.springframework.context.support.DefaultMessageSourceResolvable: codes [createOrderRequest.bandwidthValidForOrderType,bandwidthValidForOrderType]; arguments []; default message [bandwidthValidForOrderType]]; default message [Bandwidth is not required for terminate orders]] [Field error in object 'createOrderRequest' on field 'contactEmail': rejected value [invalid-email]; codes [Email.createOrderRequest.contactEmail,Email.contactEmail,Email.java.lang.String,Email]; arguments [org.springframework.context.support.DefaultMessageSourceResolvable: codes [createOrderRequest.contactEmail,contactEmail]; arguments []; default message [contactEmail],[Ljakarta.validation.constraints.Pattern$Flag;@52483ae4,.*]; default message [Contact email must be a valid email address]] [Field error in object 'createOrderRequest' on field 'requestedBandwidthMbps': rejected value [null]; codes [NotNull.createOrderRequest.requestedBandwidthMbps,NotNull.requestedBandwidthMbps,NotNull.java.lang.Integer,NotNull]; arguments [org.springframework.context.support.DefaultMessageSourceResolvable: codes [createOrderRequest.requestedBandwidthMbps,requestedBandwidthMbps]; arguments []; default message [requestedBandwidthMbps]]; default message [Requested bandwidth is required]] [Field error in object 'createOrderRequest' on field 'serviceId': rejected value [null]; codes [NotNull.createOrderRequest.serviceId,NotNull.serviceId,NotNull.java.util.UUID,NotNull]; arguments [org.springframework.context.support.DefaultMessageSourceResolvable: codes [createOrderRequest.serviceId,serviceId]; arguments []; default message [serviceId]]; default message [Service ID is required]] ]
]]></system-out>
  </testcase>
  <testcase name="cancelOrder_Success" classname="com.singtel.network.controller.OrderControllerTest" time="0.018">
    <system-out><![CDATA[2025-07-12 03:19:23 - 11 mappings in org.springframework.web.servlet.mvc.method.annotation.RequestMappingHandlerMapping
2025-07-12 03:19:23 - ControllerAdvice beans: 0 @ModelAttribute, 0 @InitBinder, 1 RequestBodyAdvice, 1 ResponseBodyAdvice
2025-07-12 03:19:23 - ControllerAdvice beans: 1 @ExceptionHandler, 1 ResponseBodyAdvice
2025-07-12 03:19:23 - Initializing Spring TestDispatcherServlet ''
2025-07-12 03:19:23 - Initializing Servlet ''
2025-07-12 03:19:23 - Completed initialization in 0 ms
2025-07-12 03:19:23 - Mapped to com.singtel.network.controller.OrderController#cancelOrder(UUID)
2025-07-12 03:19:23 - Cancelling order: 04209295-b118-4d92-978f-c2cda384c695
2025-07-12 03:19:23 - Order cancelled successfully: ORD-000001
2025-07-12 03:19:23 - Using 'application/json', given [*/*] and supported [application/json, application/*+json]
2025-07-12 03:19:23 - Writing [OrderResponse{id=04209295-b118-4d92-978f-c2cda384c695, orderNumber='ORD-000001', orderType=null, sta (truncated)...]
]]></system-out>
  </testcase>
  <testcase name="createOrder_ServiceError" classname="com.singtel.network.controller.OrderControllerTest" time="0.024">
    <system-out><![CDATA[2025-07-12 03:19:23 - 11 mappings in org.springframework.web.servlet.mvc.method.annotation.RequestMappingHandlerMapping
2025-07-12 03:19:23 - ControllerAdvice beans: 0 @ModelAttribute, 0 @InitBinder, 1 RequestBodyAdvice, 1 ResponseBodyAdvice
2025-07-12 03:19:23 - ControllerAdvice beans: 1 @ExceptionHandler, 1 ResponseBodyAdvice
2025-07-12 03:19:23 - Initializing Spring TestDispatcherServlet ''
2025-07-12 03:19:23 - Initializing Servlet ''
2025-07-12 03:19:23 - Completed initialization in 0 ms
2025-07-12 03:19:23 - Mapped to com.singtel.network.controller.OrderController#createOrder(CreateOrderRequest)
2025-07-12 03:19:23 - Read "application/json" to [CreateOrderRequest{serviceId=49bb2fb7-6c61-4d50-9e6b-bdd719e1725d, orderType=NEW_SERVICE, requestedB (truncated)...]
2025-07-12 03:19:23 - Creating new order for service: 49bb2fb7-6c61-4d50-9e6b-bdd719e1725d
2025-07-12 03:19:23 - Using @ExceptionHandler com.singtel.network.exception.GlobalExceptionHandler#handleIllegalArgumentException(IllegalArgumentException, WebRequest)
2025-07-12 03:19:23 - Illegal argument error: Service not found
2025-07-12 03:19:23 - Using 'application/json', given [*/*] and supported [application/json, application/*+json]
2025-07-12 03:19:23 - Writing [com.singtel.network.exception.GlobalExceptionHandler$ErrorResponse@61d225f0]
2025-07-12 03:19:23 - Resolved [java.lang.IllegalArgumentException: Service not found]
]]></system-out>
  </testcase>
  <testcase name="getOrdersByStatus_Success" classname="com.singtel.network.controller.OrderControllerTest" time="0.022">
    <system-out><![CDATA[2025-07-12 03:19:23 - 11 mappings in org.springframework.web.servlet.mvc.method.annotation.RequestMappingHandlerMapping
2025-07-12 03:19:23 - ControllerAdvice beans: 0 @ModelAttribute, 0 @InitBinder, 1 RequestBodyAdvice, 1 ResponseBodyAdvice
2025-07-12 03:19:23 - ControllerAdvice beans: 1 @ExceptionHandler, 1 ResponseBodyAdvice
2025-07-12 03:19:23 - Initializing Spring TestDispatcherServlet ''
2025-07-12 03:19:23 - Initializing Servlet ''
2025-07-12 03:19:23 - Completed initialization in 0 ms
2025-07-12 03:19:23 - Mapped to com.singtel.network.controller.OrderController#getOrdersByStatus(OrderStatus)
2025-07-12 03:19:23 - Fetching orders by status: SUBMITTED
2025-07-12 03:19:23 - Retrieved 1 orders with status: SUBMITTED
2025-07-12 03:19:23 - Using 'application/json', given [*/*] and supported [application/json, application/*+json]
2025-07-12 03:19:23 - Writing [[OrderResponse{id=d8bc6e88-058e-4140-946a-d658669eddfe, orderNumber='ORD-000001', orderType=NEW_SERV (truncated)...]
]]></system-out>
  </testcase>
  <testcase name="getPendingOrders_Success" classname="com.singtel.network.controller.OrderControllerTest" time="0.017">
    <system-out><![CDATA[2025-07-12 03:19:23 - 11 mappings in org.springframework.web.servlet.mvc.method.annotation.RequestMappingHandlerMapping
2025-07-12 03:19:23 - ControllerAdvice beans: 0 @ModelAttribute, 0 @InitBinder, 1 RequestBodyAdvice, 1 ResponseBodyAdvice
2025-07-12 03:19:23 - ControllerAdvice beans: 1 @ExceptionHandler, 1 ResponseBodyAdvice
2025-07-12 03:19:23 - Initializing Spring TestDispatcherServlet ''
2025-07-12 03:19:23 - Initializing Servlet ''
2025-07-12 03:19:23 - Completed initialization in 0 ms
2025-07-12 03:19:23 - Mapped to com.singtel.network.controller.OrderController#getPendingOrders()
2025-07-12 03:19:23 - Fetching pending orders
2025-07-12 03:19:23 - Retrieved 1 pending orders
2025-07-12 03:19:23 - Using 'application/json', given [*/*] and supported [application/json, application/*+json]
2025-07-12 03:19:23 - Writing [[OrderResponse{id=47361265-da83-480c-b053-873f2111d676, orderNumber='ORD-000001', orderType=NEW_SERV (truncated)...]
]]></system-out>
  </testcase>
  <testcase name="searchOrders_Success" classname="com.singtel.network.controller.OrderControllerTest" time="0.016">
    <system-out><![CDATA[2025-07-12 03:19:23 - 11 mappings in org.springframework.web.servlet.mvc.method.annotation.RequestMappingHandlerMapping
2025-07-12 03:19:23 - ControllerAdvice beans: 0 @ModelAttribute, 0 @InitBinder, 1 RequestBodyAdvice, 1 ResponseBodyAdvice
2025-07-12 03:19:23 - ControllerAdvice beans: 1 @ExceptionHandler, 1 ResponseBodyAdvice
2025-07-12 03:19:23 - Initializing Spring TestDispatcherServlet ''
2025-07-12 03:19:23 - Initializing Servlet ''
2025-07-12 03:19:23 - Completed initialization in 0 ms
2025-07-12 03:19:23 - Mapped to com.singtel.network.controller.OrderController#getOrdersByStatus(OrderStatus)
2025-07-12 03:19:23 - Fetching orders by status: SUBMITTED
2025-07-12 03:19:23 - Retrieved 1 orders with status: SUBMITTED
2025-07-12 03:19:23 - Using 'application/json', given [*/*] and supported [application/json, application/*+json]
2025-07-12 03:19:23 - Writing [[OrderResponse{id=2b3eaf3c-1e8b-4ed2-a7cc-0a3ca025d97a, orderNumber='ORD-000001', orderType=NEW_SERV (truncated)...]
]]></system-out>
  </testcase>
  <testcase name="getRecentOrders_Success" classname="com.singtel.network.controller.OrderControllerTest" time="0.018">
    <system-out><![CDATA[2025-07-12 03:19:23 - 11 mappings in org.springframework.web.servlet.mvc.method.annotation.RequestMappingHandlerMapping
2025-07-12 03:19:23 - ControllerAdvice beans: 0 @ModelAttribute, 0 @InitBinder, 1 RequestBodyAdvice, 1 ResponseBodyAdvice
2025-07-12 03:19:23 - ControllerAdvice beans: 1 @ExceptionHandler, 1 ResponseBodyAdvice
2025-07-12 03:19:23 - Initializing Spring TestDispatcherServlet ''
2025-07-12 03:19:23 - Initializing Servlet ''
2025-07-12 03:19:23 - Completed initialization in 0 ms
2025-07-12 03:19:23 - Mapped to com.singtel.network.controller.OrderController#getRecentOrders(int)
2025-07-12 03:19:23 - Fetching recent orders with limit: 10
2025-07-12 03:19:23 - Retrieved 1 recent orders
2025-07-12 03:19:23 - Using 'application/json', given [*/*] and supported [application/json, application/*+json]
2025-07-12 03:19:23 - Writing [[OrderResponse{id=3411539f-7596-42c4-aac0-048a939564e3, orderNumber='ORD-000001', orderType=NEW_SERV (truncated)...]
]]></system-out>
  </testcase>
  <testcase name="getOrderByNumber_Success" classname="com.singtel.network.controller.OrderControllerTest" time="0.016">
    <system-out><![CDATA[2025-07-12 03:19:23 - 11 mappings in org.springframework.web.servlet.mvc.method.annotation.RequestMappingHandlerMapping
2025-07-12 03:19:23 - ControllerAdvice beans: 0 @ModelAttribute, 0 @InitBinder, 1 RequestBodyAdvice, 1 ResponseBodyAdvice
2025-07-12 03:19:23 - ControllerAdvice beans: 1 @ExceptionHandler, 1 ResponseBodyAdvice
2025-07-12 03:19:23 - Initializing Spring TestDispatcherServlet ''
2025-07-12 03:19:23 - Initializing Servlet ''
2025-07-12 03:19:23 - Completed initialization in 0 ms
2025-07-12 03:19:23 - Mapped to com.singtel.network.controller.OrderController#getOrderByNumber(String)
2025-07-12 03:19:23 - Fetching order by number: ORD-000001
2025-07-12 03:19:23 - Retrieved order: ORD-000001
2025-07-12 03:19:23 - Using 'application/json', given [*/*] and supported [application/json, application/*+json]
2025-07-12 03:19:23 - Writing [OrderResponse{id=4477b459-f676-46fe-b780-ac9845017a6a, orderNumber='ORD-000001', orderType=NEW_SERVI (truncated)...]
]]></system-out>
  </testcase>
  <testcase name="getOrderStatistics_Success" classname="com.singtel.network.controller.OrderControllerTest" time="0.014">
    <system-out><![CDATA[2025-07-12 03:19:23 - 11 mappings in org.springframework.web.servlet.mvc.method.annotation.RequestMappingHandlerMapping
2025-07-12 03:19:23 - ControllerAdvice beans: 0 @ModelAttribute, 0 @InitBinder, 1 RequestBodyAdvice, 1 ResponseBodyAdvice
2025-07-12 03:19:23 - ControllerAdvice beans: 1 @ExceptionHandler, 1 ResponseBodyAdvice
2025-07-12 03:19:23 - Initializing Spring TestDispatcherServlet ''
2025-07-12 03:19:23 - Initializing Servlet ''
2025-07-12 03:19:23 - Completed initialization in 0 ms
2025-07-12 03:19:23 - Mapped to com.singtel.network.controller.OrderController#getOrderStatistics()
2025-07-12 03:19:23 - Fetching order statistics
2025-07-12 03:19:23 - Retrieved order statistics - Total value: 1500.00, Pending: 1
2025-07-12 03:19:23 - Using 'application/json', given [*/*] and supported [application/json, application/*+json]
2025-07-12 03:19:23 - Writing [{pendingOrdersCount=1, totalOrderValue=1500.00, recentOrdersCount=1, currency=SGD}]
]]></system-out>
  </testcase>
  <testcase name="getOrdersPaged_Success" classname="com.singtel.network.controller.OrderControllerTest" time="0.016">
    <system-out><![CDATA[2025-07-12 03:19:23 - 11 mappings in org.springframework.web.servlet.mvc.method.annotation.RequestMappingHandlerMapping
2025-07-12 03:19:23 - ControllerAdvice beans: 0 @ModelAttribute, 0 @InitBinder, 1 RequestBodyAdvice, 1 ResponseBodyAdvice
2025-07-12 03:19:23 - ControllerAdvice beans: 1 @ExceptionHandler, 1 ResponseBodyAdvice
2025-07-12 03:19:23 - Initializing Spring TestDispatcherServlet ''
2025-07-12 03:19:23 - Initializing Servlet ''
2025-07-12 03:19:23 - Completed initialization in 0 ms
2025-07-12 03:19:23 - Mapped to com.singtel.network.controller.OrderController#getCompanyOrders()
2025-07-12 03:19:23 - Fetching orders for current user's company
2025-07-12 03:19:23 - Retrieved 1 orders
2025-07-12 03:19:23 - Using 'application/json', given [*/*] and supported [application/json, application/*+json]
2025-07-12 03:19:23 - Writing [[OrderResponse{id=37914f8b-d218-4aee-9c40-c4adbaacb6e9, orderNumber='ORD-000001', orderType=NEW_SERV (truncated)...]
]]></system-out>
  </testcase>
  <testcase name="cancelOrder_CannotCancel" classname="com.singtel.network.controller.OrderControllerTest" time="0.018">
    <system-out><![CDATA[2025-07-12 03:19:23 - 11 mappings in org.springframework.web.servlet.mvc.method.annotation.RequestMappingHandlerMapping
2025-07-12 03:19:23 - ControllerAdvice beans: 0 @ModelAttribute, 0 @InitBinder, 1 RequestBodyAdvice, 1 ResponseBodyAdvice
2025-07-12 03:19:23 - ControllerAdvice beans: 1 @ExceptionHandler, 1 ResponseBodyAdvice
2025-07-12 03:19:23 - Initializing Spring TestDispatcherServlet ''
2025-07-12 03:19:23 - Initializing Servlet ''
2025-07-12 03:19:23 - Completed initialization in 0 ms
2025-07-12 03:19:23 - Mapped to com.singtel.network.controller.OrderController#cancelOrder(UUID)
2025-07-12 03:19:23 - Cancelling order: 67126e75-43cd-4478-939c-00051108f0c8
2025-07-12 03:19:23 - Using @ExceptionHandler com.singtel.network.exception.GlobalExceptionHandler#handleIllegalArgumentException(IllegalArgumentException, WebRequest)
2025-07-12 03:19:23 - Illegal argument error: Order cannot be cancelled
2025-07-12 03:19:23 - Using 'application/json', given [*/*] and supported [application/json, application/*+json]
2025-07-12 03:19:23 - Writing [com.singtel.network.exception.GlobalExceptionHandler$ErrorResponse@1506dbe0]
2025-07-12 03:19:23 - Resolved [java.lang.IllegalArgumentException: Order cannot be cancelled]
]]></system-out>
  </testcase>
  <testcase name="createOrder_Success" classname="com.singtel.network.controller.OrderControllerTest" time="0.028">
    <system-out><![CDATA[2025-07-12 03:19:23 - 11 mappings in org.springframework.web.servlet.mvc.method.annotation.RequestMappingHandlerMapping
2025-07-12 03:19:23 - ControllerAdvice beans: 0 @ModelAttribute, 0 @InitBinder, 1 RequestBodyAdvice, 1 ResponseBodyAdvice
2025-07-12 03:19:23 - ControllerAdvice beans: 1 @ExceptionHandler, 1 ResponseBodyAdvice
2025-07-12 03:19:23 - Initializing Spring TestDispatcherServlet ''
2025-07-12 03:19:23 - Initializing Servlet ''
2025-07-12 03:19:23 - Completed initialization in 1 ms
2025-07-12 03:19:23 - Mapped to com.singtel.network.controller.OrderController#createOrder(CreateOrderRequest)
2025-07-12 03:19:23 - Read "application/json" to [CreateOrderRequest{serviceId=14678715-da94-448b-babc-ad9d88dcbfcd, orderType=NEW_SERVICE, requestedB (truncated)...]
2025-07-12 03:19:23 - Creating new order for service: 14678715-da94-448b-babc-ad9d88dcbfcd
2025-07-12 03:19:23 - Order created successfully: ORD-000001
2025-07-12 03:19:23 - Using 'application/json', given [*/*] and supported [application/json, application/*+json]
2025-07-12 03:19:23 - Writing [OrderResponse{id=76ed12b6-5fa1-45ef-bbc7-44e4349177f2, orderNumber='ORD-000001', orderType=NEW_SERVI (truncated)...]
]]></system-out>
  </testcase>
  <testcase name="getCompanyOrders_Success" classname="com.singtel.network.controller.OrderControllerTest" time="0.014">
    <system-out><![CDATA[2025-07-12 03:19:23 - 11 mappings in org.springframework.web.servlet.mvc.method.annotation.RequestMappingHandlerMapping
2025-07-12 03:19:23 - ControllerAdvice beans: 0 @ModelAttribute, 0 @InitBinder, 1 RequestBodyAdvice, 1 ResponseBodyAdvice
2025-07-12 03:19:23 - ControllerAdvice beans: 1 @ExceptionHandler, 1 ResponseBodyAdvice
2025-07-12 03:19:23 - Initializing Spring TestDispatcherServlet ''
2025-07-12 03:19:23 - Initializing Servlet ''
2025-07-12 03:19:23 - Completed initialization in 0 ms
2025-07-12 03:19:23 - Mapped to com.singtel.network.controller.OrderController#getCompanyOrders()
2025-07-12 03:19:23 - Fetching orders for current user's company
2025-07-12 03:19:23 - Retrieved 1 orders
2025-07-12 03:19:23 - Using 'application/json', given [*/*] and supported [application/json, application/*+json]
2025-07-12 03:19:23 - Writing [[OrderResponse{id=4329156c-a3ee-4006-8219-f1d63fefd255, orderNumber='ORD-000001', orderType=NEW_SERV (truncated)...]
]]></system-out>
  </testcase>
</testsuite>