<?xml version="1.0" encoding="UTF-8"?>
<testsuite xmlns:xsi="http://www.w3.org/2001/XMLSchema-instance" xsi:noNamespaceSchemaLocation="https://maven.apache.org/surefire/maven-surefire-plugin/xsd/surefire-test-report-3.0.xsd" version="3.0" name="com.singtel.network.controller.ServiceCatalogControllerTest" time="0.192" tests="12" errors="0" skipped="0" failures="0">
  <properties>
[...]
</properties>
  <testcase name="getCategoryById_Success" classname="com.singtel.network.controller.ServiceCatalogControllerTest" time="0.047">
    <system-out><![CDATA[2025-07-12 03:19:23 - 14 mappings in org.springframework.web.servlet.mvc.method.annotation.RequestMappingHandlerMapping
2025-07-12 03:19:23 - ControllerAdvice beans: 0 @ModelAttribute, 0 @InitBinder, 1 RequestBodyAdvice, 1 ResponseBodyAdvice
2025-07-12 03:19:23 - ControllerAdvice beans: 1 @ExceptionHandler, 1 ResponseBodyAdvice
2025-07-12 03:19:23 - Initializing Spring TestDispatcherServlet ''
2025-07-12 03:19:23 - Initializing Servlet ''
2025-07-12 03:19:23 - Completed initialization in 0 ms
2025-07-12 03:19:23 - Mapped to com.singtel.network.controller.ServiceCatalogController#getCategoryById(UUID)
2025-07-12 03:19:23 - Fetching service category by ID: aaf230d6-471f-42a0-9a41-7d7538e959c3
2025-07-12 03:19:23 - Retrieved service category: Business Internet
2025-07-12 03:19:23 - Using 'application/json', given [*/*] and supported [application/json, application/*+json]
2025-07-12 03:19:23 - Writing [ServiceCategoryResponse{id=aaf230d6-471f-42a0-9a41-7d7538e959c3, name='Business Internet', displayOr (truncated)...]
]]></system-out>
  </testcase>
  <testcase name="getAllServices_Success" classname="com.singtel.network.controller.ServiceCatalogControllerTest" time="0.013">
    <system-out><![CDATA[2025-07-12 03:19:23 - 14 mappings in org.springframework.web.servlet.mvc.method.annotation.RequestMappingHandlerMapping
2025-07-12 03:19:23 - ControllerAdvice beans: 0 @ModelAttribute, 0 @InitBinder, 1 RequestBodyAdvice, 1 ResponseBodyAdvice
2025-07-12 03:19:23 - ControllerAdvice beans: 1 @ExceptionHandler, 1 ResponseBodyAdvice
2025-07-12 03:19:23 - Initializing Spring TestDispatcherServlet ''
2025-07-12 03:19:23 - Initializing Servlet ''
2025-07-12 03:19:23 - Completed initialization in 0 ms
2025-07-12 03:19:23 - Mapped to com.singtel.network.controller.ServiceCatalogController#getAllServices()
2025-07-12 03:19:23 - Fetching all available services
2025-07-12 03:19:23 - Retrieved 1 available services
2025-07-12 03:19:23 - Using 'application/json', given [*/*] and supported [application/json, application/*+json]
2025-07-12 03:19:23 - Writing [[ServiceSummaryResponse{id=a59da655-3fe0-465d-ae9d-bde05e44aaed, name='Business Fiber 500M', service (truncated)...]
]]></system-out>
  </testcase>
  <testcase name="getServicesByType_Success" classname="com.singtel.network.controller.ServiceCatalogControllerTest" time="0.013">
    <system-out><![CDATA[2025-07-12 03:19:23 - 14 mappings in org.springframework.web.servlet.mvc.method.annotation.RequestMappingHandlerMapping
2025-07-12 03:19:23 - ControllerAdvice beans: 0 @ModelAttribute, 0 @InitBinder, 1 RequestBodyAdvice, 1 ResponseBodyAdvice
2025-07-12 03:19:23 - ControllerAdvice beans: 1 @ExceptionHandler, 1 ResponseBodyAdvice
2025-07-12 03:19:23 - Initializing Spring TestDispatcherServlet ''
2025-07-12 03:19:23 - Initializing Servlet ''
2025-07-12 03:19:23 - Completed initialization in 0 ms
2025-07-12 03:19:23 - Mapped to com.singtel.network.controller.ServiceCatalogController#getServicesByType(String)
2025-07-12 03:19:23 - Fetching services by type: FIBER
2025-07-12 03:19:23 - Retrieved 1 services for type: FIBER
2025-07-12 03:19:23 - Using 'application/json', given [*/*] and supported [application/json, application/*+json]
2025-07-12 03:19:23 - Writing [[ServiceSummaryResponse{id=7bfe45af-2bc7-425a-83d0-a13ba5af156f, name='Business Fiber 500M', service (truncated)...]
]]></system-out>
  </testcase>
  <testcase name="calculateServiceCost_Success" classname="com.singtel.network.controller.ServiceCatalogControllerTest" time="0.012">
    <system-out><![CDATA[2025-07-12 03:19:23 - 14 mappings in org.springframework.web.servlet.mvc.method.annotation.RequestMappingHandlerMapping
2025-07-12 03:19:23 - ControllerAdvice beans: 0 @ModelAttribute, 0 @InitBinder, 1 RequestBodyAdvice, 1 ResponseBodyAdvice
2025-07-12 03:19:23 - ControllerAdvice beans: 1 @ExceptionHandler, 1 ResponseBodyAdvice
2025-07-12 03:19:23 - Initializing Spring TestDispatcherServlet ''
2025-07-12 03:19:23 - Initializing Servlet ''
2025-07-12 03:19:23 - Completed initialization in 0 ms
2025-07-12 03:19:23 - Mapped to com.singtel.network.controller.ServiceCatalogController#calculateServiceCost(UUID, Integer)
2025-07-12 03:19:23 - Calculating cost for service: 9864c4d7-5a39-4457-941b-7897185e6d5d with bandwidth: 750 Mbps
2025-07-12 03:19:23 - Calculated cost: 424.00 SGD for service: 9864c4d7-5a39-4457-941b-7897185e6d5d with bandwidth: 750 Mbps
2025-07-12 03:19:23 - Using 'application/json', given [*/*] and supported [application/json, application/*+json]
2025-07-12 03:19:23 - Writing [{monthlyCost=424.00, currency=SGD, serviceId=9864c4d7-5a39-4457-941b-7897185e6d5d, bandwidthMbps=750 (truncated)...]
]]></system-out>
  </testcase>
  <testcase name="searchServices_Success" classname="com.singtel.network.controller.ServiceCatalogControllerTest" time="0.014">
    <system-out><![CDATA[2025-07-12 03:19:23 - 14 mappings in org.springframework.web.servlet.mvc.method.annotation.RequestMappingHandlerMapping
2025-07-12 03:19:23 - ControllerAdvice beans: 0 @ModelAttribute, 0 @InitBinder, 1 RequestBodyAdvice, 1 ResponseBodyAdvice
2025-07-12 03:19:23 - ControllerAdvice beans: 1 @ExceptionHandler, 1 ResponseBodyAdvice
2025-07-12 03:19:23 - Initializing Spring TestDispatcherServlet ''
2025-07-12 03:19:23 - Initializing Servlet ''
2025-07-12 03:19:23 - Completed initialization in 0 ms
2025-07-12 03:19:23 - Mapped to com.singtel.network.controller.ServiceCatalogController#getAllServices()
2025-07-12 03:19:23 - Fetching all available services
2025-07-12 03:19:23 - Retrieved 1 available services
2025-07-12 03:19:23 - Using 'application/json', given [*/*] and supported [application/json, application/*+json]
2025-07-12 03:19:23 - Writing [[ServiceSummaryResponse{id=e99eda23-7c28-4ace-b898-3569fccf2ca7, name='Business Fiber 500M', service (truncated)...]
]]></system-out>
  </testcase>
  <testcase name="getCategoryById_NotFound" classname="com.singtel.network.controller.ServiceCatalogControllerTest" time="0.013">
    <system-out><![CDATA[2025-07-12 03:19:23 - 14 mappings in org.springframework.web.servlet.mvc.method.annotation.RequestMappingHandlerMapping
2025-07-12 03:19:23 - ControllerAdvice beans: 0 @ModelAttribute, 0 @InitBinder, 1 RequestBodyAdvice, 1 ResponseBodyAdvice
2025-07-12 03:19:23 - ControllerAdvice beans: 1 @ExceptionHandler, 1 ResponseBodyAdvice
2025-07-12 03:19:23 - Initializing Spring TestDispatcherServlet ''
2025-07-12 03:19:23 - Initializing Servlet ''
2025-07-12 03:19:23 - Completed initialization in 0 ms
2025-07-12 03:19:23 - Mapped to com.singtel.network.controller.ServiceCatalogController#getCategoryById(UUID)
2025-07-12 03:19:23 - Fetching service category by ID: 0aaa96b4-e5f7-497f-9aea-f67a3598090f
2025-07-12 03:19:23 - Using @ExceptionHandler com.singtel.network.exception.GlobalExceptionHandler#handleIllegalArgumentException(IllegalArgumentException, WebRequest)
2025-07-12 03:19:23 - Illegal argument error: Service category not found
2025-07-12 03:19:23 - Using 'application/json', given [*/*] and supported [application/json, application/*+json]
2025-07-12 03:19:23 - Writing [com.singtel.network.exception.GlobalExceptionHandler$ErrorResponse@4b761a13]
2025-07-12 03:19:23 - Resolved [java.lang.IllegalArgumentException: Service category not found]
]]></system-out>
  </testcase>
  <testcase name="getServiceById_Success" classname="com.singtel.network.controller.ServiceCatalogControllerTest" time="0.014">
    <system-out><![CDATA[2025-07-12 03:19:23 - 14 mappings in org.springframework.web.servlet.mvc.method.annotation.RequestMappingHandlerMapping
2025-07-12 03:19:23 - ControllerAdvice beans: 0 @ModelAttribute, 0 @InitBinder, 1 RequestBodyAdvice, 1 ResponseBodyAdvice
2025-07-12 03:19:23 - ControllerAdvice beans: 1 @ExceptionHandler, 1 ResponseBodyAdvice
2025-07-12 03:19:23 - Initializing Spring TestDispatcherServlet ''
2025-07-12 03:19:23 - Initializing Servlet ''
2025-07-12 03:19:23 - Completed initialization in 0 ms
2025-07-12 03:19:23 - Mapped to com.singtel.network.controller.ServiceCatalogController#getServiceById(UUID)
2025-07-12 03:19:23 - Fetching service by ID: 70fa7fcb-011c-4ec6-8fe0-2eb493bf8c51
2025-07-12 03:19:23 - Retrieved service: Business Fiber 500M
2025-07-12 03:19:23 - Using 'application/json', given [*/*] and supported [application/json, application/*+json]
2025-07-12 03:19:23 - Writing [ServiceDetailResponse{id=70fa7fcb-011c-4ec6-8fe0-2eb493bf8c51, name='Business Fiber 500M', serviceTy (truncated)...]
]]></system-out>
  </testcase>
  <testcase name="getServicesByCategory_Success" classname="com.singtel.network.controller.ServiceCatalogControllerTest" time="0.012">
    <system-out><![CDATA[2025-07-12 03:19:23 - 14 mappings in org.springframework.web.servlet.mvc.method.annotation.RequestMappingHandlerMapping
2025-07-12 03:19:23 - ControllerAdvice beans: 0 @ModelAttribute, 0 @InitBinder, 1 RequestBodyAdvice, 1 ResponseBodyAdvice
2025-07-12 03:19:23 - ControllerAdvice beans: 1 @ExceptionHandler, 1 ResponseBodyAdvice
2025-07-12 03:19:23 - Initializing Spring TestDispatcherServlet ''
2025-07-12 03:19:23 - Initializing Servlet ''
2025-07-12 03:19:23 - Completed initialization in 0 ms
2025-07-12 03:19:23 - Mapped to com.singtel.network.controller.ServiceCatalogController#getServicesByCategory(UUID)
2025-07-12 03:19:23 - Fetching services by category: 779275c6-459e-486b-89aa-3e612468f742
2025-07-12 03:19:23 - Retrieved 1 services for category: 779275c6-459e-486b-89aa-3e612468f742
2025-07-12 03:19:23 - Using 'application/json', given [*/*] and supported [application/json, application/*+json]
2025-07-12 03:19:23 - Writing [[ServiceSummaryResponse{id=c1eeabc9-3deb-4d8f-9e2f-1e3bd119d7f5, name='Business Fiber 500M', service (truncated)...]
]]></system-out>
  </testcase>
  <testcase name="getCategoriesPaged_Success" classname="com.singtel.network.controller.ServiceCatalogControllerTest" time="0.011">
    <system-out><![CDATA[2025-07-12 03:19:23 - 14 mappings in org.springframework.web.servlet.mvc.method.annotation.RequestMappingHandlerMapping
2025-07-12 03:19:23 - ControllerAdvice beans: 0 @ModelAttribute, 0 @InitBinder, 1 RequestBodyAdvice, 1 ResponseBodyAdvice
2025-07-12 03:19:23 - ControllerAdvice beans: 1 @ExceptionHandler, 1 ResponseBodyAdvice
2025-07-12 03:19:23 - Initializing Spring TestDispatcherServlet ''
2025-07-12 03:19:23 - Initializing Servlet ''
2025-07-12 03:19:23 - Completed initialization in 0 ms
2025-07-12 03:19:23 - Mapped to com.singtel.network.controller.ServiceCatalogController#getAllCategories()
2025-07-12 03:19:23 - Fetching all service categories
2025-07-12 03:19:23 - Retrieved 1 service categories
2025-07-12 03:19:23 - Using 'application/json', given [*/*] and supported [application/json, application/*+json]
2025-07-12 03:19:23 - Writing [[ServiceCategoryResponse{id=c25e3398-1d1b-4810-8d92-dba4e41299bb, name='Business Internet', displayO (truncated)...]
]]></system-out>
  </testcase>
  <testcase name="getAllCategories_Success" classname="com.singtel.network.controller.ServiceCatalogControllerTest" time="0.013">
    <system-out><![CDATA[2025-07-12 03:19:23 - 14 mappings in org.springframework.web.servlet.mvc.method.annotation.RequestMappingHandlerMapping
2025-07-12 03:19:23 - ControllerAdvice beans: 0 @ModelAttribute, 0 @InitBinder, 1 RequestBodyAdvice, 1 ResponseBodyAdvice
2025-07-12 03:19:23 - ControllerAdvice beans: 1 @ExceptionHandler, 1 ResponseBodyAdvice
2025-07-12 03:19:23 - Initializing Spring TestDispatcherServlet ''
2025-07-12 03:19:23 - Initializing Servlet ''
2025-07-12 03:19:23 - Completed initialization in 0 ms
2025-07-12 03:19:23 - Mapped to com.singtel.network.controller.ServiceCatalogController#getAllCategories()
2025-07-12 03:19:23 - Fetching all service categories
2025-07-12 03:19:23 - Retrieved 1 service categories
2025-07-12 03:19:23 - Using 'application/json', given [*/*] and supported [application/json, application/*+json]
2025-07-12 03:19:23 - Writing [[ServiceCategoryResponse{id=861d7715-d5b9-4b04-aba0-0e7a6c5744a9, name='Business Internet', displayO (truncated)...]
]]></system-out>
  </testcase>
  <testcase name="getPopularServices_Success" classname="com.singtel.network.controller.ServiceCatalogControllerTest" time="0.013">
    <system-out><![CDATA[2025-07-12 03:19:23 - 14 mappings in org.springframework.web.servlet.mvc.method.annotation.RequestMappingHandlerMapping
2025-07-12 03:19:23 - ControllerAdvice beans: 0 @ModelAttribute, 0 @InitBinder, 1 RequestBodyAdvice, 1 ResponseBodyAdvice
2025-07-12 03:19:23 - ControllerAdvice beans: 1 @ExceptionHandler, 1 ResponseBodyAdvice
2025-07-12 03:19:23 - Initializing Spring TestDispatcherServlet ''
2025-07-12 03:19:23 - Initializing Servlet ''
2025-07-12 03:19:23 - Completed initialization in 0 ms
2025-07-12 03:19:23 - Mapped to com.singtel.network.controller.ServiceCatalogController#getPopularServices(int)
2025-07-12 03:19:23 - Fetching popular services with limit: 10
2025-07-12 03:19:23 - Retrieved 1 popular services
2025-07-12 03:19:23 - Using 'application/json', given [*/*] and supported [application/json, application/*+json]
2025-07-12 03:19:23 - Writing [[ServiceSummaryResponse{id=432cc164-8a50-4021-866d-5e4a5954c7c9, name='Business Fiber 500M', service (truncated)...]
]]></system-out>
  </testcase>
  <testcase name="getServiceTypes_Success" classname="com.singtel.network.controller.ServiceCatalogControllerTest" time="0.012">
    <system-out><![CDATA[2025-07-12 03:19:23 - 14 mappings in org.springframework.web.servlet.mvc.method.annotation.RequestMappingHandlerMapping
2025-07-12 03:19:23 - ControllerAdvice beans: 0 @ModelAttribute, 0 @InitBinder, 1 RequestBodyAdvice, 1 ResponseBodyAdvice
2025-07-12 03:19:23 - ControllerAdvice beans: 1 @ExceptionHandler, 1 ResponseBodyAdvice
2025-07-12 03:19:23 - Initializing Spring TestDispatcherServlet ''
2025-07-12 03:19:23 - Initializing Servlet ''
2025-07-12 03:19:23 - Completed initialization in 0 ms
2025-07-12 03:19:23 - Mapped to com.singtel.network.controller.ServiceCatalogController#getServiceTypes()
2025-07-12 03:19:23 - Fetching service types
2025-07-12 03:19:23 - Retrieved 3 service types
2025-07-12 03:19:23 - Using 'application/json', given [*/*] and supported [application/json, application/*+json]
2025-07-12 03:19:23 - Writing [[FIBER, VPN, DEDICATED]]
]]></system-out>
  </testcase>
</testsuite>