<?xml version="1.0" encoding="UTF-8"?>
<testsuite xmlns:xsi="http://www.w3.org/2001/XMLSchema-instance" xsi:noNamespaceSchemaLocation="https://maven.apache.org/surefire/maven-surefire-plugin/xsd/surefire-test-report-3.0.xsd" version="3.0" name="com.singtel.network.service.ServiceCatalogServiceTest" time="0.062" tests="19" errors="0" skipped="0" failures="0">
  <properties>
[...]
</properties>
  <testcase name="validateServiceOrder_ServiceNotAvailable" classname="com.singtel.network.service.ServiceCatalogServiceTest" time="0.036">
    <system-out><![CDATA[2025-07-12 03:19:24 - Validating service order - Service: d0201f63-48ed-47ef-9917-f3201b95a254, Bandwidth: 500 Mbps
]]></system-out>
  </testcase>
  <testcase name="getCategoryById_Success" classname="com.singtel.network.service.ServiceCatalogServiceTest" time="0.002">
    <system-out><![CDATA[2025-07-12 03:19:24 - Fetching service category by ID: cb728263-37c7-4534-9098-564d64ef7432
]]></system-out>
  </testcase>
  <testcase name="validateServiceOrder_Success" classname="com.singtel.network.service.ServiceCatalogServiceTest" time="0.001">
    <system-out><![CDATA[2025-07-12 03:19:24 - Validating service order - Service: aeb15909-c78b-4279-be09-8d52d8a69315, Bandwidth: 500 Mbps
]]></system-out>
  </testcase>
  <testcase name="getServicesByType_Success" classname="com.singtel.network.service.ServiceCatalogServiceTest" time="0.001">
    <system-out><![CDATA[2025-07-12 03:19:24 - Fetching services by type: FIBER
]]></system-out>
  </testcase>
  <testcase name="calculateServiceCost_Success" classname="com.singtel.network.service.ServiceCatalogServiceTest" time="0.001">
    <system-out><![CDATA[2025-07-12 03:19:24 - Calculating service cost for service: aa8e1d06-e89b-468c-88a1-c811e4870213 with bandwidth: 750 Mbps
]]></system-out>
  </testcase>
  <testcase name="getServicesByPriceRange_Success" classname="com.singtel.network.service.ServiceCatalogServiceTest" time="0.001">
    <system-out><![CDATA[2025-07-12 03:19:24 - Fetching services by price range: 200.00 - 400.00
]]></system-out>
  </testcase>
  <testcase name="getCategoryById_NotFound" classname="com.singtel.network.service.ServiceCatalogServiceTest" time="0.001">
    <system-out><![CDATA[2025-07-12 03:19:24 - Fetching service category by ID: 9bcd2fc7-8d29-4584-94a9-7413e678f1bc
]]></system-out>
  </testcase>
  <testcase name="getServiceById_Success" classname="com.singtel.network.service.ServiceCatalogServiceTest" time="0.001">
    <system-out><![CDATA[2025-07-12 03:19:24 - Fetching service by ID: 34f655e1-f676-492b-bad0-73d69599a157
]]></system-out>
  </testcase>
  <testcase name="getServicesByCategory_Success" classname="com.singtel.network.service.ServiceCatalogServiceTest" time="0.001">
    <system-out><![CDATA[2025-07-12 03:19:24 - Fetching services by category ID: c8547f42-a298-4c98-bbf2-667a4f781650
]]></system-out>
  </testcase>
  <testcase name="calculateServiceCost_ServiceNotFound" classname="com.singtel.network.service.ServiceCatalogServiceTest" time="0.002">
    <system-out><![CDATA[2025-07-12 03:19:24 - Calculating service cost for service: 51c5fe56-bd9e-4582-85ad-d36ae0f55030 with bandwidth: 500 Mbps
]]></system-out>
  </testcase>
  <testcase name="calculateServiceCost_InvalidBandwidth" classname="com.singtel.network.service.ServiceCatalogServiceTest" time="0.001">
    <system-out><![CDATA[2025-07-12 03:19:24 - Calculating service cost for service: 50defb38-cab7-4e1b-bbf6-71704a59542b with bandwidth: 50 Mbps
]]></system-out>
  </testcase>
  <testcase name="getServiceById_NotAvailable" classname="com.singtel.network.service.ServiceCatalogServiceTest" time="0.001">
    <system-out><![CDATA[2025-07-12 03:19:24 - Fetching service by ID: 97b8c112-ba84-4787-a28b-eb1054d5ff77
]]></system-out>
  </testcase>
  <testcase name="validateServiceOrder_InvalidBandwidth" classname="com.singtel.network.service.ServiceCatalogServiceTest" time="0.001">
    <system-out><![CDATA[2025-07-12 03:19:24 - Validating service order - Service: f2c6016a-f142-471e-8ff4-8786b15b9387, Bandwidth: 2000 Mbps
]]></system-out>
  </testcase>
  <testcase name="validateServiceOrder_ServiceNotFound" classname="com.singtel.network.service.ServiceCatalogServiceTest" time="0.001">
    <system-out><![CDATA[2025-07-12 03:19:24 - Validating service order - Service: a3d20851-eece-4196-a369-b01f17c029a8, Bandwidth: 500 Mbps
]]></system-out>
  </testcase>
  <testcase name="getAllActiveCategoriesWithPagination_Success" classname="com.singtel.network.service.ServiceCatalogServiceTest" time="0.001">
    <system-out><![CDATA[2025-07-12 03:19:24 - Fetching active service categories with pagination: Page request [number: 0, size 10, sort: UNSORTED]
]]></system-out>
  </testcase>
  <testcase name="getServiceById_NotFound" classname="com.singtel.network.service.ServiceCatalogServiceTest" time="0.001">
    <system-out><![CDATA[2025-07-12 03:19:24 - Fetching service by ID: e76b4c34-c937-480b-afc3-657cd25d9e43
]]></system-out>
  </testcase>
  <testcase name="searchServicesByName_Success" classname="com.singtel.network.service.ServiceCatalogServiceTest" time="0.001">
    <system-out><![CDATA[2025-07-12 03:19:24 - Searching services by name: Fiber
]]></system-out>
  </testcase>
  <testcase name="getAllAvailableServices_Success" classname="com.singtel.network.service.ServiceCatalogServiceTest" time="0.002">
    <system-out><![CDATA[2025-07-12 03:19:24 - Fetching all available services
]]></system-out>
  </testcase>
  <testcase name="getAllActiveCategories_Success" classname="com.singtel.network.service.ServiceCatalogServiceTest" time="0.001">
    <system-out><![CDATA[2025-07-12 03:19:24 - Fetching all active service categories
]]></system-out>
  </testcase>
</testsuite>