<?xml version="1.0" encoding="UTF-8"?>
<testsuite xmlns:xsi="http://www.w3.org/2001/XMLSchema-instance" xsi:noNamespaceSchemaLocation="https://maven.apache.org/surefire/maven-surefire-plugin/xsd/surefire-test-report-3.0.xsd" version="3.0" name="com.singtel.network.repository.ServiceRepositoryTest" time="0.3" tests="20" errors="0" skipped="0" failures="0">
  <properties>
[...]
</properties>
  <testcase name="findServicesWithoutSetupFee_Success" classname="com.singtel.network.repository.ServiceRepositoryTest" time="0.018">
    <system-out><![CDATA[2025-07-12 03:19:21 - Could not detect default configuration classes for test class [com.singtel.network.repository.ServiceRepositoryTest]: ServiceRepositoryTest does not declare any static, non-private, non-final, nested classes annotated with @Configuration.
2025-07-12 03:19:21 - Found @SpringBootConfiguration com.singtel.network.NetworkOnDemandApplication for test class com.singtel.network.repository.ServiceRepositoryTest
2025-07-12 03:19:21 - 
    insert 
    into
        singtel_app.service_categories
        (created_at, description, display_order, is_active, name, updated_at, id) 
    values
        (?, ?, ?, ?, ?, ?, ?)
Hibernate: 
    insert 
    into
        singtel_app.service_categories
        (created_at, description, display_order, is_active, name, updated_at, id) 
    values
        (?, ?, ?, ?, ?, ?, ?)
2025-07-12 03:19:21 - 
    insert 
    into
        singtel_app.services
        (base_bandwidth_mbps, base_price_monthly, category_id, contract_term_months, created_at, description, features, is_available, is_bandwidth_adjustable, max_bandwidth_mbps, min_bandwidth_mbps, name, price_per_mbps, provisioning_time_hours, service_type, setup_fee, technical_specs, updated_at, id) 
    values
        (?, ?, ?, ?, ?, ?, ?, ?, ?, ?, ?, ?, ?, ?, ?, ?, ?, ?, ?)
Hibernate: 
    insert 
    into
        singtel_app.services
        (base_bandwidth_mbps, base_price_monthly, category_id, contract_term_months, created_at, description, features, is_available, is_bandwidth_adjustable, max_bandwidth_mbps, min_bandwidth_mbps, name, price_per_mbps, provisioning_time_hours, service_type, setup_fee, technical_specs, updated_at, id) 
    values
        (?, ?, ?, ?, ?, ?, ?, ?, ?, ?, ?, ?, ?, ?, ?, ?, ?, ?, ?)
2025-07-12 03:19:21 - 
    insert 
    into
        singtel_app.services
        (base_bandwidth_mbps, base_price_monthly, category_id, contract_term_months, created_at, description, features, is_available, is_bandwidth_adjustable, max_bandwidth_mbps, min_bandwidth_mbps, name, price_per_mbps, provisioning_time_hours, service_type, setup_fee, technical_specs, updated_at, id) 
    values
        (?, ?, ?, ?, ?, ?, ?, ?, ?, ?, ?, ?, ?, ?, ?, ?, ?, ?, ?)
Hibernate: 
    insert 
    into
        singtel_app.services
        (base_bandwidth_mbps, base_price_monthly, category_id, contract_term_months, created_at, description, features, is_available, is_bandwidth_adjustable, max_bandwidth_mbps, min_bandwidth_mbps, name, price_per_mbps, provisioning_time_hours, service_type, setup_fee, technical_specs, updated_at, id) 
    values
        (?, ?, ?, ?, ?, ?, ?, ?, ?, ?, ?, ?, ?, ?, ?, ?, ?, ?, ?)
2025-07-12 03:19:21 - JDBC URL to connect to 'dataSource': url='jdbc:postgresql://localhost:35943/itxecebnckxn?user=postgres&password=docker', scope='ServiceRepositoryTest#findServicesWithoutSetupFee_Success'
2025-07-12 03:19:21 - 
    insert 
    into
        singtel_app.services
        (base_bandwidth_mbps, base_price_monthly, category_id, contract_term_months, created_at, description, features, is_available, is_bandwidth_adjustable, max_bandwidth_mbps, min_bandwidth_mbps, name, price_per_mbps, provisioning_time_hours, service_type, setup_fee, technical_specs, updated_at, id) 
    values
        (?, ?, ?, ?, ?, ?, ?, ?, ?, ?, ?, ?, ?, ?, ?, ?, ?, ?, ?)
Hibernate: 
    insert 
    into
        singtel_app.services
        (base_bandwidth_mbps, base_price_monthly, category_id, contract_term_months, created_at, description, features, is_available, is_bandwidth_adjustable, max_bandwidth_mbps, min_bandwidth_mbps, name, price_per_mbps, provisioning_time_hours, service_type, setup_fee, technical_specs, updated_at, id) 
    values
        (?, ?, ?, ?, ?, ?, ?, ?, ?, ?, ?, ?, ?, ?, ?, ?, ?, ?, ?)
2025-07-12 03:19:21 - 
    select
        s1_0.id,
        s1_0.base_bandwidth_mbps,
        s1_0.base_price_monthly,
        s1_0.category_id,
        s1_0.contract_term_months,
        s1_0.created_at,
        s1_0.description,
        s1_0.features,
        s1_0.is_available,
        s1_0.is_bandwidth_adjustable,
        s1_0.max_bandwidth_mbps,
        s1_0.min_bandwidth_mbps,
        s1_0.name,
        s1_0.price_per_mbps,
        s1_0.provisioning_time_hours,
        s1_0.service_type,
        s1_0.setup_fee,
        s1_0.technical_specs,
        s1_0.updated_at 
    from
        singtel_app.services s1_0 
    where
        (
            s1_0.setup_fee is null 
            or s1_0.setup_fee=0
        ) 
        and s1_0.is_available=true
Hibernate: 
    select
        s1_0.id,
        s1_0.base_bandwidth_mbps,
        s1_0.base_price_monthly,
        s1_0.category_id,
        s1_0.contract_term_months,
        s1_0.created_at,
        s1_0.description,
        s1_0.features,
        s1_0.is_available,
        s1_0.is_bandwidth_adjustable,
        s1_0.max_bandwidth_mbps,
        s1_0.min_bandwidth_mbps,
        s1_0.name,
        s1_0.price_per_mbps,
        s1_0.provisioning_time_hours,
        s1_0.service_type,
        s1_0.setup_fee,
        s1_0.technical_specs,
        s1_0.updated_at 
    from
        singtel_app.services s1_0 
    where
        (
            s1_0.setup_fee is null 
            or s1_0.setup_fee=0
        ) 
        and s1_0.is_available=true
]]></system-out>
  </testcase>
  <testcase name="countByCategoryId_Success" classname="com.singtel.network.repository.ServiceRepositoryTest" time="0.015">
    <system-out><![CDATA[2025-07-12 03:19:21 - 
    insert 
    into
        singtel_app.service_categories
        (created_at, description, display_order, is_active, name, updated_at, id) 
    values
        (?, ?, ?, ?, ?, ?, ?)
Hibernate: 
    insert 
    into
        singtel_app.service_categories
        (created_at, description, display_order, is_active, name, updated_at, id) 
    values
        (?, ?, ?, ?, ?, ?, ?)
2025-07-12 03:19:21 - 
    insert 
    into
        singtel_app.services
        (base_bandwidth_mbps, base_price_monthly, category_id, contract_term_months, created_at, description, features, is_available, is_bandwidth_adjustable, max_bandwidth_mbps, min_bandwidth_mbps, name, price_per_mbps, provisioning_time_hours, service_type, setup_fee, technical_specs, updated_at, id) 
    values
        (?, ?, ?, ?, ?, ?, ?, ?, ?, ?, ?, ?, ?, ?, ?, ?, ?, ?, ?)
Hibernate: 
    insert 
    into
        singtel_app.services
        (base_bandwidth_mbps, base_price_monthly, category_id, contract_term_months, created_at, description, features, is_available, is_bandwidth_adjustable, max_bandwidth_mbps, min_bandwidth_mbps, name, price_per_mbps, provisioning_time_hours, service_type, setup_fee, technical_specs, updated_at, id) 
    values
        (?, ?, ?, ?, ?, ?, ?, ?, ?, ?, ?, ?, ?, ?, ?, ?, ?, ?, ?)
2025-07-12 03:19:21 - 
    insert 
    into
        singtel_app.services
        (base_bandwidth_mbps, base_price_monthly, category_id, contract_term_months, created_at, description, features, is_available, is_bandwidth_adjustable, max_bandwidth_mbps, min_bandwidth_mbps, name, price_per_mbps, provisioning_time_hours, service_type, setup_fee, technical_specs, updated_at, id) 
    values
        (?, ?, ?, ?, ?, ?, ?, ?, ?, ?, ?, ?, ?, ?, ?, ?, ?, ?, ?)
Hibernate: 
    insert 
    into
        singtel_app.services
        (base_bandwidth_mbps, base_price_monthly, category_id, contract_term_months, created_at, description, features, is_available, is_bandwidth_adjustable, max_bandwidth_mbps, min_bandwidth_mbps, name, price_per_mbps, provisioning_time_hours, service_type, setup_fee, technical_specs, updated_at, id) 
    values
        (?, ?, ?, ?, ?, ?, ?, ?, ?, ?, ?, ?, ?, ?, ?, ?, ?, ?, ?)
2025-07-12 03:19:21 - JDBC URL to connect to 'dataSource': url='jdbc:postgresql://localhost:35943/itxecebnckxn?user=postgres&password=docker', scope='ServiceRepositoryTest#countByCategoryId_Success'
2025-07-12 03:19:21 - 
    select
        count(s1_0.id) 
    from
        singtel_app.services s1_0 
    where
        s1_0.category_id=?
Hibernate: 
    select
        count(s1_0.id) 
    from
        singtel_app.services s1_0 
    where
        s1_0.category_id=?
]]></system-out>
  </testcase>
  <testcase name="findByCategoryAndType_Success" classname="com.singtel.network.repository.ServiceRepositoryTest" time="0.017">
    <system-out><![CDATA[2025-07-12 03:19:21 - 
    insert 
    into
        singtel_app.service_categories
        (created_at, description, display_order, is_active, name, updated_at, id) 
    values
        (?, ?, ?, ?, ?, ?, ?)
Hibernate: 
    insert 
    into
        singtel_app.service_categories
        (created_at, description, display_order, is_active, name, updated_at, id) 
    values
        (?, ?, ?, ?, ?, ?, ?)
2025-07-12 03:19:21 - 
    insert 
    into
        singtel_app.services
        (base_bandwidth_mbps, base_price_monthly, category_id, contract_term_months, created_at, description, features, is_available, is_bandwidth_adjustable, max_bandwidth_mbps, min_bandwidth_mbps, name, price_per_mbps, provisioning_time_hours, service_type, setup_fee, technical_specs, updated_at, id) 
    values
        (?, ?, ?, ?, ?, ?, ?, ?, ?, ?, ?, ?, ?, ?, ?, ?, ?, ?, ?)
Hibernate: 
    insert 
    into
        singtel_app.services
        (base_bandwidth_mbps, base_price_monthly, category_id, contract_term_months, created_at, description, features, is_available, is_bandwidth_adjustable, max_bandwidth_mbps, min_bandwidth_mbps, name, price_per_mbps, provisioning_time_hours, service_type, setup_fee, technical_specs, updated_at, id) 
    values
        (?, ?, ?, ?, ?, ?, ?, ?, ?, ?, ?, ?, ?, ?, ?, ?, ?, ?, ?)
2025-07-12 03:19:21 - 
    insert 
    into
        singtel_app.services
        (base_bandwidth_mbps, base_price_monthly, category_id, contract_term_months, created_at, description, features, is_available, is_bandwidth_adjustable, max_bandwidth_mbps, min_bandwidth_mbps, name, price_per_mbps, provisioning_time_hours, service_type, setup_fee, technical_specs, updated_at, id) 
    values
        (?, ?, ?, ?, ?, ?, ?, ?, ?, ?, ?, ?, ?, ?, ?, ?, ?, ?, ?)
Hibernate: 
    insert 
    into
        singtel_app.services
        (base_bandwidth_mbps, base_price_monthly, category_id, contract_term_months, created_at, description, features, is_available, is_bandwidth_adjustable, max_bandwidth_mbps, min_bandwidth_mbps, name, price_per_mbps, provisioning_time_hours, service_type, setup_fee, technical_specs, updated_at, id) 
    values
        (?, ?, ?, ?, ?, ?, ?, ?, ?, ?, ?, ?, ?, ?, ?, ?, ?, ?, ?)
2025-07-12 03:19:21 - JDBC URL to connect to 'dataSource': url='jdbc:postgresql://localhost:35943/itxecebnckxn?user=postgres&password=docker', scope='ServiceRepositoryTest#findByCategoryAndType_Success'
2025-07-12 03:19:21 - 
    select
        s1_0.id,
        s1_0.base_bandwidth_mbps,
        s1_0.base_price_monthly,
        s1_0.category_id,
        s1_0.contract_term_months,
        s1_0.created_at,
        s1_0.description,
        s1_0.features,
        s1_0.is_available,
        s1_0.is_bandwidth_adjustable,
        s1_0.max_bandwidth_mbps,
        s1_0.min_bandwidth_mbps,
        s1_0.name,
        s1_0.price_per_mbps,
        s1_0.provisioning_time_hours,
        s1_0.service_type,
        s1_0.setup_fee,
        s1_0.technical_specs,
        s1_0.updated_at 
    from
        singtel_app.services s1_0 
    where
        s1_0.category_id=? 
        and s1_0.service_type=? 
        and s1_0.is_available=true
Hibernate: 
    select
        s1_0.id,
        s1_0.base_bandwidth_mbps,
        s1_0.base_price_monthly,
        s1_0.category_id,
        s1_0.contract_term_months,
        s1_0.created_at,
        s1_0.description,
        s1_0.features,
        s1_0.is_available,
        s1_0.is_bandwidth_adjustable,
        s1_0.max_bandwidth_mbps,
        s1_0.min_bandwidth_mbps,
        s1_0.name,
        s1_0.price_per_mbps,
        s1_0.provisioning_time_hours,
        s1_0.service_type,
        s1_0.setup_fee,
        s1_0.technical_specs,
        s1_0.updated_at 
    from
        singtel_app.services s1_0 
    where
        s1_0.category_id=? 
        and s1_0.service_type=? 
        and s1_0.is_available=true
]]></system-out>
  </testcase>
  <testcase name="countAvailableServices_Success" classname="com.singtel.network.repository.ServiceRepositoryTest" time="0.02">
    <system-out><![CDATA[2025-07-12 03:19:21 - 
    insert 
    into
        singtel_app.service_categories
        (created_at, description, display_order, is_active, name, updated_at, id) 
    values
        (?, ?, ?, ?, ?, ?, ?)
Hibernate: 
    insert 
    into
        singtel_app.service_categories
        (created_at, description, display_order, is_active, name, updated_at, id) 
    values
        (?, ?, ?, ?, ?, ?, ?)
2025-07-12 03:19:21 - 
    insert 
    into
        singtel_app.services
        (base_bandwidth_mbps, base_price_monthly, category_id, contract_term_months, created_at, description, features, is_available, is_bandwidth_adjustable, max_bandwidth_mbps, min_bandwidth_mbps, name, price_per_mbps, provisioning_time_hours, service_type, setup_fee, technical_specs, updated_at, id) 
    values
        (?, ?, ?, ?, ?, ?, ?, ?, ?, ?, ?, ?, ?, ?, ?, ?, ?, ?, ?)
Hibernate: 
    insert 
    into
        singtel_app.services
        (base_bandwidth_mbps, base_price_monthly, category_id, contract_term_months, created_at, description, features, is_available, is_bandwidth_adjustable, max_bandwidth_mbps, min_bandwidth_mbps, name, price_per_mbps, provisioning_time_hours, service_type, setup_fee, technical_specs, updated_at, id) 
    values
        (?, ?, ?, ?, ?, ?, ?, ?, ?, ?, ?, ?, ?, ?, ?, ?, ?, ?, ?)
2025-07-12 03:19:21 - 
    insert 
    into
        singtel_app.services
        (base_bandwidth_mbps, base_price_monthly, category_id, contract_term_months, created_at, description, features, is_available, is_bandwidth_adjustable, max_bandwidth_mbps, min_bandwidth_mbps, name, price_per_mbps, provisioning_time_hours, service_type, setup_fee, technical_specs, updated_at, id) 
    values
        (?, ?, ?, ?, ?, ?, ?, ?, ?, ?, ?, ?, ?, ?, ?, ?, ?, ?, ?)
Hibernate: 
    insert 
    into
        singtel_app.services
        (base_bandwidth_mbps, base_price_monthly, category_id, contract_term_months, created_at, description, features, is_available, is_bandwidth_adjustable, max_bandwidth_mbps, min_bandwidth_mbps, name, price_per_mbps, provisioning_time_hours, service_type, setup_fee, technical_specs, updated_at, id) 
    values
        (?, ?, ?, ?, ?, ?, ?, ?, ?, ?, ?, ?, ?, ?, ?, ?, ?, ?, ?)
2025-07-12 03:19:21 - JDBC URL to connect to 'dataSource': url='jdbc:postgresql://localhost:35943/itxecebnckxn?user=postgres&password=docker', scope='ServiceRepositoryTest#countAvailableServices_Success'
2025-07-12 03:19:21 - 
    select
        count(s1_0.id) 
    from
        singtel_app.services s1_0 
    where
        s1_0.is_available=true
Hibernate: 
    select
        count(s1_0.id) 
    from
        singtel_app.services s1_0 
    where
        s1_0.is_available=true
]]></system-out>
  </testcase>
  <testcase name="findByPriceRange_Success" classname="com.singtel.network.repository.ServiceRepositoryTest" time="0.014">
    <system-out><![CDATA[2025-07-12 03:19:21 - 
    insert 
    into
        singtel_app.service_categories
        (created_at, description, display_order, is_active, name, updated_at, id) 
    values
        (?, ?, ?, ?, ?, ?, ?)
Hibernate: 
    insert 
    into
        singtel_app.service_categories
        (created_at, description, display_order, is_active, name, updated_at, id) 
    values
        (?, ?, ?, ?, ?, ?, ?)
2025-07-12 03:19:21 - 
    insert 
    into
        singtel_app.services
        (base_bandwidth_mbps, base_price_monthly, category_id, contract_term_months, created_at, description, features, is_available, is_bandwidth_adjustable, max_bandwidth_mbps, min_bandwidth_mbps, name, price_per_mbps, provisioning_time_hours, service_type, setup_fee, technical_specs, updated_at, id) 
    values
        (?, ?, ?, ?, ?, ?, ?, ?, ?, ?, ?, ?, ?, ?, ?, ?, ?, ?, ?)
Hibernate: 
    insert 
    into
        singtel_app.services
        (base_bandwidth_mbps, base_price_monthly, category_id, contract_term_months, created_at, description, features, is_available, is_bandwidth_adjustable, max_bandwidth_mbps, min_bandwidth_mbps, name, price_per_mbps, provisioning_time_hours, service_type, setup_fee, technical_specs, updated_at, id) 
    values
        (?, ?, ?, ?, ?, ?, ?, ?, ?, ?, ?, ?, ?, ?, ?, ?, ?, ?, ?)
2025-07-12 03:19:21 - 
    insert 
    into
        singtel_app.services
        (base_bandwidth_mbps, base_price_monthly, category_id, contract_term_months, created_at, description, features, is_available, is_bandwidth_adjustable, max_bandwidth_mbps, min_bandwidth_mbps, name, price_per_mbps, provisioning_time_hours, service_type, setup_fee, technical_specs, updated_at, id) 
    values
        (?, ?, ?, ?, ?, ?, ?, ?, ?, ?, ?, ?, ?, ?, ?, ?, ?, ?, ?)
Hibernate: 
    insert 
    into
        singtel_app.services
        (base_bandwidth_mbps, base_price_monthly, category_id, contract_term_months, created_at, description, features, is_available, is_bandwidth_adjustable, max_bandwidth_mbps, min_bandwidth_mbps, name, price_per_mbps, provisioning_time_hours, service_type, setup_fee, technical_specs, updated_at, id) 
    values
        (?, ?, ?, ?, ?, ?, ?, ?, ?, ?, ?, ?, ?, ?, ?, ?, ?, ?, ?)
2025-07-12 03:19:21 - JDBC URL to connect to 'dataSource': url='jdbc:postgresql://localhost:35943/itxecebnckxn?user=postgres&password=docker', scope='ServiceRepositoryTest#findByPriceRange_Success'
2025-07-12 03:19:21 - 
    select
        s1_0.id,
        s1_0.base_bandwidth_mbps,
        s1_0.base_price_monthly,
        s1_0.category_id,
        s1_0.contract_term_months,
        s1_0.created_at,
        s1_0.description,
        s1_0.features,
        s1_0.is_available,
        s1_0.is_bandwidth_adjustable,
        s1_0.max_bandwidth_mbps,
        s1_0.min_bandwidth_mbps,
        s1_0.name,
        s1_0.price_per_mbps,
        s1_0.provisioning_time_hours,
        s1_0.service_type,
        s1_0.setup_fee,
        s1_0.technical_specs,
        s1_0.updated_at 
    from
        singtel_app.services s1_0 
    where
        s1_0.base_price_monthly between ? and ? 
        and s1_0.is_available=true
Hibernate: 
    select
        s1_0.id,
        s1_0.base_bandwidth_mbps,
        s1_0.base_price_monthly,
        s1_0.category_id,
        s1_0.contract_term_months,
        s1_0.created_at,
        s1_0.description,
        s1_0.features,
        s1_0.is_available,
        s1_0.is_bandwidth_adjustable,
        s1_0.max_bandwidth_mbps,
        s1_0.min_bandwidth_mbps,
        s1_0.name,
        s1_0.price_per_mbps,
        s1_0.provisioning_time_hours,
        s1_0.service_type,
        s1_0.setup_fee,
        s1_0.technical_specs,
        s1_0.updated_at 
    from
        singtel_app.services s1_0 
    where
        s1_0.base_price_monthly between ? and ? 
        and s1_0.is_available=true
]]></system-out>
  </testcase>
  <testcase name="findServicesWithSetupFee_Success" classname="com.singtel.network.repository.ServiceRepositoryTest" time="0.014">
    <system-out><![CDATA[2025-07-12 03:19:21 - 
    insert 
    into
        singtel_app.service_categories
        (created_at, description, display_order, is_active, name, updated_at, id) 
    values
        (?, ?, ?, ?, ?, ?, ?)
Hibernate: 
    insert 
    into
        singtel_app.service_categories
        (created_at, description, display_order, is_active, name, updated_at, id) 
    values
        (?, ?, ?, ?, ?, ?, ?)
2025-07-12 03:19:21 - 
    insert 
    into
        singtel_app.services
        (base_bandwidth_mbps, base_price_monthly, category_id, contract_term_months, created_at, description, features, is_available, is_bandwidth_adjustable, max_bandwidth_mbps, min_bandwidth_mbps, name, price_per_mbps, provisioning_time_hours, service_type, setup_fee, technical_specs, updated_at, id) 
    values
        (?, ?, ?, ?, ?, ?, ?, ?, ?, ?, ?, ?, ?, ?, ?, ?, ?, ?, ?)
Hibernate: 
    insert 
    into
        singtel_app.services
        (base_bandwidth_mbps, base_price_monthly, category_id, contract_term_months, created_at, description, features, is_available, is_bandwidth_adjustable, max_bandwidth_mbps, min_bandwidth_mbps, name, price_per_mbps, provisioning_time_hours, service_type, setup_fee, technical_specs, updated_at, id) 
    values
        (?, ?, ?, ?, ?, ?, ?, ?, ?, ?, ?, ?, ?, ?, ?, ?, ?, ?, ?)
2025-07-12 03:19:21 - 
    insert 
    into
        singtel_app.services
        (base_bandwidth_mbps, base_price_monthly, category_id, contract_term_months, created_at, description, features, is_available, is_bandwidth_adjustable, max_bandwidth_mbps, min_bandwidth_mbps, name, price_per_mbps, provisioning_time_hours, service_type, setup_fee, technical_specs, updated_at, id) 
    values
        (?, ?, ?, ?, ?, ?, ?, ?, ?, ?, ?, ?, ?, ?, ?, ?, ?, ?, ?)
Hibernate: 
    insert 
    into
        singtel_app.services
        (base_bandwidth_mbps, base_price_monthly, category_id, contract_term_months, created_at, description, features, is_available, is_bandwidth_adjustable, max_bandwidth_mbps, min_bandwidth_mbps, name, price_per_mbps, provisioning_time_hours, service_type, setup_fee, technical_specs, updated_at, id) 
    values
        (?, ?, ?, ?, ?, ?, ?, ?, ?, ?, ?, ?, ?, ?, ?, ?, ?, ?, ?)
2025-07-12 03:19:21 - JDBC URL to connect to 'dataSource': url='jdbc:postgresql://localhost:35943/itxecebnckxn?user=postgres&password=docker', scope='ServiceRepositoryTest#findServicesWithSetupFee_Success'
2025-07-12 03:19:21 - 
    select
        s1_0.id,
        s1_0.base_bandwidth_mbps,
        s1_0.base_price_monthly,
        s1_0.category_id,
        s1_0.contract_term_months,
        s1_0.created_at,
        s1_0.description,
        s1_0.features,
        s1_0.is_available,
        s1_0.is_bandwidth_adjustable,
        s1_0.max_bandwidth_mbps,
        s1_0.min_bandwidth_mbps,
        s1_0.name,
        s1_0.price_per_mbps,
        s1_0.provisioning_time_hours,
        s1_0.service_type,
        s1_0.setup_fee,
        s1_0.technical_specs,
        s1_0.updated_at 
    from
        singtel_app.services s1_0 
    where
        s1_0.setup_fee>0 
        and s1_0.is_available=true
Hibernate: 
    select
        s1_0.id,
        s1_0.base_bandwidth_mbps,
        s1_0.base_price_monthly,
        s1_0.category_id,
        s1_0.contract_term_months,
        s1_0.created_at,
        s1_0.description,
        s1_0.features,
        s1_0.is_available,
        s1_0.is_bandwidth_adjustable,
        s1_0.max_bandwidth_mbps,
        s1_0.min_bandwidth_mbps,
        s1_0.name,
        s1_0.price_per_mbps,
        s1_0.provisioning_time_hours,
        s1_0.service_type,
        s1_0.setup_fee,
        s1_0.technical_specs,
        s1_0.updated_at 
    from
        singtel_app.services s1_0 
    where
        s1_0.setup_fee>0 
        and s1_0.is_available=true
]]></system-out>
  </testcase>
  <testcase name="searchServices_Success" classname="com.singtel.network.repository.ServiceRepositoryTest" time="0.015">
    <system-out><![CDATA[2025-07-12 03:19:21 - 
    insert 
    into
        singtel_app.service_categories
        (created_at, description, display_order, is_active, name, updated_at, id) 
    values
        (?, ?, ?, ?, ?, ?, ?)
Hibernate: 
    insert 
    into
        singtel_app.service_categories
        (created_at, description, display_order, is_active, name, updated_at, id) 
    values
        (?, ?, ?, ?, ?, ?, ?)
2025-07-12 03:19:21 - 
    insert 
    into
        singtel_app.services
        (base_bandwidth_mbps, base_price_monthly, category_id, contract_term_months, created_at, description, features, is_available, is_bandwidth_adjustable, max_bandwidth_mbps, min_bandwidth_mbps, name, price_per_mbps, provisioning_time_hours, service_type, setup_fee, technical_specs, updated_at, id) 
    values
        (?, ?, ?, ?, ?, ?, ?, ?, ?, ?, ?, ?, ?, ?, ?, ?, ?, ?, ?)
Hibernate: 
    insert 
    into
        singtel_app.services
        (base_bandwidth_mbps, base_price_monthly, category_id, contract_term_months, created_at, description, features, is_available, is_bandwidth_adjustable, max_bandwidth_mbps, min_bandwidth_mbps, name, price_per_mbps, provisioning_time_hours, service_type, setup_fee, technical_specs, updated_at, id) 
    values
        (?, ?, ?, ?, ?, ?, ?, ?, ?, ?, ?, ?, ?, ?, ?, ?, ?, ?, ?)
2025-07-12 03:19:21 - 
    insert 
    into
        singtel_app.services
        (base_bandwidth_mbps, base_price_monthly, category_id, contract_term_months, created_at, description, features, is_available, is_bandwidth_adjustable, max_bandwidth_mbps, min_bandwidth_mbps, name, price_per_mbps, provisioning_time_hours, service_type, setup_fee, technical_specs, updated_at, id) 
    values
        (?, ?, ?, ?, ?, ?, ?, ?, ?, ?, ?, ?, ?, ?, ?, ?, ?, ?, ?)
Hibernate: 
    insert 
    into
        singtel_app.services
        (base_bandwidth_mbps, base_price_monthly, category_id, contract_term_months, created_at, description, features, is_available, is_bandwidth_adjustable, max_bandwidth_mbps, min_bandwidth_mbps, name, price_per_mbps, provisioning_time_hours, service_type, setup_fee, technical_specs, updated_at, id) 
    values
        (?, ?, ?, ?, ?, ?, ?, ?, ?, ?, ?, ?, ?, ?, ?, ?, ?, ?, ?)
2025-07-12 03:19:21 - JDBC URL to connect to 'dataSource': url='jdbc:postgresql://localhost:35943/itxecebnckxn?user=postgres&password=docker', scope='ServiceRepositoryTest#searchServices_Success'
2025-07-12 03:19:21 - 
    select
        s1_0.id,
        s1_0.base_bandwidth_mbps,
        s1_0.base_price_monthly,
        s1_0.category_id,
        s1_0.contract_term_months,
        s1_0.created_at,
        s1_0.description,
        s1_0.features,
        s1_0.is_available,
        s1_0.is_bandwidth_adjustable,
        s1_0.max_bandwidth_mbps,
        s1_0.min_bandwidth_mbps,
        s1_0.name,
        s1_0.price_per_mbps,
        s1_0.provisioning_time_hours,
        s1_0.service_type,
        s1_0.setup_fee,
        s1_0.technical_specs,
        s1_0.updated_at 
    from
        singtel_app.services s1_0 
    where
        (
            ? is null 
            or s1_0.category_id=?
        ) 
        and (
            ? is null 
            or s1_0.service_type=?
        ) 
        and (
            ? is null 
            or s1_0.base_price_monthly>=?
        ) 
        and (
            ? is null 
            or s1_0.base_price_monthly<=?
        ) 
        and (
            ? is null 
            or s1_0.base_bandwidth_mbps>=?
        ) 
        and (
            ? is null 
            or s1_0.base_bandwidth_mbps<=?
        ) 
        and (
            ? is null 
            or s1_0.is_bandwidth_adjustable=?
        ) 
        and s1_0.is_available=true 
    offset
        ? rows 
    fetch
        first ? rows only
Hibernate: 
    select
        s1_0.id,
        s1_0.base_bandwidth_mbps,
        s1_0.base_price_monthly,
        s1_0.category_id,
        s1_0.contract_term_months,
        s1_0.created_at,
        s1_0.description,
        s1_0.features,
        s1_0.is_available,
        s1_0.is_bandwidth_adjustable,
        s1_0.max_bandwidth_mbps,
        s1_0.min_bandwidth_mbps,
        s1_0.name,
        s1_0.price_per_mbps,
        s1_0.provisioning_time_hours,
        s1_0.service_type,
        s1_0.setup_fee,
        s1_0.technical_specs,
        s1_0.updated_at 
    from
        singtel_app.services s1_0 
    where
        (
            ? is null 
            or s1_0.category_id=?
        ) 
        and (
            ? is null 
            or s1_0.service_type=?
        ) 
        and (
            ? is null 
            or s1_0.base_price_monthly>=?
        ) 
        and (
            ? is null 
            or s1_0.base_price_monthly<=?
        ) 
        and (
            ? is null 
            or s1_0.base_bandwidth_mbps>=?
        ) 
        and (
            ? is null 
            or s1_0.base_bandwidth_mbps<=?
        ) 
        and (
            ? is null 
            or s1_0.is_bandwidth_adjustable=?
        ) 
        and s1_0.is_available=true 
    offset
        ? rows 
    fetch
        first ? rows only
]]></system-out>
  </testcase>
  <testcase name="findByIsAvailable_Success" classname="com.singtel.network.repository.ServiceRepositoryTest" time="0.013">
    <system-out><![CDATA[2025-07-12 03:19:21 - 
    insert 
    into
        singtel_app.service_categories
        (created_at, description, display_order, is_active, name, updated_at, id) 
    values
        (?, ?, ?, ?, ?, ?, ?)
Hibernate: 
    insert 
    into
        singtel_app.service_categories
        (created_at, description, display_order, is_active, name, updated_at, id) 
    values
        (?, ?, ?, ?, ?, ?, ?)
2025-07-12 03:19:21 - 
    insert 
    into
        singtel_app.services
        (base_bandwidth_mbps, base_price_monthly, category_id, contract_term_months, created_at, description, features, is_available, is_bandwidth_adjustable, max_bandwidth_mbps, min_bandwidth_mbps, name, price_per_mbps, provisioning_time_hours, service_type, setup_fee, technical_specs, updated_at, id) 
    values
        (?, ?, ?, ?, ?, ?, ?, ?, ?, ?, ?, ?, ?, ?, ?, ?, ?, ?, ?)
Hibernate: 
    insert 
    into
        singtel_app.services
        (base_bandwidth_mbps, base_price_monthly, category_id, contract_term_months, created_at, description, features, is_available, is_bandwidth_adjustable, max_bandwidth_mbps, min_bandwidth_mbps, name, price_per_mbps, provisioning_time_hours, service_type, setup_fee, technical_specs, updated_at, id) 
    values
        (?, ?, ?, ?, ?, ?, ?, ?, ?, ?, ?, ?, ?, ?, ?, ?, ?, ?, ?)
2025-07-12 03:19:21 - 
    insert 
    into
        singtel_app.services
        (base_bandwidth_mbps, base_price_monthly, category_id, contract_term_months, created_at, description, features, is_available, is_bandwidth_adjustable, max_bandwidth_mbps, min_bandwidth_mbps, name, price_per_mbps, provisioning_time_hours, service_type, setup_fee, technical_specs, updated_at, id) 
    values
        (?, ?, ?, ?, ?, ?, ?, ?, ?, ?, ?, ?, ?, ?, ?, ?, ?, ?, ?)
Hibernate: 
    insert 
    into
        singtel_app.services
        (base_bandwidth_mbps, base_price_monthly, category_id, contract_term_months, created_at, description, features, is_available, is_bandwidth_adjustable, max_bandwidth_mbps, min_bandwidth_mbps, name, price_per_mbps, provisioning_time_hours, service_type, setup_fee, technical_specs, updated_at, id) 
    values
        (?, ?, ?, ?, ?, ?, ?, ?, ?, ?, ?, ?, ?, ?, ?, ?, ?, ?, ?)
2025-07-12 03:19:21 - JDBC URL to connect to 'dataSource': url='jdbc:postgresql://localhost:35943/itxecebnckxn?user=postgres&password=docker', scope='ServiceRepositoryTest#findByIsAvailable_Success'
2025-07-12 03:19:21 - 
    select
        s1_0.id,
        s1_0.base_bandwidth_mbps,
        s1_0.base_price_monthly,
        s1_0.category_id,
        s1_0.contract_term_months,
        s1_0.created_at,
        s1_0.description,
        s1_0.features,
        s1_0.is_available,
        s1_0.is_bandwidth_adjustable,
        s1_0.max_bandwidth_mbps,
        s1_0.min_bandwidth_mbps,
        s1_0.name,
        s1_0.price_per_mbps,
        s1_0.provisioning_time_hours,
        s1_0.service_type,
        s1_0.setup_fee,
        s1_0.technical_specs,
        s1_0.updated_at 
    from
        singtel_app.services s1_0 
    where
        s1_0.is_available=?
Hibernate: 
    select
        s1_0.id,
        s1_0.base_bandwidth_mbps,
        s1_0.base_price_monthly,
        s1_0.category_id,
        s1_0.contract_term_months,
        s1_0.created_at,
        s1_0.description,
        s1_0.features,
        s1_0.is_available,
        s1_0.is_bandwidth_adjustable,
        s1_0.max_bandwidth_mbps,
        s1_0.min_bandwidth_mbps,
        s1_0.name,
        s1_0.price_per_mbps,
        s1_0.provisioning_time_hours,
        s1_0.service_type,
        s1_0.setup_fee,
        s1_0.technical_specs,
        s1_0.updated_at 
    from
        singtel_app.services s1_0 
    where
        s1_0.is_available=?
]]></system-out>
  </testcase>
  <testcase name="findByBandwidthRange_Success" classname="com.singtel.network.repository.ServiceRepositoryTest" time="0.012">
    <system-out><![CDATA[2025-07-12 03:19:21 - 
    insert 
    into
        singtel_app.service_categories
        (created_at, description, display_order, is_active, name, updated_at, id) 
    values
        (?, ?, ?, ?, ?, ?, ?)
Hibernate: 
    insert 
    into
        singtel_app.service_categories
        (created_at, description, display_order, is_active, name, updated_at, id) 
    values
        (?, ?, ?, ?, ?, ?, ?)
2025-07-12 03:19:21 - 
    insert 
    into
        singtel_app.services
        (base_bandwidth_mbps, base_price_monthly, category_id, contract_term_months, created_at, description, features, is_available, is_bandwidth_adjustable, max_bandwidth_mbps, min_bandwidth_mbps, name, price_per_mbps, provisioning_time_hours, service_type, setup_fee, technical_specs, updated_at, id) 
    values
        (?, ?, ?, ?, ?, ?, ?, ?, ?, ?, ?, ?, ?, ?, ?, ?, ?, ?, ?)
Hibernate: 
    insert 
    into
        singtel_app.services
        (base_bandwidth_mbps, base_price_monthly, category_id, contract_term_months, created_at, description, features, is_available, is_bandwidth_adjustable, max_bandwidth_mbps, min_bandwidth_mbps, name, price_per_mbps, provisioning_time_hours, service_type, setup_fee, technical_specs, updated_at, id) 
    values
        (?, ?, ?, ?, ?, ?, ?, ?, ?, ?, ?, ?, ?, ?, ?, ?, ?, ?, ?)
2025-07-12 03:19:21 - 
    insert 
    into
        singtel_app.services
        (base_bandwidth_mbps, base_price_monthly, category_id, contract_term_months, created_at, description, features, is_available, is_bandwidth_adjustable, max_bandwidth_mbps, min_bandwidth_mbps, name, price_per_mbps, provisioning_time_hours, service_type, setup_fee, technical_specs, updated_at, id) 
    values
        (?, ?, ?, ?, ?, ?, ?, ?, ?, ?, ?, ?, ?, ?, ?, ?, ?, ?, ?)
Hibernate: 
    insert 
    into
        singtel_app.services
        (base_bandwidth_mbps, base_price_monthly, category_id, contract_term_months, created_at, description, features, is_available, is_bandwidth_adjustable, max_bandwidth_mbps, min_bandwidth_mbps, name, price_per_mbps, provisioning_time_hours, service_type, setup_fee, technical_specs, updated_at, id) 
    values
        (?, ?, ?, ?, ?, ?, ?, ?, ?, ?, ?, ?, ?, ?, ?, ?, ?, ?, ?)
2025-07-12 03:19:21 - JDBC URL to connect to 'dataSource': url='jdbc:postgresql://localhost:35943/itxecebnckxn?user=postgres&password=docker', scope='ServiceRepositoryTest#findByBandwidthRange_Success'
2025-07-12 03:19:21 - 
    select
        s1_0.id,
        s1_0.base_bandwidth_mbps,
        s1_0.base_price_monthly,
        s1_0.category_id,
        s1_0.contract_term_months,
        s1_0.created_at,
        s1_0.description,
        s1_0.features,
        s1_0.is_available,
        s1_0.is_bandwidth_adjustable,
        s1_0.max_bandwidth_mbps,
        s1_0.min_bandwidth_mbps,
        s1_0.name,
        s1_0.price_per_mbps,
        s1_0.provisioning_time_hours,
        s1_0.service_type,
        s1_0.setup_fee,
        s1_0.technical_specs,
        s1_0.updated_at 
    from
        singtel_app.services s1_0 
    where
        s1_0.base_bandwidth_mbps between ? and ? 
        and s1_0.is_available=true
Hibernate: 
    select
        s1_0.id,
        s1_0.base_bandwidth_mbps,
        s1_0.base_price_monthly,
        s1_0.category_id,
        s1_0.contract_term_months,
        s1_0.created_at,
        s1_0.description,
        s1_0.features,
        s1_0.is_available,
        s1_0.is_bandwidth_adjustable,
        s1_0.max_bandwidth_mbps,
        s1_0.min_bandwidth_mbps,
        s1_0.name,
        s1_0.price_per_mbps,
        s1_0.provisioning_time_hours,
        s1_0.service_type,
        s1_0.setup_fee,
        s1_0.technical_specs,
        s1_0.updated_at 
    from
        singtel_app.services s1_0 
    where
        s1_0.base_bandwidth_mbps between ? and ? 
        and s1_0.is_available=true
]]></system-out>
  </testcase>
  <testcase name="countByServiceType_Success" classname="com.singtel.network.repository.ServiceRepositoryTest" time="0.015">
    <system-out><![CDATA[2025-07-12 03:19:21 - 
    insert 
    into
        singtel_app.service_categories
        (created_at, description, display_order, is_active, name, updated_at, id) 
    values
        (?, ?, ?, ?, ?, ?, ?)
Hibernate: 
    insert 
    into
        singtel_app.service_categories
        (created_at, description, display_order, is_active, name, updated_at, id) 
    values
        (?, ?, ?, ?, ?, ?, ?)
2025-07-12 03:19:21 - 
    insert 
    into
        singtel_app.services
        (base_bandwidth_mbps, base_price_monthly, category_id, contract_term_months, created_at, description, features, is_available, is_bandwidth_adjustable, max_bandwidth_mbps, min_bandwidth_mbps, name, price_per_mbps, provisioning_time_hours, service_type, setup_fee, technical_specs, updated_at, id) 
    values
        (?, ?, ?, ?, ?, ?, ?, ?, ?, ?, ?, ?, ?, ?, ?, ?, ?, ?, ?)
Hibernate: 
    insert 
    into
        singtel_app.services
        (base_bandwidth_mbps, base_price_monthly, category_id, contract_term_months, created_at, description, features, is_available, is_bandwidth_adjustable, max_bandwidth_mbps, min_bandwidth_mbps, name, price_per_mbps, provisioning_time_hours, service_type, setup_fee, technical_specs, updated_at, id) 
    values
        (?, ?, ?, ?, ?, ?, ?, ?, ?, ?, ?, ?, ?, ?, ?, ?, ?, ?, ?)
2025-07-12 03:19:21 - 
    insert 
    into
        singtel_app.services
        (base_bandwidth_mbps, base_price_monthly, category_id, contract_term_months, created_at, description, features, is_available, is_bandwidth_adjustable, max_bandwidth_mbps, min_bandwidth_mbps, name, price_per_mbps, provisioning_time_hours, service_type, setup_fee, technical_specs, updated_at, id) 
    values
        (?, ?, ?, ?, ?, ?, ?, ?, ?, ?, ?, ?, ?, ?, ?, ?, ?, ?, ?)
Hibernate: 
    insert 
    into
        singtel_app.services
        (base_bandwidth_mbps, base_price_monthly, category_id, contract_term_months, created_at, description, features, is_available, is_bandwidth_adjustable, max_bandwidth_mbps, min_bandwidth_mbps, name, price_per_mbps, provisioning_time_hours, service_type, setup_fee, technical_specs, updated_at, id) 
    values
        (?, ?, ?, ?, ?, ?, ?, ?, ?, ?, ?, ?, ?, ?, ?, ?, ?, ?, ?)
2025-07-12 03:19:21 - JDBC URL to connect to 'dataSource': url='jdbc:postgresql://localhost:35943/itxecebnckxn?user=postgres&password=docker', scope='ServiceRepositoryTest#countByServiceType_Success'
2025-07-12 03:19:21 - 
    select
        count(s1_0.id) 
    from
        singtel_app.services s1_0 
    where
        s1_0.service_type=?
Hibernate: 
    select
        count(s1_0.id) 
    from
        singtel_app.services s1_0 
    where
        s1_0.service_type=?
2025-07-12 03:19:21 - 
    select
        count(s1_0.id) 
    from
        singtel_app.services s1_0 
    where
        s1_0.service_type=?
Hibernate: 
    select
        count(s1_0.id) 
    from
        singtel_app.services s1_0 
    where
        s1_0.service_type=?
]]></system-out>
  </testcase>
  <testcase name="findByContractTermMonths_Success" classname="com.singtel.network.repository.ServiceRepositoryTest" time="0.014">
    <system-out><![CDATA[2025-07-12 03:19:21 - 
    insert 
    into
        singtel_app.service_categories
        (created_at, description, display_order, is_active, name, updated_at, id) 
    values
        (?, ?, ?, ?, ?, ?, ?)
Hibernate: 
    insert 
    into
        singtel_app.service_categories
        (created_at, description, display_order, is_active, name, updated_at, id) 
    values
        (?, ?, ?, ?, ?, ?, ?)
2025-07-12 03:19:21 - 
    insert 
    into
        singtel_app.services
        (base_bandwidth_mbps, base_price_monthly, category_id, contract_term_months, created_at, description, features, is_available, is_bandwidth_adjustable, max_bandwidth_mbps, min_bandwidth_mbps, name, price_per_mbps, provisioning_time_hours, service_type, setup_fee, technical_specs, updated_at, id) 
    values
        (?, ?, ?, ?, ?, ?, ?, ?, ?, ?, ?, ?, ?, ?, ?, ?, ?, ?, ?)
Hibernate: 
    insert 
    into
        singtel_app.services
        (base_bandwidth_mbps, base_price_monthly, category_id, contract_term_months, created_at, description, features, is_available, is_bandwidth_adjustable, max_bandwidth_mbps, min_bandwidth_mbps, name, price_per_mbps, provisioning_time_hours, service_type, setup_fee, technical_specs, updated_at, id) 
    values
        (?, ?, ?, ?, ?, ?, ?, ?, ?, ?, ?, ?, ?, ?, ?, ?, ?, ?, ?)
2025-07-12 03:19:21 - 
    insert 
    into
        singtel_app.services
        (base_bandwidth_mbps, base_price_monthly, category_id, contract_term_months, created_at, description, features, is_available, is_bandwidth_adjustable, max_bandwidth_mbps, min_bandwidth_mbps, name, price_per_mbps, provisioning_time_hours, service_type, setup_fee, technical_specs, updated_at, id) 
    values
        (?, ?, ?, ?, ?, ?, ?, ?, ?, ?, ?, ?, ?, ?, ?, ?, ?, ?, ?)
Hibernate: 
    insert 
    into
        singtel_app.services
        (base_bandwidth_mbps, base_price_monthly, category_id, contract_term_months, created_at, description, features, is_available, is_bandwidth_adjustable, max_bandwidth_mbps, min_bandwidth_mbps, name, price_per_mbps, provisioning_time_hours, service_type, setup_fee, technical_specs, updated_at, id) 
    values
        (?, ?, ?, ?, ?, ?, ?, ?, ?, ?, ?, ?, ?, ?, ?, ?, ?, ?, ?)
2025-07-12 03:19:21 - JDBC URL to connect to 'dataSource': url='jdbc:postgresql://localhost:35943/itxecebnckxn?user=postgres&password=docker', scope='ServiceRepositoryTest#findByContractTermMonths_Success'
2025-07-12 03:19:21 - 
    select
        s1_0.id,
        s1_0.base_bandwidth_mbps,
        s1_0.base_price_monthly,
        s1_0.category_id,
        s1_0.contract_term_months,
        s1_0.created_at,
        s1_0.description,
        s1_0.features,
        s1_0.is_available,
        s1_0.is_bandwidth_adjustable,
        s1_0.max_bandwidth_mbps,
        s1_0.min_bandwidth_mbps,
        s1_0.name,
        s1_0.price_per_mbps,
        s1_0.provisioning_time_hours,
        s1_0.service_type,
        s1_0.setup_fee,
        s1_0.technical_specs,
        s1_0.updated_at 
    from
        singtel_app.services s1_0 
    where
        s1_0.contract_term_months=?
Hibernate: 
    select
        s1_0.id,
        s1_0.base_bandwidth_mbps,
        s1_0.base_price_monthly,
        s1_0.category_id,
        s1_0.contract_term_months,
        s1_0.created_at,
        s1_0.description,
        s1_0.features,
        s1_0.is_available,
        s1_0.is_bandwidth_adjustable,
        s1_0.max_bandwidth_mbps,
        s1_0.min_bandwidth_mbps,
        s1_0.name,
        s1_0.price_per_mbps,
        s1_0.provisioning_time_hours,
        s1_0.service_type,
        s1_0.setup_fee,
        s1_0.technical_specs,
        s1_0.updated_at 
    from
        singtel_app.services s1_0 
    where
        s1_0.contract_term_months=?
2025-07-12 03:19:21 - 
    select
        s1_0.id,
        s1_0.base_bandwidth_mbps,
        s1_0.base_price_monthly,
        s1_0.category_id,
        s1_0.contract_term_months,
        s1_0.created_at,
        s1_0.description,
        s1_0.features,
        s1_0.is_available,
        s1_0.is_bandwidth_adjustable,
        s1_0.max_bandwidth_mbps,
        s1_0.min_bandwidth_mbps,
        s1_0.name,
        s1_0.price_per_mbps,
        s1_0.provisioning_time_hours,
        s1_0.service_type,
        s1_0.setup_fee,
        s1_0.technical_specs,
        s1_0.updated_at 
    from
        singtel_app.services s1_0 
    where
        s1_0.contract_term_months=?
Hibernate: 
    select
        s1_0.id,
        s1_0.base_bandwidth_mbps,
        s1_0.base_price_monthly,
        s1_0.category_id,
        s1_0.contract_term_months,
        s1_0.created_at,
        s1_0.description,
        s1_0.features,
        s1_0.is_available,
        s1_0.is_bandwidth_adjustable,
        s1_0.max_bandwidth_mbps,
        s1_0.min_bandwidth_mbps,
        s1_0.name,
        s1_0.price_per_mbps,
        s1_0.provisioning_time_hours,
        s1_0.service_type,
        s1_0.setup_fee,
        s1_0.technical_specs,
        s1_0.updated_at 
    from
        singtel_app.services s1_0 
    where
        s1_0.contract_term_months=?
]]></system-out>
  </testcase>
  <testcase name="findByNameContainingIgnoreCase_Success" classname="com.singtel.network.repository.ServiceRepositoryTest" time="0.012">
    <system-out><![CDATA[2025-07-12 03:19:21 - 
    insert 
    into
        singtel_app.service_categories
        (created_at, description, display_order, is_active, name, updated_at, id) 
    values
        (?, ?, ?, ?, ?, ?, ?)
Hibernate: 
    insert 
    into
        singtel_app.service_categories
        (created_at, description, display_order, is_active, name, updated_at, id) 
    values
        (?, ?, ?, ?, ?, ?, ?)
2025-07-12 03:19:21 - 
    insert 
    into
        singtel_app.services
        (base_bandwidth_mbps, base_price_monthly, category_id, contract_term_months, created_at, description, features, is_available, is_bandwidth_adjustable, max_bandwidth_mbps, min_bandwidth_mbps, name, price_per_mbps, provisioning_time_hours, service_type, setup_fee, technical_specs, updated_at, id) 
    values
        (?, ?, ?, ?, ?, ?, ?, ?, ?, ?, ?, ?, ?, ?, ?, ?, ?, ?, ?)
Hibernate: 
    insert 
    into
        singtel_app.services
        (base_bandwidth_mbps, base_price_monthly, category_id, contract_term_months, created_at, description, features, is_available, is_bandwidth_adjustable, max_bandwidth_mbps, min_bandwidth_mbps, name, price_per_mbps, provisioning_time_hours, service_type, setup_fee, technical_specs, updated_at, id) 
    values
        (?, ?, ?, ?, ?, ?, ?, ?, ?, ?, ?, ?, ?, ?, ?, ?, ?, ?, ?)
2025-07-12 03:19:21 - 
    insert 
    into
        singtel_app.services
        (base_bandwidth_mbps, base_price_monthly, category_id, contract_term_months, created_at, description, features, is_available, is_bandwidth_adjustable, max_bandwidth_mbps, min_bandwidth_mbps, name, price_per_mbps, provisioning_time_hours, service_type, setup_fee, technical_specs, updated_at, id) 
    values
        (?, ?, ?, ?, ?, ?, ?, ?, ?, ?, ?, ?, ?, ?, ?, ?, ?, ?, ?)
Hibernate: 
    insert 
    into
        singtel_app.services
        (base_bandwidth_mbps, base_price_monthly, category_id, contract_term_months, created_at, description, features, is_available, is_bandwidth_adjustable, max_bandwidth_mbps, min_bandwidth_mbps, name, price_per_mbps, provisioning_time_hours, service_type, setup_fee, technical_specs, updated_at, id) 
    values
        (?, ?, ?, ?, ?, ?, ?, ?, ?, ?, ?, ?, ?, ?, ?, ?, ?, ?, ?)
2025-07-12 03:19:21 - JDBC URL to connect to 'dataSource': url='jdbc:postgresql://localhost:35943/itxecebnckxn?user=postgres&password=docker', scope='ServiceRepositoryTest#findByNameContainingIgnoreCase_Success'
2025-07-12 03:19:21 - 
    select
        s1_0.id,
        s1_0.base_bandwidth_mbps,
        s1_0.base_price_monthly,
        s1_0.category_id,
        s1_0.contract_term_months,
        s1_0.created_at,
        s1_0.description,
        s1_0.features,
        s1_0.is_available,
        s1_0.is_bandwidth_adjustable,
        s1_0.max_bandwidth_mbps,
        s1_0.min_bandwidth_mbps,
        s1_0.name,
        s1_0.price_per_mbps,
        s1_0.provisioning_time_hours,
        s1_0.service_type,
        s1_0.setup_fee,
        s1_0.technical_specs,
        s1_0.updated_at 
    from
        singtel_app.services s1_0 
    where
        lower(s1_0.name) like lower(('%'||?||'%')) escape '' 
        and s1_0.is_available=true
Hibernate: 
    select
        s1_0.id,
        s1_0.base_bandwidth_mbps,
        s1_0.base_price_monthly,
        s1_0.category_id,
        s1_0.contract_term_months,
        s1_0.created_at,
        s1_0.description,
        s1_0.features,
        s1_0.is_available,
        s1_0.is_bandwidth_adjustable,
        s1_0.max_bandwidth_mbps,
        s1_0.min_bandwidth_mbps,
        s1_0.name,
        s1_0.price_per_mbps,
        s1_0.provisioning_time_hours,
        s1_0.service_type,
        s1_0.setup_fee,
        s1_0.technical_specs,
        s1_0.updated_at 
    from
        singtel_app.services s1_0 
    where
        lower(s1_0.name) like lower(('%'||?||'%')) escape '' 
        and s1_0.is_available=true
]]></system-out>
  </testcase>
  <testcase name="findAvailableServicesWithPagination_Success" classname="com.singtel.network.repository.ServiceRepositoryTest" time="0.015">
    <system-out><![CDATA[2025-07-12 03:19:21 - 
    insert 
    into
        singtel_app.service_categories
        (created_at, description, display_order, is_active, name, updated_at, id) 
    values
        (?, ?, ?, ?, ?, ?, ?)
Hibernate: 
    insert 
    into
        singtel_app.service_categories
        (created_at, description, display_order, is_active, name, updated_at, id) 
    values
        (?, ?, ?, ?, ?, ?, ?)
2025-07-12 03:19:21 - 
    insert 
    into
        singtel_app.services
        (base_bandwidth_mbps, base_price_monthly, category_id, contract_term_months, created_at, description, features, is_available, is_bandwidth_adjustable, max_bandwidth_mbps, min_bandwidth_mbps, name, price_per_mbps, provisioning_time_hours, service_type, setup_fee, technical_specs, updated_at, id) 
    values
        (?, ?, ?, ?, ?, ?, ?, ?, ?, ?, ?, ?, ?, ?, ?, ?, ?, ?, ?)
Hibernate: 
    insert 
    into
        singtel_app.services
        (base_bandwidth_mbps, base_price_monthly, category_id, contract_term_months, created_at, description, features, is_available, is_bandwidth_adjustable, max_bandwidth_mbps, min_bandwidth_mbps, name, price_per_mbps, provisioning_time_hours, service_type, setup_fee, technical_specs, updated_at, id) 
    values
        (?, ?, ?, ?, ?, ?, ?, ?, ?, ?, ?, ?, ?, ?, ?, ?, ?, ?, ?)
2025-07-12 03:19:21 - 
    insert 
    into
        singtel_app.services
        (base_bandwidth_mbps, base_price_monthly, category_id, contract_term_months, created_at, description, features, is_available, is_bandwidth_adjustable, max_bandwidth_mbps, min_bandwidth_mbps, name, price_per_mbps, provisioning_time_hours, service_type, setup_fee, technical_specs, updated_at, id) 
    values
        (?, ?, ?, ?, ?, ?, ?, ?, ?, ?, ?, ?, ?, ?, ?, ?, ?, ?, ?)
Hibernate: 
    insert 
    into
        singtel_app.services
        (base_bandwidth_mbps, base_price_monthly, category_id, contract_term_months, created_at, description, features, is_available, is_bandwidth_adjustable, max_bandwidth_mbps, min_bandwidth_mbps, name, price_per_mbps, provisioning_time_hours, service_type, setup_fee, technical_specs, updated_at, id) 
    values
        (?, ?, ?, ?, ?, ?, ?, ?, ?, ?, ?, ?, ?, ?, ?, ?, ?, ?, ?)
2025-07-12 03:19:21 - JDBC URL to connect to 'dataSource': url='jdbc:postgresql://localhost:35943/itxecebnckxn?user=postgres&password=docker', scope='ServiceRepositoryTest#findAvailableServicesWithPagination_Success'
2025-07-12 03:19:21 - 
    select
        s1_0.id,
        s1_0.base_bandwidth_mbps,
        s1_0.base_price_monthly,
        s1_0.category_id,
        s1_0.contract_term_months,
        s1_0.created_at,
        s1_0.description,
        s1_0.features,
        s1_0.is_available,
        s1_0.is_bandwidth_adjustable,
        s1_0.max_bandwidth_mbps,
        s1_0.min_bandwidth_mbps,
        s1_0.name,
        s1_0.price_per_mbps,
        s1_0.provisioning_time_hours,
        s1_0.service_type,
        s1_0.setup_fee,
        s1_0.technical_specs,
        s1_0.updated_at 
    from
        singtel_app.services s1_0 
    where
        s1_0.is_available=true 
    offset
        ? rows 
    fetch
        first ? rows only
Hibernate: 
    select
        s1_0.id,
        s1_0.base_bandwidth_mbps,
        s1_0.base_price_monthly,
        s1_0.category_id,
        s1_0.contract_term_months,
        s1_0.created_at,
        s1_0.description,
        s1_0.features,
        s1_0.is_available,
        s1_0.is_bandwidth_adjustable,
        s1_0.max_bandwidth_mbps,
        s1_0.min_bandwidth_mbps,
        s1_0.name,
        s1_0.price_per_mbps,
        s1_0.provisioning_time_hours,
        s1_0.service_type,
        s1_0.setup_fee,
        s1_0.technical_specs,
        s1_0.updated_at 
    from
        singtel_app.services s1_0 
    where
        s1_0.is_available=true 
    offset
        ? rows 
    fetch
        first ? rows only
2025-07-12 03:19:21 - 
    select
        count(s1_0.id) 
    from
        singtel_app.services s1_0 
    where
        s1_0.is_available=true
Hibernate: 
    select
        count(s1_0.id) 
    from
        singtel_app.services s1_0 
    where
        s1_0.is_available=true
]]></system-out>
  </testcase>
  <testcase name="findDistinctServiceTypes_Success" classname="com.singtel.network.repository.ServiceRepositoryTest" time="0.011">
    <system-out><![CDATA[2025-07-12 03:19:21 - 
    insert 
    into
        singtel_app.service_categories
        (created_at, description, display_order, is_active, name, updated_at, id) 
    values
        (?, ?, ?, ?, ?, ?, ?)
Hibernate: 
    insert 
    into
        singtel_app.service_categories
        (created_at, description, display_order, is_active, name, updated_at, id) 
    values
        (?, ?, ?, ?, ?, ?, ?)
2025-07-12 03:19:21 - 
    insert 
    into
        singtel_app.services
        (base_bandwidth_mbps, base_price_monthly, category_id, contract_term_months, created_at, description, features, is_available, is_bandwidth_adjustable, max_bandwidth_mbps, min_bandwidth_mbps, name, price_per_mbps, provisioning_time_hours, service_type, setup_fee, technical_specs, updated_at, id) 
    values
        (?, ?, ?, ?, ?, ?, ?, ?, ?, ?, ?, ?, ?, ?, ?, ?, ?, ?, ?)
Hibernate: 
    insert 
    into
        singtel_app.services
        (base_bandwidth_mbps, base_price_monthly, category_id, contract_term_months, created_at, description, features, is_available, is_bandwidth_adjustable, max_bandwidth_mbps, min_bandwidth_mbps, name, price_per_mbps, provisioning_time_hours, service_type, setup_fee, technical_specs, updated_at, id) 
    values
        (?, ?, ?, ?, ?, ?, ?, ?, ?, ?, ?, ?, ?, ?, ?, ?, ?, ?, ?)
2025-07-12 03:19:21 - 
    insert 
    into
        singtel_app.services
        (base_bandwidth_mbps, base_price_monthly, category_id, contract_term_months, created_at, description, features, is_available, is_bandwidth_adjustable, max_bandwidth_mbps, min_bandwidth_mbps, name, price_per_mbps, provisioning_time_hours, service_type, setup_fee, technical_specs, updated_at, id) 
    values
        (?, ?, ?, ?, ?, ?, ?, ?, ?, ?, ?, ?, ?, ?, ?, ?, ?, ?, ?)
Hibernate: 
    insert 
    into
        singtel_app.services
        (base_bandwidth_mbps, base_price_monthly, category_id, contract_term_months, created_at, description, features, is_available, is_bandwidth_adjustable, max_bandwidth_mbps, min_bandwidth_mbps, name, price_per_mbps, provisioning_time_hours, service_type, setup_fee, technical_specs, updated_at, id) 
    values
        (?, ?, ?, ?, ?, ?, ?, ?, ?, ?, ?, ?, ?, ?, ?, ?, ?, ?, ?)
2025-07-12 03:19:21 - JDBC URL to connect to 'dataSource': url='jdbc:postgresql://localhost:35943/itxecebnckxn?user=postgres&password=docker', scope='ServiceRepositoryTest#findDistinctServiceTypes_Success'
2025-07-12 03:19:21 - 
    select
        distinct s1_0.service_type 
    from
        singtel_app.services s1_0 
    where
        s1_0.is_available=true 
    order by
        s1_0.service_type
Hibernate: 
    select
        distinct s1_0.service_type 
    from
        singtel_app.services s1_0 
    where
        s1_0.is_available=true 
    order by
        s1_0.service_type
]]></system-out>
  </testcase>
  <testcase name="findByCategoryId_Success" classname="com.singtel.network.repository.ServiceRepositoryTest" time="0.015">
    <system-out><![CDATA[2025-07-12 03:19:21 - 
    insert 
    into
        singtel_app.service_categories
        (created_at, description, display_order, is_active, name, updated_at, id) 
    values
        (?, ?, ?, ?, ?, ?, ?)
Hibernate: 
    insert 
    into
        singtel_app.service_categories
        (created_at, description, display_order, is_active, name, updated_at, id) 
    values
        (?, ?, ?, ?, ?, ?, ?)
2025-07-12 03:19:21 - 
    insert 
    into
        singtel_app.services
        (base_bandwidth_mbps, base_price_monthly, category_id, contract_term_months, created_at, description, features, is_available, is_bandwidth_adjustable, max_bandwidth_mbps, min_bandwidth_mbps, name, price_per_mbps, provisioning_time_hours, service_type, setup_fee, technical_specs, updated_at, id) 
    values
        (?, ?, ?, ?, ?, ?, ?, ?, ?, ?, ?, ?, ?, ?, ?, ?, ?, ?, ?)
Hibernate: 
    insert 
    into
        singtel_app.services
        (base_bandwidth_mbps, base_price_monthly, category_id, contract_term_months, created_at, description, features, is_available, is_bandwidth_adjustable, max_bandwidth_mbps, min_bandwidth_mbps, name, price_per_mbps, provisioning_time_hours, service_type, setup_fee, technical_specs, updated_at, id) 
    values
        (?, ?, ?, ?, ?, ?, ?, ?, ?, ?, ?, ?, ?, ?, ?, ?, ?, ?, ?)
2025-07-12 03:19:21 - 
    insert 
    into
        singtel_app.services
        (base_bandwidth_mbps, base_price_monthly, category_id, contract_term_months, created_at, description, features, is_available, is_bandwidth_adjustable, max_bandwidth_mbps, min_bandwidth_mbps, name, price_per_mbps, provisioning_time_hours, service_type, setup_fee, technical_specs, updated_at, id) 
    values
        (?, ?, ?, ?, ?, ?, ?, ?, ?, ?, ?, ?, ?, ?, ?, ?, ?, ?, ?)
Hibernate: 
    insert 
    into
        singtel_app.services
        (base_bandwidth_mbps, base_price_monthly, category_id, contract_term_months, created_at, description, features, is_available, is_bandwidth_adjustable, max_bandwidth_mbps, min_bandwidth_mbps, name, price_per_mbps, provisioning_time_hours, service_type, setup_fee, technical_specs, updated_at, id) 
    values
        (?, ?, ?, ?, ?, ?, ?, ?, ?, ?, ?, ?, ?, ?, ?, ?, ?, ?, ?)
2025-07-12 03:19:21 - JDBC URL to connect to 'dataSource': url='jdbc:postgresql://localhost:35943/itxecebnckxn?user=postgres&password=docker', scope='ServiceRepositoryTest#findByCategoryId_Success'
2025-07-12 03:19:21 - 
    select
        s1_0.id,
        s1_0.base_bandwidth_mbps,
        s1_0.base_price_monthly,
        s1_0.category_id,
        s1_0.contract_term_months,
        s1_0.created_at,
        s1_0.description,
        s1_0.features,
        s1_0.is_available,
        s1_0.is_bandwidth_adjustable,
        s1_0.max_bandwidth_mbps,
        s1_0.min_bandwidth_mbps,
        s1_0.name,
        s1_0.price_per_mbps,
        s1_0.provisioning_time_hours,
        s1_0.service_type,
        s1_0.setup_fee,
        s1_0.technical_specs,
        s1_0.updated_at 
    from
        singtel_app.services s1_0 
    where
        s1_0.category_id=?
Hibernate: 
    select
        s1_0.id,
        s1_0.base_bandwidth_mbps,
        s1_0.base_price_monthly,
        s1_0.category_id,
        s1_0.contract_term_months,
        s1_0.created_at,
        s1_0.description,
        s1_0.features,
        s1_0.is_available,
        s1_0.is_bandwidth_adjustable,
        s1_0.max_bandwidth_mbps,
        s1_0.min_bandwidth_mbps,
        s1_0.name,
        s1_0.price_per_mbps,
        s1_0.provisioning_time_hours,
        s1_0.service_type,
        s1_0.setup_fee,
        s1_0.technical_specs,
        s1_0.updated_at 
    from
        singtel_app.services s1_0 
    where
        s1_0.category_id=?
]]></system-out>
  </testcase>
  <testcase name="findByCategoryIdWithPagination_Success" classname="com.singtel.network.repository.ServiceRepositoryTest" time="0.014">
    <system-out><![CDATA[2025-07-12 03:19:21 - 
    insert 
    into
        singtel_app.service_categories
        (created_at, description, display_order, is_active, name, updated_at, id) 
    values
        (?, ?, ?, ?, ?, ?, ?)
Hibernate: 
    insert 
    into
        singtel_app.service_categories
        (created_at, description, display_order, is_active, name, updated_at, id) 
    values
        (?, ?, ?, ?, ?, ?, ?)
2025-07-12 03:19:21 - 
    insert 
    into
        singtel_app.services
        (base_bandwidth_mbps, base_price_monthly, category_id, contract_term_months, created_at, description, features, is_available, is_bandwidth_adjustable, max_bandwidth_mbps, min_bandwidth_mbps, name, price_per_mbps, provisioning_time_hours, service_type, setup_fee, technical_specs, updated_at, id) 
    values
        (?, ?, ?, ?, ?, ?, ?, ?, ?, ?, ?, ?, ?, ?, ?, ?, ?, ?, ?)
Hibernate: 
    insert 
    into
        singtel_app.services
        (base_bandwidth_mbps, base_price_monthly, category_id, contract_term_months, created_at, description, features, is_available, is_bandwidth_adjustable, max_bandwidth_mbps, min_bandwidth_mbps, name, price_per_mbps, provisioning_time_hours, service_type, setup_fee, technical_specs, updated_at, id) 
    values
        (?, ?, ?, ?, ?, ?, ?, ?, ?, ?, ?, ?, ?, ?, ?, ?, ?, ?, ?)
2025-07-12 03:19:21 - 
    insert 
    into
        singtel_app.services
        (base_bandwidth_mbps, base_price_monthly, category_id, contract_term_months, created_at, description, features, is_available, is_bandwidth_adjustable, max_bandwidth_mbps, min_bandwidth_mbps, name, price_per_mbps, provisioning_time_hours, service_type, setup_fee, technical_specs, updated_at, id) 
    values
        (?, ?, ?, ?, ?, ?, ?, ?, ?, ?, ?, ?, ?, ?, ?, ?, ?, ?, ?)
Hibernate: 
    insert 
    into
        singtel_app.services
        (base_bandwidth_mbps, base_price_monthly, category_id, contract_term_months, created_at, description, features, is_available, is_bandwidth_adjustable, max_bandwidth_mbps, min_bandwidth_mbps, name, price_per_mbps, provisioning_time_hours, service_type, setup_fee, technical_specs, updated_at, id) 
    values
        (?, ?, ?, ?, ?, ?, ?, ?, ?, ?, ?, ?, ?, ?, ?, ?, ?, ?, ?)
2025-07-12 03:19:21 - JDBC URL to connect to 'dataSource': url='jdbc:postgresql://localhost:35943/itxecebnckxn?user=postgres&password=docker', scope='ServiceRepositoryTest#findByCategoryIdWithPagination_Success'
2025-07-12 03:19:21 - 
    select
        s1_0.id,
        s1_0.base_bandwidth_mbps,
        s1_0.base_price_monthly,
        s1_0.category_id,
        s1_0.contract_term_months,
        s1_0.created_at,
        s1_0.description,
        s1_0.features,
        s1_0.is_available,
        s1_0.is_bandwidth_adjustable,
        s1_0.max_bandwidth_mbps,
        s1_0.min_bandwidth_mbps,
        s1_0.name,
        s1_0.price_per_mbps,
        s1_0.provisioning_time_hours,
        s1_0.service_type,
        s1_0.setup_fee,
        s1_0.technical_specs,
        s1_0.updated_at 
    from
        singtel_app.services s1_0 
    where
        s1_0.category_id=? 
    offset
        ? rows 
    fetch
        first ? rows only
Hibernate: 
    select
        s1_0.id,
        s1_0.base_bandwidth_mbps,
        s1_0.base_price_monthly,
        s1_0.category_id,
        s1_0.contract_term_months,
        s1_0.created_at,
        s1_0.description,
        s1_0.features,
        s1_0.is_available,
        s1_0.is_bandwidth_adjustable,
        s1_0.max_bandwidth_mbps,
        s1_0.min_bandwidth_mbps,
        s1_0.name,
        s1_0.price_per_mbps,
        s1_0.provisioning_time_hours,
        s1_0.service_type,
        s1_0.setup_fee,
        s1_0.technical_specs,
        s1_0.updated_at 
    from
        singtel_app.services s1_0 
    where
        s1_0.category_id=? 
    offset
        ? rows 
    fetch
        first ? rows only
2025-07-12 03:19:21 - 
    select
        count(s1_0.id) 
    from
        singtel_app.services s1_0 
    where
        s1_0.category_id=?
Hibernate: 
    select
        count(s1_0.id) 
    from
        singtel_app.services s1_0 
    where
        s1_0.category_id=?
]]></system-out>
  </testcase>
  <testcase name="findByServiceType_Success" classname="com.singtel.network.repository.ServiceRepositoryTest" time="0.012">
    <system-out><![CDATA[2025-07-12 03:19:21 - 
    insert 
    into
        singtel_app.service_categories
        (created_at, description, display_order, is_active, name, updated_at, id) 
    values
        (?, ?, ?, ?, ?, ?, ?)
Hibernate: 
    insert 
    into
        singtel_app.service_categories
        (created_at, description, display_order, is_active, name, updated_at, id) 
    values
        (?, ?, ?, ?, ?, ?, ?)
2025-07-12 03:19:21 - 
    insert 
    into
        singtel_app.services
        (base_bandwidth_mbps, base_price_monthly, category_id, contract_term_months, created_at, description, features, is_available, is_bandwidth_adjustable, max_bandwidth_mbps, min_bandwidth_mbps, name, price_per_mbps, provisioning_time_hours, service_type, setup_fee, technical_specs, updated_at, id) 
    values
        (?, ?, ?, ?, ?, ?, ?, ?, ?, ?, ?, ?, ?, ?, ?, ?, ?, ?, ?)
Hibernate: 
    insert 
    into
        singtel_app.services
        (base_bandwidth_mbps, base_price_monthly, category_id, contract_term_months, created_at, description, features, is_available, is_bandwidth_adjustable, max_bandwidth_mbps, min_bandwidth_mbps, name, price_per_mbps, provisioning_time_hours, service_type, setup_fee, technical_specs, updated_at, id) 
    values
        (?, ?, ?, ?, ?, ?, ?, ?, ?, ?, ?, ?, ?, ?, ?, ?, ?, ?, ?)
2025-07-12 03:19:21 - 
    insert 
    into
        singtel_app.services
        (base_bandwidth_mbps, base_price_monthly, category_id, contract_term_months, created_at, description, features, is_available, is_bandwidth_adjustable, max_bandwidth_mbps, min_bandwidth_mbps, name, price_per_mbps, provisioning_time_hours, service_type, setup_fee, technical_specs, updated_at, id) 
    values
        (?, ?, ?, ?, ?, ?, ?, ?, ?, ?, ?, ?, ?, ?, ?, ?, ?, ?, ?)
Hibernate: 
    insert 
    into
        singtel_app.services
        (base_bandwidth_mbps, base_price_monthly, category_id, contract_term_months, created_at, description, features, is_available, is_bandwidth_adjustable, max_bandwidth_mbps, min_bandwidth_mbps, name, price_per_mbps, provisioning_time_hours, service_type, setup_fee, technical_specs, updated_at, id) 
    values
        (?, ?, ?, ?, ?, ?, ?, ?, ?, ?, ?, ?, ?, ?, ?, ?, ?, ?, ?)
2025-07-12 03:19:21 - JDBC URL to connect to 'dataSource': url='jdbc:postgresql://localhost:35943/itxecebnckxn?user=postgres&password=docker', scope='ServiceRepositoryTest#findByServiceType_Success'
2025-07-12 03:19:21 - 
    select
        s1_0.id,
        s1_0.base_bandwidth_mbps,
        s1_0.base_price_monthly,
        s1_0.category_id,
        s1_0.contract_term_months,
        s1_0.created_at,
        s1_0.description,
        s1_0.features,
        s1_0.is_available,
        s1_0.is_bandwidth_adjustable,
        s1_0.max_bandwidth_mbps,
        s1_0.min_bandwidth_mbps,
        s1_0.name,
        s1_0.price_per_mbps,
        s1_0.provisioning_time_hours,
        s1_0.service_type,
        s1_0.setup_fee,
        s1_0.technical_specs,
        s1_0.updated_at 
    from
        singtel_app.services s1_0 
    where
        s1_0.service_type=?
Hibernate: 
    select
        s1_0.id,
        s1_0.base_bandwidth_mbps,
        s1_0.base_price_monthly,
        s1_0.category_id,
        s1_0.contract_term_months,
        s1_0.created_at,
        s1_0.description,
        s1_0.features,
        s1_0.is_available,
        s1_0.is_bandwidth_adjustable,
        s1_0.max_bandwidth_mbps,
        s1_0.min_bandwidth_mbps,
        s1_0.name,
        s1_0.price_per_mbps,
        s1_0.provisioning_time_hours,
        s1_0.service_type,
        s1_0.setup_fee,
        s1_0.technical_specs,
        s1_0.updated_at 
    from
        singtel_app.services s1_0 
    where
        s1_0.service_type=?
]]></system-out>
  </testcase>
  <testcase name="findBandwidthAdjustableServices_Success" classname="com.singtel.network.repository.ServiceRepositoryTest" time="0.012">
    <system-out><![CDATA[2025-07-12 03:19:21 - 
    insert 
    into
        singtel_app.service_categories
        (created_at, description, display_order, is_active, name, updated_at, id) 
    values
        (?, ?, ?, ?, ?, ?, ?)
Hibernate: 
    insert 
    into
        singtel_app.service_categories
        (created_at, description, display_order, is_active, name, updated_at, id) 
    values
        (?, ?, ?, ?, ?, ?, ?)
2025-07-12 03:19:21 - 
    insert 
    into
        singtel_app.services
        (base_bandwidth_mbps, base_price_monthly, category_id, contract_term_months, created_at, description, features, is_available, is_bandwidth_adjustable, max_bandwidth_mbps, min_bandwidth_mbps, name, price_per_mbps, provisioning_time_hours, service_type, setup_fee, technical_specs, updated_at, id) 
    values
        (?, ?, ?, ?, ?, ?, ?, ?, ?, ?, ?, ?, ?, ?, ?, ?, ?, ?, ?)
Hibernate: 
    insert 
    into
        singtel_app.services
        (base_bandwidth_mbps, base_price_monthly, category_id, contract_term_months, created_at, description, features, is_available, is_bandwidth_adjustable, max_bandwidth_mbps, min_bandwidth_mbps, name, price_per_mbps, provisioning_time_hours, service_type, setup_fee, technical_specs, updated_at, id) 
    values
        (?, ?, ?, ?, ?, ?, ?, ?, ?, ?, ?, ?, ?, ?, ?, ?, ?, ?, ?)
2025-07-12 03:19:21 - 
    insert 
    into
        singtel_app.services
        (base_bandwidth_mbps, base_price_monthly, category_id, contract_term_months, created_at, description, features, is_available, is_bandwidth_adjustable, max_bandwidth_mbps, min_bandwidth_mbps, name, price_per_mbps, provisioning_time_hours, service_type, setup_fee, technical_specs, updated_at, id) 
    values
        (?, ?, ?, ?, ?, ?, ?, ?, ?, ?, ?, ?, ?, ?, ?, ?, ?, ?, ?)
Hibernate: 
    insert 
    into
        singtel_app.services
        (base_bandwidth_mbps, base_price_monthly, category_id, contract_term_months, created_at, description, features, is_available, is_bandwidth_adjustable, max_bandwidth_mbps, min_bandwidth_mbps, name, price_per_mbps, provisioning_time_hours, service_type, setup_fee, technical_specs, updated_at, id) 
    values
        (?, ?, ?, ?, ?, ?, ?, ?, ?, ?, ?, ?, ?, ?, ?, ?, ?, ?, ?)
2025-07-12 03:19:21 - JDBC URL to connect to 'dataSource': url='jdbc:postgresql://localhost:35943/itxecebnckxn?user=postgres&password=docker', scope='ServiceRepositoryTest#findBandwidthAdjustableServices_Success'
2025-07-12 03:19:21 - 
    select
        s1_0.id,
        s1_0.base_bandwidth_mbps,
        s1_0.base_price_monthly,
        s1_0.category_id,
        s1_0.contract_term_months,
        s1_0.created_at,
        s1_0.description,
        s1_0.features,
        s1_0.is_available,
        s1_0.is_bandwidth_adjustable,
        s1_0.max_bandwidth_mbps,
        s1_0.min_bandwidth_mbps,
        s1_0.name,
        s1_0.price_per_mbps,
        s1_0.provisioning_time_hours,
        s1_0.service_type,
        s1_0.setup_fee,
        s1_0.technical_specs,
        s1_0.updated_at 
    from
        singtel_app.services s1_0 
    where
        s1_0.is_bandwidth_adjustable=true 
        and s1_0.is_available=true
Hibernate: 
    select
        s1_0.id,
        s1_0.base_bandwidth_mbps,
        s1_0.base_price_monthly,
        s1_0.category_id,
        s1_0.contract_term_months,
        s1_0.created_at,
        s1_0.description,
        s1_0.features,
        s1_0.is_available,
        s1_0.is_bandwidth_adjustable,
        s1_0.max_bandwidth_mbps,
        s1_0.min_bandwidth_mbps,
        s1_0.name,
        s1_0.price_per_mbps,
        s1_0.provisioning_time_hours,
        s1_0.service_type,
        s1_0.setup_fee,
        s1_0.technical_specs,
        s1_0.updated_at 
    from
        singtel_app.services s1_0 
    where
        s1_0.is_bandwidth_adjustable=true 
        and s1_0.is_available=true
]]></system-out>
  </testcase>
  <testcase name="findByNameContainingIgnoreCaseWithPagination_Success" classname="com.singtel.network.repository.ServiceRepositoryTest" time="0.014">
    <system-out><![CDATA[2025-07-12 03:19:21 - 
    insert 
    into
        singtel_app.service_categories
        (created_at, description, display_order, is_active, name, updated_at, id) 
    values
        (?, ?, ?, ?, ?, ?, ?)
Hibernate: 
    insert 
    into
        singtel_app.service_categories
        (created_at, description, display_order, is_active, name, updated_at, id) 
    values
        (?, ?, ?, ?, ?, ?, ?)
2025-07-12 03:19:21 - 
    insert 
    into
        singtel_app.services
        (base_bandwidth_mbps, base_price_monthly, category_id, contract_term_months, created_at, description, features, is_available, is_bandwidth_adjustable, max_bandwidth_mbps, min_bandwidth_mbps, name, price_per_mbps, provisioning_time_hours, service_type, setup_fee, technical_specs, updated_at, id) 
    values
        (?, ?, ?, ?, ?, ?, ?, ?, ?, ?, ?, ?, ?, ?, ?, ?, ?, ?, ?)
Hibernate: 
    insert 
    into
        singtel_app.services
        (base_bandwidth_mbps, base_price_monthly, category_id, contract_term_months, created_at, description, features, is_available, is_bandwidth_adjustable, max_bandwidth_mbps, min_bandwidth_mbps, name, price_per_mbps, provisioning_time_hours, service_type, setup_fee, technical_specs, updated_at, id) 
    values
        (?, ?, ?, ?, ?, ?, ?, ?, ?, ?, ?, ?, ?, ?, ?, ?, ?, ?, ?)
2025-07-12 03:19:21 - 
    insert 
    into
        singtel_app.services
        (base_bandwidth_mbps, base_price_monthly, category_id, contract_term_months, created_at, description, features, is_available, is_bandwidth_adjustable, max_bandwidth_mbps, min_bandwidth_mbps, name, price_per_mbps, provisioning_time_hours, service_type, setup_fee, technical_specs, updated_at, id) 
    values
        (?, ?, ?, ?, ?, ?, ?, ?, ?, ?, ?, ?, ?, ?, ?, ?, ?, ?, ?)
Hibernate: 
    insert 
    into
        singtel_app.services
        (base_bandwidth_mbps, base_price_monthly, category_id, contract_term_months, created_at, description, features, is_available, is_bandwidth_adjustable, max_bandwidth_mbps, min_bandwidth_mbps, name, price_per_mbps, provisioning_time_hours, service_type, setup_fee, technical_specs, updated_at, id) 
    values
        (?, ?, ?, ?, ?, ?, ?, ?, ?, ?, ?, ?, ?, ?, ?, ?, ?, ?, ?)
2025-07-12 03:19:21 - JDBC URL to connect to 'dataSource': url='jdbc:postgresql://localhost:35943/itxecebnckxn?user=postgres&password=docker', scope='ServiceRepositoryTest#findByNameContainingIgnoreCaseWithPagination_Success'
2025-07-12 03:19:21 - 
    select
        s1_0.id,
        s1_0.base_bandwidth_mbps,
        s1_0.base_price_monthly,
        s1_0.category_id,
        s1_0.contract_term_months,
        s1_0.created_at,
        s1_0.description,
        s1_0.features,
        s1_0.is_available,
        s1_0.is_bandwidth_adjustable,
        s1_0.max_bandwidth_mbps,
        s1_0.min_bandwidth_mbps,
        s1_0.name,
        s1_0.price_per_mbps,
        s1_0.provisioning_time_hours,
        s1_0.service_type,
        s1_0.setup_fee,
        s1_0.technical_specs,
        s1_0.updated_at 
    from
        singtel_app.services s1_0 
    where
        lower(s1_0.name) like lower(('%'||?||'%')) escape '' 
        and s1_0.is_available=true 
    offset
        ? rows 
    fetch
        first ? rows only
Hibernate: 
    select
        s1_0.id,
        s1_0.base_bandwidth_mbps,
        s1_0.base_price_monthly,
        s1_0.category_id,
        s1_0.contract_term_months,
        s1_0.created_at,
        s1_0.description,
        s1_0.features,
        s1_0.is_available,
        s1_0.is_bandwidth_adjustable,
        s1_0.max_bandwidth_mbps,
        s1_0.min_bandwidth_mbps,
        s1_0.name,
        s1_0.price_per_mbps,
        s1_0.provisioning_time_hours,
        s1_0.service_type,
        s1_0.setup_fee,
        s1_0.technical_specs,
        s1_0.updated_at 
    from
        singtel_app.services s1_0 
    where
        lower(s1_0.name) like lower(('%'||?||'%')) escape '' 
        and s1_0.is_available=true 
    offset
        ? rows 
    fetch
        first ? rows only
]]></system-out>
  </testcase>
  <testcase name="findAvailableServices_Success" classname="com.singtel.network.repository.ServiceRepositoryTest" time="0.012">
    <system-out><![CDATA[2025-07-12 03:19:21 - 
    insert 
    into
        singtel_app.service_categories
        (created_at, description, display_order, is_active, name, updated_at, id) 
    values
        (?, ?, ?, ?, ?, ?, ?)
Hibernate: 
    insert 
    into
        singtel_app.service_categories
        (created_at, description, display_order, is_active, name, updated_at, id) 
    values
        (?, ?, ?, ?, ?, ?, ?)
2025-07-12 03:19:21 - 
    insert 
    into
        singtel_app.services
        (base_bandwidth_mbps, base_price_monthly, category_id, contract_term_months, created_at, description, features, is_available, is_bandwidth_adjustable, max_bandwidth_mbps, min_bandwidth_mbps, name, price_per_mbps, provisioning_time_hours, service_type, setup_fee, technical_specs, updated_at, id) 
    values
        (?, ?, ?, ?, ?, ?, ?, ?, ?, ?, ?, ?, ?, ?, ?, ?, ?, ?, ?)
Hibernate: 
    insert 
    into
        singtel_app.services
        (base_bandwidth_mbps, base_price_monthly, category_id, contract_term_months, created_at, description, features, is_available, is_bandwidth_adjustable, max_bandwidth_mbps, min_bandwidth_mbps, name, price_per_mbps, provisioning_time_hours, service_type, setup_fee, technical_specs, updated_at, id) 
    values
        (?, ?, ?, ?, ?, ?, ?, ?, ?, ?, ?, ?, ?, ?, ?, ?, ?, ?, ?)
2025-07-12 03:19:21 - 
    insert 
    into
        singtel_app.services
        (base_bandwidth_mbps, base_price_monthly, category_id, contract_term_months, created_at, description, features, is_available, is_bandwidth_adjustable, max_bandwidth_mbps, min_bandwidth_mbps, name, price_per_mbps, provisioning_time_hours, service_type, setup_fee, technical_specs, updated_at, id) 
    values
        (?, ?, ?, ?, ?, ?, ?, ?, ?, ?, ?, ?, ?, ?, ?, ?, ?, ?, ?)
Hibernate: 
    insert 
    into
        singtel_app.services
        (base_bandwidth_mbps, base_price_monthly, category_id, contract_term_months, created_at, description, features, is_available, is_bandwidth_adjustable, max_bandwidth_mbps, min_bandwidth_mbps, name, price_per_mbps, provisioning_time_hours, service_type, setup_fee, technical_specs, updated_at, id) 
    values
        (?, ?, ?, ?, ?, ?, ?, ?, ?, ?, ?, ?, ?, ?, ?, ?, ?, ?, ?)
2025-07-12 03:19:21 - JDBC URL to connect to 'dataSource': url='jdbc:postgresql://localhost:35943/itxecebnckxn?user=postgres&password=docker', scope='ServiceRepositoryTest#findAvailableServices_Success'
2025-07-12 03:19:21 - 
    select
        s1_0.id,
        s1_0.base_bandwidth_mbps,
        s1_0.base_price_monthly,
        s1_0.category_id,
        s1_0.contract_term_months,
        s1_0.created_at,
        s1_0.description,
        s1_0.features,
        s1_0.is_available,
        s1_0.is_bandwidth_adjustable,
        s1_0.max_bandwidth_mbps,
        s1_0.min_bandwidth_mbps,
        s1_0.name,
        s1_0.price_per_mbps,
        s1_0.provisioning_time_hours,
        s1_0.service_type,
        s1_0.setup_fee,
        s1_0.technical_specs,
        s1_0.updated_at 
    from
        singtel_app.services s1_0 
    where
        s1_0.is_available=true
Hibernate: 
    select
        s1_0.id,
        s1_0.base_bandwidth_mbps,
        s1_0.base_price_monthly,
        s1_0.category_id,
        s1_0.contract_term_months,
        s1_0.created_at,
        s1_0.description,
        s1_0.features,
        s1_0.is_available,
        s1_0.is_bandwidth_adjustable,
        s1_0.max_bandwidth_mbps,
        s1_0.min_bandwidth_mbps,
        s1_0.name,
        s1_0.price_per_mbps,
        s1_0.provisioning_time_hours,
        s1_0.service_type,
        s1_0.setup_fee,
        s1_0.technical_specs,
        s1_0.updated_at 
    from
        singtel_app.services s1_0 
    where
        s1_0.is_available=true
]]></system-out>
  </testcase>
</testsuite>