<?xml version="1.0" encoding="UTF-8"?>
<testsuite xmlns:xsi="http://www.w3.org/2001/XMLSchema-instance" xsi:noNamespaceSchemaLocation="https://maven.apache.org/surefire/maven-surefire-plugin/xsd/surefire-test-report-3.0.xsd" version="3.0" name="com.singtel.network.repository.OrderRepositoryTest" time="1.267" tests="25" errors="0" skipped="0" failures="0">
  <properties>
[...]
</properties>
  <testcase name="calculateTotalOrderValueByDateRange_Success" classname="com.singtel.network.repository.OrderRepositoryTest" time="0.069">
    <system-out><![CDATA[2025-07-12 03:19:20 - Could not detect default configuration classes for test class [com.singtel.network.repository.OrderRepositoryTest]: OrderRepositoryTest does not declare any static, non-private, non-final, nested classes annotated with @Configuration.
2025-07-12 03:19:20 - Found @SpringBootConfiguration com.singtel.network.NetworkOnDemandApplication for test class com.singtel.network.repository.OrderRepositoryTest
2025-07-12 03:19:20 - Restart disabled due to context in which it is running

  .   ____          _            __ _ _
 /\\ / ___'_ __ _ _(_)_ __  __ _ \ \ \ \
( ( )\___ | '_ | '_| | '_ \/ _` | \ \ \ \
 \\/  ___)| |_)| | | | | || (_| |  ) ) ) )
  '  |____| .__|_| |_|_| |_\__, | / / / /
 =========|_|==============|___/=/_/_/_/
 :: Spring Boot ::                (v3.2.0)

2025-07-12 03:19:20 - Starting OrderRepositoryTest using Java 17.0.14 with PID 26677 (started by BAORLIM in /Users/BAORLIM/playground/singtel-job-network/backend)
2025-07-12 03:19:20 - Running with Spring Boot v3.2.0, Spring v6.1.1
2025-07-12 03:19:20 - The following 1 profile is active: "development"
2025-07-12 03:19:20 - Bootstrapping Spring Data JPA repositories in DEFAULT mode.
2025-07-12 03:19:20 - Finished Spring Data repository scanning in 10 ms. Found 7 JPA repository interfaces.
2025-07-12 03:19:20 - Replacing 'dataSource' DataSource bean with embedded version
2025-07-12 03:19:20 - Bean 'io.zonky.test.db.config.EmbeddedDatabaseAutoConfiguration' of type [io.zonky.test.db.config.EmbeddedDatabaseAutoConfiguration$$SpringCGLIB$$0] is not eligible for getting processed by all BeanPostProcessors (for example: not eligible for auto-proxying). The currently created BeanPostProcessor [flywayDatabaseExtension] is declared through a non-static factory method on that class; consider declaring it as static instead.
2025-07-12 03:19:20 - HHH000204: Processing PersistenceUnitInfo [name: default]
2025-07-12 03:19:20 - HHH000026: Second-level cache disabled
2025-07-12 03:19:20 - No LoadTimeWeaver setup: ignoring JPA class transformer
2025-07-12 03:19:20 - HHH90000025: PostgreSQLDialect does not need to be specified explicitly using 'hibernate.dialect' (remove the property setting and it will be selected by default)
2025-07-12 03:19:20 - HHH000489: No JTA platform available (set 'hibernate.transaction.jta.platform' to enable JTA platform integration)
2025-07-12 03:19:20 - 
    alter table if exists singtel_app.bandwidth_changes 
       drop constraint if exists FKphxhif2jjrqu9lieuyx52que4
Hibernate: 
    alter table if exists singtel_app.bandwidth_changes 
       drop constraint if exists FKphxhif2jjrqu9lieuyx52que4
2025-07-12 03:19:20 - SQL Warning Code: 0, SQLState: 00000
2025-07-12 03:19:20 - relation "bandwidth_changes" does not exist, skipping
2025-07-12 03:19:20 - 
    alter table if exists singtel_app.bandwidth_changes 
       drop constraint if exists FK28nd02kyos4t7lh0v8kcekug5
Hibernate: 
    alter table if exists singtel_app.bandwidth_changes 
       drop constraint if exists FK28nd02kyos4t7lh0v8kcekug5
2025-07-12 03:19:20 - SQL Warning Code: 0, SQLState: 00000
2025-07-12 03:19:20 - relation "bandwidth_changes" does not exist, skipping
2025-07-12 03:19:20 - 
    alter table if exists singtel_app.orders 
       drop constraint if exists FK1vldikbqexeu85qvsedncxvs3
Hibernate: 
    alter table if exists singtel_app.orders 
       drop constraint if exists FK1vldikbqexeu85qvsedncxvs3
2025-07-12 03:19:20 - SQL Warning Code: 0, SQLState: 00000
2025-07-12 03:19:20 - relation "orders" does not exist, skipping
2025-07-12 03:19:20 - 
    alter table if exists singtel_app.orders 
       drop constraint if exists FKj7bkj6q0u3681uv3bvq21316i
Hibernate: 
    alter table if exists singtel_app.orders 
       drop constraint if exists FKj7bkj6q0u3681uv3bvq21316i
2025-07-12 03:19:20 - SQL Warning Code: 0, SQLState: 00000
2025-07-12 03:19:20 - relation "orders" does not exist, skipping
2025-07-12 03:19:20 - 
    alter table if exists singtel_app.orders 
       drop constraint if exists FKrhawop2o9fmjl9a74grq767sb
Hibernate: 
    alter table if exists singtel_app.orders 
       drop constraint if exists FKrhawop2o9fmjl9a74grq767sb
2025-07-12 03:19:20 - SQL Warning Code: 0, SQLState: 00000
2025-07-12 03:19:20 - relation "orders" does not exist, skipping
2025-07-12 03:19:20 - 
    alter table if exists singtel_app.orders 
       drop constraint if exists FK32ql8ubntj5uh44ph9659tiih
Hibernate: 
    alter table if exists singtel_app.orders 
       drop constraint if exists FK32ql8ubntj5uh44ph9659tiih
2025-07-12 03:19:20 - SQL Warning Code: 0, SQLState: 00000
2025-07-12 03:19:20 - relation "orders" does not exist, skipping
2025-07-12 03:19:20 - 
    alter table if exists singtel_app.service_instances 
       drop constraint if exists FKfgoj8d6fdavbtq97989ay4l5l
Hibernate: 
    alter table if exists singtel_app.service_instances 
       drop constraint if exists FKfgoj8d6fdavbtq97989ay4l5l
2025-07-12 03:19:20 - SQL Warning Code: 0, SQLState: 00000
2025-07-12 03:19:20 - relation "service_instances" does not exist, skipping
2025-07-12 03:19:20 - 
    alter table if exists singtel_app.service_instances 
       drop constraint if exists FKguvw7g804iujk1276dy213sve
Hibernate: 
    alter table if exists singtel_app.service_instances 
       drop constraint if exists FKguvw7g804iujk1276dy213sve
2025-07-12 03:19:20 - SQL Warning Code: 0, SQLState: 00000
2025-07-12 03:19:20 - relation "service_instances" does not exist, skipping
2025-07-12 03:19:20 - 
    alter table if exists singtel_app.services 
       drop constraint if exists FKfffr4emayc2n4uq3yv618d9j0
Hibernate: 
    alter table if exists singtel_app.services 
       drop constraint if exists FKfffr4emayc2n4uq3yv618d9j0
2025-07-12 03:19:20 - SQL Warning Code: 0, SQLState: 00000
2025-07-12 03:19:20 - relation "services" does not exist, skipping
2025-07-12 03:19:20 - 
    alter table if exists singtel_app.users 
       drop constraint if exists FKin8gn4o1hpiwe6qe4ey7ykwq7
Hibernate: 
    alter table if exists singtel_app.users 
       drop constraint if exists FKin8gn4o1hpiwe6qe4ey7ykwq7
2025-07-12 03:19:20 - SQL Warning Code: 0, SQLState: 00000
2025-07-12 03:19:20 - relation "users" does not exist, skipping
2025-07-12 03:19:20 - 
    drop table if exists singtel_app.bandwidth_changes cascade
Hibernate: 
    drop table if exists singtel_app.bandwidth_changes cascade
2025-07-12 03:19:20 - SQL Warning Code: 0, SQLState: 00000
2025-07-12 03:19:20 - table "bandwidth_changes" does not exist, skipping
2025-07-12 03:19:20 - 
    drop table if exists singtel_app.companies cascade
Hibernate: 
    drop table if exists singtel_app.companies cascade
2025-07-12 03:19:20 - SQL Warning Code: 0, SQLState: 00000
2025-07-12 03:19:20 - table "companies" does not exist, skipping
2025-07-12 03:19:20 - 
    drop table if exists singtel_app.orders cascade
Hibernate: 
    drop table if exists singtel_app.orders cascade
2025-07-12 03:19:20 - SQL Warning Code: 0, SQLState: 00000
2025-07-12 03:19:20 - table "orders" does not exist, skipping
2025-07-12 03:19:20 - 
    drop table if exists singtel_app.service_categories cascade
Hibernate: 
    drop table if exists singtel_app.service_categories cascade
2025-07-12 03:19:20 - SQL Warning Code: 0, SQLState: 00000
2025-07-12 03:19:20 - table "service_categories" does not exist, skipping
2025-07-12 03:19:20 - 
    drop table if exists singtel_app.service_instances cascade
Hibernate: 
    drop table if exists singtel_app.service_instances cascade
2025-07-12 03:19:20 - SQL Warning Code: 0, SQLState: 00000
2025-07-12 03:19:20 - table "service_instances" does not exist, skipping
2025-07-12 03:19:20 - 
    drop table if exists singtel_app.services cascade
Hibernate: 
    drop table if exists singtel_app.services cascade
2025-07-12 03:19:20 - SQL Warning Code: 0, SQLState: 00000
2025-07-12 03:19:20 - table "services" does not exist, skipping
2025-07-12 03:19:20 - 
    drop table if exists singtel_app.users cascade
Hibernate: 
    drop table if exists singtel_app.users cascade
2025-07-12 03:19:20 - SQL Warning Code: 0, SQLState: 00000
2025-07-12 03:19:20 - table "users" does not exist, skipping
2025-07-12 03:19:20 - 
    create table singtel_app.bandwidth_changes (
        cost_impact numeric(10,2),
        new_bandwidth_mbps integer not null,
        previous_bandwidth_mbps integer not null,
        applied_at timestamp(6),
        created_at timestamp(6) not null,
        scheduled_at timestamp(6),
        updated_at timestamp(6) not null,
        id uuid not null,
        service_instance_id uuid not null,
        user_id uuid not null,
        change_reason varchar(255),
        status varchar(255) not null check (status in ('PENDING','SCHEDULED','APPLIED','FAILED','CANCELLED')),
        workflow_id varchar(255),
        primary key (id)
    )
Hibernate: 
    create table singtel_app.bandwidth_changes (
        cost_impact numeric(10,2),
        new_bandwidth_mbps integer not null,
        previous_bandwidth_mbps integer not null,
        applied_at timestamp(6),
        created_at timestamp(6) not null,
        scheduled_at timestamp(6),
        updated_at timestamp(6) not null,
        id uuid not null,
        service_instance_id uuid not null,
        user_id uuid not null,
        change_reason varchar(255),
        status varchar(255) not null check (status in ('PENDING','SCHEDULED','APPLIED','FAILED','CANCELLED')),
        workflow_id varchar(255),
        primary key (id)
    )
2025-07-12 03:19:20 - 
    create table singtel_app.companies (
        created_at timestamp(6) not null,
        updated_at timestamp(6) not null,
        id uuid not null,
        address TEXT,
        company_size varchar(255),
        country varchar(255),
        email varchar(255) not null,
        industry varchar(255),
        name varchar(255) not null,
        phone varchar(255),
        postal_code varchar(255),
        registration_number varchar(255) not null unique,
        status varchar(255) not null check (status in ('ACTIVE','SUSPENDED','INACTIVE')),
        primary key (id)
    )
Hibernate: 
    create table singtel_app.companies (
        created_at timestamp(6) not null,
        updated_at timestamp(6) not null,
        id uuid not null,
        address TEXT,
        company_size varchar(255),
        country varchar(255),
        email varchar(255) not null,
        industry varchar(255),
        name varchar(255) not null,
        phone varchar(255),
        postal_code varchar(255),
        registration_number varchar(255) not null unique,
        status varchar(255) not null check (status in ('ACTIVE','SUSPENDED','INACTIVE')),
        primary key (id)
    )
2025-07-12 03:19:20 - 
    create table singtel_app.orders (
        actual_completion_date date,
        estimated_completion_date date,
        requested_bandwidth_mbps integer,
        requested_date date,
        total_cost numeric(10,2),
        created_at timestamp(6) not null,
        updated_at timestamp(6) not null,
        company_id uuid not null,
        id uuid not null,
        service_id uuid not null,
        service_instance_id uuid unique,
        user_id uuid not null,
        contact_email varchar(255),
        contact_person varchar(255),
        contact_phone varchar(255),
        installation_address TEXT,
        notes TEXT,
        order_number varchar(255) not null unique,
        order_type varchar(255) not null check (order_type in ('NEW_SERVICE','MODIFY_SERVICE','TERMINATE_SERVICE')),
        postal_code varchar(255),
        status varchar(255) not null check (status in ('SUBMITTED','APPROVED','IN_PROGRESS','COMPLETED','CANCELLED','FAILED')),
        workflow_id varchar(255),
        primary key (id)
    )
Hibernate: 
    create table singtel_app.orders (
        actual_completion_date date,
        estimated_completion_date date,
        requested_bandwidth_mbps integer,
        requested_date date,
        total_cost numeric(10,2),
        created_at timestamp(6) not null,
        updated_at timestamp(6) not null,
        company_id uuid not null,
        id uuid not null,
        service_id uuid not null,
        service_instance_id uuid unique,
        user_id uuid not null,
        contact_email varchar(255),
        contact_person varchar(255),
        contact_phone varchar(255),
        installation_address TEXT,
        notes TEXT,
        order_number varchar(255) not null unique,
        order_type varchar(255) not null check (order_type in ('NEW_SERVICE','MODIFY_SERVICE','TERMINATE_SERVICE')),
        postal_code varchar(255),
        status varchar(255) not null check (status in ('SUBMITTED','APPROVED','IN_PROGRESS','COMPLETED','CANCELLED','FAILED')),
        workflow_id varchar(255),
        primary key (id)
    )
2025-07-12 03:19:20 - 
    create table singtel_app.service_categories (
        display_order integer,
        is_active boolean,
        created_at timestamp(6) not null,
        updated_at timestamp(6) not null,
        id uuid not null,
        description TEXT,
        name varchar(255) not null,
        primary key (id)
    )
Hibernate: 
    create table singtel_app.service_categories (
        display_order integer,
        is_active boolean,
        created_at timestamp(6) not null,
        updated_at timestamp(6) not null,
        id uuid not null,
        description TEXT,
        name varchar(255) not null,
        primary key (id)
    )
2025-07-12 03:19:20 - 
    create table singtel_app.service_instances (
        contract_end_date date,
        contract_start_date date,
        current_bandwidth_mbps integer not null,
        monthly_cost numeric(10,2),
        created_at timestamp(6) not null,
        last_bandwidth_change_at timestamp(6),
        provisioned_at timestamp(6),
        updated_at timestamp(6) not null,
        company_id uuid not null,
        id uuid not null,
        service_id uuid not null,
        contact_email varchar(255),
        contact_person varchar(255),
        contact_phone varchar(255),
        installation_address TEXT not null,
        instance_name varchar(255) not null,
        postal_code varchar(255),
        status varchar(255) not null check (status in ('PENDING','PROVISIONING','ACTIVE','SUSPENDED','TERMINATED')),
        primary key (id)
    )
Hibernate: 
    create table singtel_app.service_instances (
        contract_end_date date,
        contract_start_date date,
        current_bandwidth_mbps integer not null,
        monthly_cost numeric(10,2),
        created_at timestamp(6) not null,
        last_bandwidth_change_at timestamp(6),
        provisioned_at timestamp(6),
        updated_at timestamp(6) not null,
        company_id uuid not null,
        id uuid not null,
        service_id uuid not null,
        contact_email varchar(255),
        contact_person varchar(255),
        contact_phone varchar(255),
        installation_address TEXT not null,
        instance_name varchar(255) not null,
        postal_code varchar(255),
        status varchar(255) not null check (status in ('PENDING','PROVISIONING','ACTIVE','SUSPENDED','TERMINATED')),
        primary key (id)
    )
2025-07-12 03:19:20 - 
    create table singtel_app.services (
        base_bandwidth_mbps integer,
        base_price_monthly numeric(10,2),
        contract_term_months integer,
        is_available boolean,
        is_bandwidth_adjustable boolean,
        max_bandwidth_mbps integer,
        min_bandwidth_mbps integer,
        price_per_mbps numeric(10,4),
        provisioning_time_hours integer,
        setup_fee numeric(10,2),
        created_at timestamp(6) not null,
        updated_at timestamp(6) not null,
        category_id uuid,
        id uuid not null,
        description TEXT,
        name varchar(255) not null,
        service_type varchar(255) not null,
        features jsonb,
        technical_specs jsonb,
        primary key (id)
    )
Hibernate: 
    create table singtel_app.services (
        base_bandwidth_mbps integer,
        base_price_monthly numeric(10,2),
        contract_term_months integer,
        is_available boolean,
        is_bandwidth_adjustable boolean,
        max_bandwidth_mbps integer,
        min_bandwidth_mbps integer,
        price_per_mbps numeric(10,4),
        provisioning_time_hours integer,
        setup_fee numeric(10,2),
        created_at timestamp(6) not null,
        updated_at timestamp(6) not null,
        category_id uuid,
        id uuid not null,
        description TEXT,
        name varchar(255) not null,
        service_type varchar(255) not null,
        features jsonb,
        technical_specs jsonb,
        primary key (id)
    )
2025-07-12 03:19:20 - 
    create table singtel_app.users (
        created_at timestamp(6) not null,
        last_login_at timestamp(6),
        password_changed_at timestamp(6),
        updated_at timestamp(6) not null,
        company_id uuid not null,
        id uuid not null,
        email varchar(255) not null unique,
        first_name varchar(255) not null,
        last_name varchar(255) not null,
        password_hash varchar(255) not null,
        phone varchar(255),
        role varchar(255) not null check (role in ('ADMIN','USER','VIEWER')),
        status varchar(255) not null check (status in ('ACTIVE','SUSPENDED','INACTIVE')),
        username varchar(255) not null unique,
        primary key (id)
    )
Hibernate: 
    create table singtel_app.users (
        created_at timestamp(6) not null,
        last_login_at timestamp(6),
        password_changed_at timestamp(6),
        updated_at timestamp(6) not null,
        company_id uuid not null,
        id uuid not null,
        email varchar(255) not null unique,
        first_name varchar(255) not null,
        last_name varchar(255) not null,
        password_hash varchar(255) not null,
        phone varchar(255),
        role varchar(255) not null check (role in ('ADMIN','USER','VIEWER')),
        status varchar(255) not null check (status in ('ACTIVE','SUSPENDED','INACTIVE')),
        username varchar(255) not null unique,
        primary key (id)
    )
2025-07-12 03:19:20 - 
    alter table if exists singtel_app.bandwidth_changes 
       add constraint FKphxhif2jjrqu9lieuyx52que4 
       foreign key (service_instance_id) 
       references singtel_app.service_instances
Hibernate: 
    alter table if exists singtel_app.bandwidth_changes 
       add constraint FKphxhif2jjrqu9lieuyx52que4 
       foreign key (service_instance_id) 
       references singtel_app.service_instances
2025-07-12 03:19:20 - 
    alter table if exists singtel_app.bandwidth_changes 
       add constraint FK28nd02kyos4t7lh0v8kcekug5 
       foreign key (user_id) 
       references singtel_app.users
Hibernate: 
    alter table if exists singtel_app.bandwidth_changes 
       add constraint FK28nd02kyos4t7lh0v8kcekug5 
       foreign key (user_id) 
       references singtel_app.users
2025-07-12 03:19:20 - 
    alter table if exists singtel_app.orders 
       add constraint FK1vldikbqexeu85qvsedncxvs3 
       foreign key (company_id) 
       references singtel_app.companies
Hibernate: 
    alter table if exists singtel_app.orders 
       add constraint FK1vldikbqexeu85qvsedncxvs3 
       foreign key (company_id) 
       references singtel_app.companies
2025-07-12 03:19:20 - 
    alter table if exists singtel_app.orders 
       add constraint FKj7bkj6q0u3681uv3bvq21316i 
       foreign key (service_id) 
       references singtel_app.services
Hibernate: 
    alter table if exists singtel_app.orders 
       add constraint FKj7bkj6q0u3681uv3bvq21316i 
       foreign key (service_id) 
       references singtel_app.services
2025-07-12 03:19:20 - 
    alter table if exists singtel_app.orders 
       add constraint FKrhawop2o9fmjl9a74grq767sb 
       foreign key (service_instance_id) 
       references singtel_app.service_instances
Hibernate: 
    alter table if exists singtel_app.orders 
       add constraint FKrhawop2o9fmjl9a74grq767sb 
       foreign key (service_instance_id) 
       references singtel_app.service_instances
2025-07-12 03:19:20 - 
    alter table if exists singtel_app.orders 
       add constraint FK32ql8ubntj5uh44ph9659tiih 
       foreign key (user_id) 
       references singtel_app.users
Hibernate: 
    alter table if exists singtel_app.orders 
       add constraint FK32ql8ubntj5uh44ph9659tiih 
       foreign key (user_id) 
       references singtel_app.users
2025-07-12 03:19:20 - 
    alter table if exists singtel_app.service_instances 
       add constraint FKfgoj8d6fdavbtq97989ay4l5l 
       foreign key (company_id) 
       references singtel_app.companies
Hibernate: 
    alter table if exists singtel_app.service_instances 
       add constraint FKfgoj8d6fdavbtq97989ay4l5l 
       foreign key (company_id) 
       references singtel_app.companies
2025-07-12 03:19:20 - 
    alter table if exists singtel_app.service_instances 
       add constraint FKguvw7g804iujk1276dy213sve 
       foreign key (service_id) 
       references singtel_app.services
Hibernate: 
    alter table if exists singtel_app.service_instances 
       add constraint FKguvw7g804iujk1276dy213sve 
       foreign key (service_id) 
       references singtel_app.services
2025-07-12 03:19:20 - 
    alter table if exists singtel_app.services 
       add constraint FKfffr4emayc2n4uq3yv618d9j0 
       foreign key (category_id) 
       references singtel_app.service_categories
Hibernate: 
    alter table if exists singtel_app.services 
       add constraint FKfffr4emayc2n4uq3yv618d9j0 
       foreign key (category_id) 
       references singtel_app.service_categories
2025-07-12 03:19:20 - 
    alter table if exists singtel_app.users 
       add constraint FKin8gn4o1hpiwe6qe4ey7ykwq7 
       foreign key (company_id) 
       references singtel_app.companies
Hibernate: 
    alter table if exists singtel_app.users 
       add constraint FKin8gn4o1hpiwe6qe4ey7ykwq7 
       foreign key (company_id) 
       references singtel_app.companies
2025-07-12 03:19:20 - Initialized JPA EntityManagerFactory for persistence unit 'default'
2025-07-12 03:19:20 - Started OrderRepositoryTest in 0.679 seconds (process running for 9.819)
2025-07-12 03:19:20 - 
    insert 
    into
        singtel_app.companies
        (address, company_size, country, created_at, email, industry, name, phone, postal_code, registration_number, status, updated_at, id) 
    values
        (?, ?, ?, ?, ?, ?, ?, ?, ?, ?, ?, ?, ?)
Hibernate: 
    insert 
    into
        singtel_app.companies
        (address, company_size, country, created_at, email, industry, name, phone, postal_code, registration_number, status, updated_at, id) 
    values
        (?, ?, ?, ?, ?, ?, ?, ?, ?, ?, ?, ?, ?)
2025-07-12 03:19:20 - 
    insert 
    into
        singtel_app.users
        (company_id, created_at, email, first_name, last_login_at, last_name, password_changed_at, password_hash, phone, role, status, updated_at, username, id) 
    values
        (?, ?, ?, ?, ?, ?, ?, ?, ?, ?, ?, ?, ?, ?)
Hibernate: 
    insert 
    into
        singtel_app.users
        (company_id, created_at, email, first_name, last_login_at, last_name, password_changed_at, password_hash, phone, role, status, updated_at, username, id) 
    values
        (?, ?, ?, ?, ?, ?, ?, ?, ?, ?, ?, ?, ?, ?)
2025-07-12 03:19:20 - 
    insert 
    into
        singtel_app.service_categories
        (created_at, description, display_order, is_active, name, updated_at, id) 
    values
        (?, ?, ?, ?, ?, ?, ?)
Hibernate: 
    insert 
    into
        singtel_app.service_categories
        (created_at, description, display_order, is_active, name, updated_at, id) 
    values
        (?, ?, ?, ?, ?, ?, ?)
2025-07-12 03:19:20 - 
    insert 
    into
        singtel_app.services
        (base_bandwidth_mbps, base_price_monthly, category_id, contract_term_months, created_at, description, features, is_available, is_bandwidth_adjustable, max_bandwidth_mbps, min_bandwidth_mbps, name, price_per_mbps, provisioning_time_hours, service_type, setup_fee, technical_specs, updated_at, id) 
    values
        (?, ?, ?, ?, ?, ?, ?, ?, ?, ?, ?, ?, ?, ?, ?, ?, ?, ?, ?)
Hibernate: 
    insert 
    into
        singtel_app.services
        (base_bandwidth_mbps, base_price_monthly, category_id, contract_term_months, created_at, description, features, is_available, is_bandwidth_adjustable, max_bandwidth_mbps, min_bandwidth_mbps, name, price_per_mbps, provisioning_time_hours, service_type, setup_fee, technical_specs, updated_at, id) 
    values
        (?, ?, ?, ?, ?, ?, ?, ?, ?, ?, ?, ?, ?, ?, ?, ?, ?, ?, ?)
2025-07-12 03:19:21 - 
    insert 
    into
        singtel_app.orders
        (actual_completion_date, company_id, contact_email, contact_person, contact_phone, created_at, estimated_completion_date, installation_address, notes, order_number, order_type, postal_code, requested_bandwidth_mbps, requested_date, service_id, service_instance_id, status, total_cost, updated_at, user_id, workflow_id, id) 
    values
        (?, ?, ?, ?, ?, ?, ?, ?, ?, ?, ?, ?, ?, ?, ?, ?, ?, ?, ?, ?, ?, ?)
Hibernate: 
    insert 
    into
        singtel_app.orders
        (actual_completion_date, company_id, contact_email, contact_person, contact_phone, created_at, estimated_completion_date, installation_address, notes, order_number, order_type, postal_code, requested_bandwidth_mbps, requested_date, service_id, service_instance_id, status, total_cost, updated_at, user_id, workflow_id, id) 
    values
        (?, ?, ?, ?, ?, ?, ?, ?, ?, ?, ?, ?, ?, ?, ?, ?, ?, ?, ?, ?, ?, ?)
2025-07-12 03:19:21 - 
    insert 
    into
        singtel_app.orders
        (actual_completion_date, company_id, contact_email, contact_person, contact_phone, created_at, estimated_completion_date, installation_address, notes, order_number, order_type, postal_code, requested_bandwidth_mbps, requested_date, service_id, service_instance_id, status, total_cost, updated_at, user_id, workflow_id, id) 
    values
        (?, ?, ?, ?, ?, ?, ?, ?, ?, ?, ?, ?, ?, ?, ?, ?, ?, ?, ?, ?, ?, ?)
Hibernate: 
    insert 
    into
        singtel_app.orders
        (actual_completion_date, company_id, contact_email, contact_person, contact_phone, created_at, estimated_completion_date, installation_address, notes, order_number, order_type, postal_code, requested_bandwidth_mbps, requested_date, service_id, service_instance_id, status, total_cost, updated_at, user_id, workflow_id, id) 
    values
        (?, ?, ?, ?, ?, ?, ?, ?, ?, ?, ?, ?, ?, ?, ?, ?, ?, ?, ?, ?, ?, ?)
2025-07-12 03:19:21 - JDBC URL to connect to 'dataSource': url='jdbc:postgresql://localhost:35943/itxecebnckxn?user=postgres&password=docker', scope='OrderRepositoryTest#calculateTotalOrderValueByDateRange_Success'
2025-07-12 03:19:21 - 
    select
        coalesce(sum(o1_0.total_cost), 0) 
    from
        singtel_app.orders o1_0 
    where
        o1_0.actual_completion_date between ? and ? 
        and o1_0.status='COMPLETED'
Hibernate: 
    select
        coalesce(sum(o1_0.total_cost), 0) 
    from
        singtel_app.orders o1_0 
    where
        o1_0.actual_completion_date between ? and ? 
        and o1_0.status='COMPLETED'
]]></system-out>
  </testcase>
  <testcase name="countByCompanyId_Success" classname="com.singtel.network.repository.OrderRepositoryTest" time="0.022">
    <system-out><![CDATA[2025-07-12 03:19:21 - 
    insert 
    into
        singtel_app.companies
        (address, company_size, country, created_at, email, industry, name, phone, postal_code, registration_number, status, updated_at, id) 
    values
        (?, ?, ?, ?, ?, ?, ?, ?, ?, ?, ?, ?, ?)
Hibernate: 
    insert 
    into
        singtel_app.companies
        (address, company_size, country, created_at, email, industry, name, phone, postal_code, registration_number, status, updated_at, id) 
    values
        (?, ?, ?, ?, ?, ?, ?, ?, ?, ?, ?, ?, ?)
2025-07-12 03:19:21 - 
    insert 
    into
        singtel_app.users
        (company_id, created_at, email, first_name, last_login_at, last_name, password_changed_at, password_hash, phone, role, status, updated_at, username, id) 
    values
        (?, ?, ?, ?, ?, ?, ?, ?, ?, ?, ?, ?, ?, ?)
Hibernate: 
    insert 
    into
        singtel_app.users
        (company_id, created_at, email, first_name, last_login_at, last_name, password_changed_at, password_hash, phone, role, status, updated_at, username, id) 
    values
        (?, ?, ?, ?, ?, ?, ?, ?, ?, ?, ?, ?, ?, ?)
2025-07-12 03:19:21 - 
    insert 
    into
        singtel_app.service_categories
        (created_at, description, display_order, is_active, name, updated_at, id) 
    values
        (?, ?, ?, ?, ?, ?, ?)
Hibernate: 
    insert 
    into
        singtel_app.service_categories
        (created_at, description, display_order, is_active, name, updated_at, id) 
    values
        (?, ?, ?, ?, ?, ?, ?)
2025-07-12 03:19:21 - 
    insert 
    into
        singtel_app.services
        (base_bandwidth_mbps, base_price_monthly, category_id, contract_term_months, created_at, description, features, is_available, is_bandwidth_adjustable, max_bandwidth_mbps, min_bandwidth_mbps, name, price_per_mbps, provisioning_time_hours, service_type, setup_fee, technical_specs, updated_at, id) 
    values
        (?, ?, ?, ?, ?, ?, ?, ?, ?, ?, ?, ?, ?, ?, ?, ?, ?, ?, ?)
Hibernate: 
    insert 
    into
        singtel_app.services
        (base_bandwidth_mbps, base_price_monthly, category_id, contract_term_months, created_at, description, features, is_available, is_bandwidth_adjustable, max_bandwidth_mbps, min_bandwidth_mbps, name, price_per_mbps, provisioning_time_hours, service_type, setup_fee, technical_specs, updated_at, id) 
    values
        (?, ?, ?, ?, ?, ?, ?, ?, ?, ?, ?, ?, ?, ?, ?, ?, ?, ?, ?)
2025-07-12 03:19:21 - 
    insert 
    into
        singtel_app.orders
        (actual_completion_date, company_id, contact_email, contact_person, contact_phone, created_at, estimated_completion_date, installation_address, notes, order_number, order_type, postal_code, requested_bandwidth_mbps, requested_date, service_id, service_instance_id, status, total_cost, updated_at, user_id, workflow_id, id) 
    values
        (?, ?, ?, ?, ?, ?, ?, ?, ?, ?, ?, ?, ?, ?, ?, ?, ?, ?, ?, ?, ?, ?)
Hibernate: 
    insert 
    into
        singtel_app.orders
        (actual_completion_date, company_id, contact_email, contact_person, contact_phone, created_at, estimated_completion_date, installation_address, notes, order_number, order_type, postal_code, requested_bandwidth_mbps, requested_date, service_id, service_instance_id, status, total_cost, updated_at, user_id, workflow_id, id) 
    values
        (?, ?, ?, ?, ?, ?, ?, ?, ?, ?, ?, ?, ?, ?, ?, ?, ?, ?, ?, ?, ?, ?)
2025-07-12 03:19:21 - 
    insert 
    into
        singtel_app.orders
        (actual_completion_date, company_id, contact_email, contact_person, contact_phone, created_at, estimated_completion_date, installation_address, notes, order_number, order_type, postal_code, requested_bandwidth_mbps, requested_date, service_id, service_instance_id, status, total_cost, updated_at, user_id, workflow_id, id) 
    values
        (?, ?, ?, ?, ?, ?, ?, ?, ?, ?, ?, ?, ?, ?, ?, ?, ?, ?, ?, ?, ?, ?)
Hibernate: 
    insert 
    into
        singtel_app.orders
        (actual_completion_date, company_id, contact_email, contact_person, contact_phone, created_at, estimated_completion_date, installation_address, notes, order_number, order_type, postal_code, requested_bandwidth_mbps, requested_date, service_id, service_instance_id, status, total_cost, updated_at, user_id, workflow_id, id) 
    values
        (?, ?, ?, ?, ?, ?, ?, ?, ?, ?, ?, ?, ?, ?, ?, ?, ?, ?, ?, ?, ?, ?)
2025-07-12 03:19:21 - JDBC URL to connect to 'dataSource': url='jdbc:postgresql://localhost:35943/itxecebnckxn?user=postgres&password=docker', scope='OrderRepositoryTest#countByCompanyId_Success'
2025-07-12 03:19:21 - 
    select
        count(o1_0.id) 
    from
        singtel_app.orders o1_0 
    where
        o1_0.company_id=?
Hibernate: 
    select
        count(o1_0.id) 
    from
        singtel_app.orders o1_0 
    where
        o1_0.company_id=?
]]></system-out>
  </testcase>
  <testcase name="findNextOrderSequence_Success" classname="com.singtel.network.repository.OrderRepositoryTest" time="0.021">
    <system-out><![CDATA[2025-07-12 03:19:21 - 
    insert 
    into
        singtel_app.companies
        (address, company_size, country, created_at, email, industry, name, phone, postal_code, registration_number, status, updated_at, id) 
    values
        (?, ?, ?, ?, ?, ?, ?, ?, ?, ?, ?, ?, ?)
Hibernate: 
    insert 
    into
        singtel_app.companies
        (address, company_size, country, created_at, email, industry, name, phone, postal_code, registration_number, status, updated_at, id) 
    values
        (?, ?, ?, ?, ?, ?, ?, ?, ?, ?, ?, ?, ?)
2025-07-12 03:19:21 - 
    insert 
    into
        singtel_app.users
        (company_id, created_at, email, first_name, last_login_at, last_name, password_changed_at, password_hash, phone, role, status, updated_at, username, id) 
    values
        (?, ?, ?, ?, ?, ?, ?, ?, ?, ?, ?, ?, ?, ?)
Hibernate: 
    insert 
    into
        singtel_app.users
        (company_id, created_at, email, first_name, last_login_at, last_name, password_changed_at, password_hash, phone, role, status, updated_at, username, id) 
    values
        (?, ?, ?, ?, ?, ?, ?, ?, ?, ?, ?, ?, ?, ?)
2025-07-12 03:19:21 - 
    insert 
    into
        singtel_app.service_categories
        (created_at, description, display_order, is_active, name, updated_at, id) 
    values
        (?, ?, ?, ?, ?, ?, ?)
Hibernate: 
    insert 
    into
        singtel_app.service_categories
        (created_at, description, display_order, is_active, name, updated_at, id) 
    values
        (?, ?, ?, ?, ?, ?, ?)
2025-07-12 03:19:21 - 
    insert 
    into
        singtel_app.services
        (base_bandwidth_mbps, base_price_monthly, category_id, contract_term_months, created_at, description, features, is_available, is_bandwidth_adjustable, max_bandwidth_mbps, min_bandwidth_mbps, name, price_per_mbps, provisioning_time_hours, service_type, setup_fee, technical_specs, updated_at, id) 
    values
        (?, ?, ?, ?, ?, ?, ?, ?, ?, ?, ?, ?, ?, ?, ?, ?, ?, ?, ?)
Hibernate: 
    insert 
    into
        singtel_app.services
        (base_bandwidth_mbps, base_price_monthly, category_id, contract_term_months, created_at, description, features, is_available, is_bandwidth_adjustable, max_bandwidth_mbps, min_bandwidth_mbps, name, price_per_mbps, provisioning_time_hours, service_type, setup_fee, technical_specs, updated_at, id) 
    values
        (?, ?, ?, ?, ?, ?, ?, ?, ?, ?, ?, ?, ?, ?, ?, ?, ?, ?, ?)
2025-07-12 03:19:21 - 
    insert 
    into
        singtel_app.orders
        (actual_completion_date, company_id, contact_email, contact_person, contact_phone, created_at, estimated_completion_date, installation_address, notes, order_number, order_type, postal_code, requested_bandwidth_mbps, requested_date, service_id, service_instance_id, status, total_cost, updated_at, user_id, workflow_id, id) 
    values
        (?, ?, ?, ?, ?, ?, ?, ?, ?, ?, ?, ?, ?, ?, ?, ?, ?, ?, ?, ?, ?, ?)
Hibernate: 
    insert 
    into
        singtel_app.orders
        (actual_completion_date, company_id, contact_email, contact_person, contact_phone, created_at, estimated_completion_date, installation_address, notes, order_number, order_type, postal_code, requested_bandwidth_mbps, requested_date, service_id, service_instance_id, status, total_cost, updated_at, user_id, workflow_id, id) 
    values
        (?, ?, ?, ?, ?, ?, ?, ?, ?, ?, ?, ?, ?, ?, ?, ?, ?, ?, ?, ?, ?, ?)
2025-07-12 03:19:21 - 
    insert 
    into
        singtel_app.orders
        (actual_completion_date, company_id, contact_email, contact_person, contact_phone, created_at, estimated_completion_date, installation_address, notes, order_number, order_type, postal_code, requested_bandwidth_mbps, requested_date, service_id, service_instance_id, status, total_cost, updated_at, user_id, workflow_id, id) 
    values
        (?, ?, ?, ?, ?, ?, ?, ?, ?, ?, ?, ?, ?, ?, ?, ?, ?, ?, ?, ?, ?, ?)
Hibernate: 
    insert 
    into
        singtel_app.orders
        (actual_completion_date, company_id, contact_email, contact_person, contact_phone, created_at, estimated_completion_date, installation_address, notes, order_number, order_type, postal_code, requested_bandwidth_mbps, requested_date, service_id, service_instance_id, status, total_cost, updated_at, user_id, workflow_id, id) 
    values
        (?, ?, ?, ?, ?, ?, ?, ?, ?, ?, ?, ?, ?, ?, ?, ?, ?, ?, ?, ?, ?, ?)
2025-07-12 03:19:21 - JDBC URL to connect to 'dataSource': url='jdbc:postgresql://localhost:35943/itxecebnckxn?user=postgres&password=docker', scope='OrderRepositoryTest#findNextOrderSequence_Success'
2025-07-12 03:19:21 - 
    select
        (coalesce(max(cast(substr(o1_0.order_number, 5) as integer)), 0)+1) 
    from
        singtel_app.orders o1_0 
    where
        o1_0.order_number like 'ORD-%' escape ''
Hibernate: 
    select
        (coalesce(max(cast(substr(o1_0.order_number, 5) as integer)), 0)+1) 
    from
        singtel_app.orders o1_0 
    where
        o1_0.order_number like 'ORD-%' escape ''
]]></system-out>
  </testcase>
  <testcase name="findByStatus_Success" classname="com.singtel.network.repository.OrderRepositoryTest" time="0.032">
    <system-out><![CDATA[2025-07-12 03:19:21 - 
    insert 
    into
        singtel_app.companies
        (address, company_size, country, created_at, email, industry, name, phone, postal_code, registration_number, status, updated_at, id) 
    values
        (?, ?, ?, ?, ?, ?, ?, ?, ?, ?, ?, ?, ?)
Hibernate: 
    insert 
    into
        singtel_app.companies
        (address, company_size, country, created_at, email, industry, name, phone, postal_code, registration_number, status, updated_at, id) 
    values
        (?, ?, ?, ?, ?, ?, ?, ?, ?, ?, ?, ?, ?)
2025-07-12 03:19:21 - 
    insert 
    into
        singtel_app.users
        (company_id, created_at, email, first_name, last_login_at, last_name, password_changed_at, password_hash, phone, role, status, updated_at, username, id) 
    values
        (?, ?, ?, ?, ?, ?, ?, ?, ?, ?, ?, ?, ?, ?)
Hibernate: 
    insert 
    into
        singtel_app.users
        (company_id, created_at, email, first_name, last_login_at, last_name, password_changed_at, password_hash, phone, role, status, updated_at, username, id) 
    values
        (?, ?, ?, ?, ?, ?, ?, ?, ?, ?, ?, ?, ?, ?)
2025-07-12 03:19:21 - 
    insert 
    into
        singtel_app.service_categories
        (created_at, description, display_order, is_active, name, updated_at, id) 
    values
        (?, ?, ?, ?, ?, ?, ?)
Hibernate: 
    insert 
    into
        singtel_app.service_categories
        (created_at, description, display_order, is_active, name, updated_at, id) 
    values
        (?, ?, ?, ?, ?, ?, ?)
2025-07-12 03:19:21 - 
    insert 
    into
        singtel_app.services
        (base_bandwidth_mbps, base_price_monthly, category_id, contract_term_months, created_at, description, features, is_available, is_bandwidth_adjustable, max_bandwidth_mbps, min_bandwidth_mbps, name, price_per_mbps, provisioning_time_hours, service_type, setup_fee, technical_specs, updated_at, id) 
    values
        (?, ?, ?, ?, ?, ?, ?, ?, ?, ?, ?, ?, ?, ?, ?, ?, ?, ?, ?)
Hibernate: 
    insert 
    into
        singtel_app.services
        (base_bandwidth_mbps, base_price_monthly, category_id, contract_term_months, created_at, description, features, is_available, is_bandwidth_adjustable, max_bandwidth_mbps, min_bandwidth_mbps, name, price_per_mbps, provisioning_time_hours, service_type, setup_fee, technical_specs, updated_at, id) 
    values
        (?, ?, ?, ?, ?, ?, ?, ?, ?, ?, ?, ?, ?, ?, ?, ?, ?, ?, ?)
2025-07-12 03:19:21 - 
    insert 
    into
        singtel_app.orders
        (actual_completion_date, company_id, contact_email, contact_person, contact_phone, created_at, estimated_completion_date, installation_address, notes, order_number, order_type, postal_code, requested_bandwidth_mbps, requested_date, service_id, service_instance_id, status, total_cost, updated_at, user_id, workflow_id, id) 
    values
        (?, ?, ?, ?, ?, ?, ?, ?, ?, ?, ?, ?, ?, ?, ?, ?, ?, ?, ?, ?, ?, ?)
Hibernate: 
    insert 
    into
        singtel_app.orders
        (actual_completion_date, company_id, contact_email, contact_person, contact_phone, created_at, estimated_completion_date, installation_address, notes, order_number, order_type, postal_code, requested_bandwidth_mbps, requested_date, service_id, service_instance_id, status, total_cost, updated_at, user_id, workflow_id, id) 
    values
        (?, ?, ?, ?, ?, ?, ?, ?, ?, ?, ?, ?, ?, ?, ?, ?, ?, ?, ?, ?, ?, ?)
2025-07-12 03:19:21 - 
    insert 
    into
        singtel_app.orders
        (actual_completion_date, company_id, contact_email, contact_person, contact_phone, created_at, estimated_completion_date, installation_address, notes, order_number, order_type, postal_code, requested_bandwidth_mbps, requested_date, service_id, service_instance_id, status, total_cost, updated_at, user_id, workflow_id, id) 
    values
        (?, ?, ?, ?, ?, ?, ?, ?, ?, ?, ?, ?, ?, ?, ?, ?, ?, ?, ?, ?, ?, ?)
Hibernate: 
    insert 
    into
        singtel_app.orders
        (actual_completion_date, company_id, contact_email, contact_person, contact_phone, created_at, estimated_completion_date, installation_address, notes, order_number, order_type, postal_code, requested_bandwidth_mbps, requested_date, service_id, service_instance_id, status, total_cost, updated_at, user_id, workflow_id, id) 
    values
        (?, ?, ?, ?, ?, ?, ?, ?, ?, ?, ?, ?, ?, ?, ?, ?, ?, ?, ?, ?, ?, ?)
2025-07-12 03:19:21 - JDBC URL to connect to 'dataSource': url='jdbc:postgresql://localhost:35943/itxecebnckxn?user=postgres&password=docker', scope='OrderRepositoryTest#findByStatus_Success'
2025-07-12 03:19:21 - 
    select
        o1_0.id,
        o1_0.actual_completion_date,
        o1_0.company_id,
        o1_0.contact_email,
        o1_0.contact_person,
        o1_0.contact_phone,
        o1_0.created_at,
        o1_0.estimated_completion_date,
        o1_0.installation_address,
        o1_0.notes,
        o1_0.order_number,
        o1_0.order_type,
        o1_0.postal_code,
        o1_0.requested_bandwidth_mbps,
        o1_0.requested_date,
        o1_0.service_id,
        o1_0.service_instance_id,
        o1_0.status,
        o1_0.total_cost,
        o1_0.updated_at,
        o1_0.user_id,
        o1_0.workflow_id 
    from
        singtel_app.orders o1_0 
    where
        o1_0.status=?
Hibernate: 
    select
        o1_0.id,
        o1_0.actual_completion_date,
        o1_0.company_id,
        o1_0.contact_email,
        o1_0.contact_person,
        o1_0.contact_phone,
        o1_0.created_at,
        o1_0.estimated_completion_date,
        o1_0.installation_address,
        o1_0.notes,
        o1_0.order_number,
        o1_0.order_type,
        o1_0.postal_code,
        o1_0.requested_bandwidth_mbps,
        o1_0.requested_date,
        o1_0.service_id,
        o1_0.service_instance_id,
        o1_0.status,
        o1_0.total_cost,
        o1_0.updated_at,
        o1_0.user_id,
        o1_0.workflow_id 
    from
        singtel_app.orders o1_0 
    where
        o1_0.status=?
2025-07-12 03:19:21 - 
    select
        o1_0.id,
        o1_0.actual_completion_date,
        o1_0.company_id,
        o1_0.contact_email,
        o1_0.contact_person,
        o1_0.contact_phone,
        o1_0.created_at,
        o1_0.estimated_completion_date,
        o1_0.installation_address,
        o1_0.notes,
        o1_0.order_number,
        o1_0.order_type,
        o1_0.postal_code,
        o1_0.requested_bandwidth_mbps,
        o1_0.requested_date,
        o1_0.service_id,
        o1_0.service_instance_id,
        o1_0.status,
        o1_0.total_cost,
        o1_0.updated_at,
        o1_0.user_id,
        o1_0.workflow_id 
    from
        singtel_app.orders o1_0 
    where
        o1_0.status=?
Hibernate: 
    select
        o1_0.id,
        o1_0.actual_completion_date,
        o1_0.company_id,
        o1_0.contact_email,
        o1_0.contact_person,
        o1_0.contact_phone,
        o1_0.created_at,
        o1_0.estimated_completion_date,
        o1_0.installation_address,
        o1_0.notes,
        o1_0.order_number,
        o1_0.order_type,
        o1_0.postal_code,
        o1_0.requested_bandwidth_mbps,
        o1_0.requested_date,
        o1_0.service_id,
        o1_0.service_instance_id,
        o1_0.status,
        o1_0.total_cost,
        o1_0.updated_at,
        o1_0.user_id,
        o1_0.workflow_id 
    from
        singtel_app.orders o1_0 
    where
        o1_0.status=?
]]></system-out>
  </testcase>
  <testcase name="findByCompanyId_Success" classname="com.singtel.network.repository.OrderRepositoryTest" time="0.02">
    <system-out><![CDATA[2025-07-12 03:19:21 - 
    insert 
    into
        singtel_app.companies
        (address, company_size, country, created_at, email, industry, name, phone, postal_code, registration_number, status, updated_at, id) 
    values
        (?, ?, ?, ?, ?, ?, ?, ?, ?, ?, ?, ?, ?)
Hibernate: 
    insert 
    into
        singtel_app.companies
        (address, company_size, country, created_at, email, industry, name, phone, postal_code, registration_number, status, updated_at, id) 
    values
        (?, ?, ?, ?, ?, ?, ?, ?, ?, ?, ?, ?, ?)
2025-07-12 03:19:21 - 
    insert 
    into
        singtel_app.users
        (company_id, created_at, email, first_name, last_login_at, last_name, password_changed_at, password_hash, phone, role, status, updated_at, username, id) 
    values
        (?, ?, ?, ?, ?, ?, ?, ?, ?, ?, ?, ?, ?, ?)
Hibernate: 
    insert 
    into
        singtel_app.users
        (company_id, created_at, email, first_name, last_login_at, last_name, password_changed_at, password_hash, phone, role, status, updated_at, username, id) 
    values
        (?, ?, ?, ?, ?, ?, ?, ?, ?, ?, ?, ?, ?, ?)
2025-07-12 03:19:21 - 
    insert 
    into
        singtel_app.service_categories
        (created_at, description, display_order, is_active, name, updated_at, id) 
    values
        (?, ?, ?, ?, ?, ?, ?)
Hibernate: 
    insert 
    into
        singtel_app.service_categories
        (created_at, description, display_order, is_active, name, updated_at, id) 
    values
        (?, ?, ?, ?, ?, ?, ?)
2025-07-12 03:19:21 - 
    insert 
    into
        singtel_app.services
        (base_bandwidth_mbps, base_price_monthly, category_id, contract_term_months, created_at, description, features, is_available, is_bandwidth_adjustable, max_bandwidth_mbps, min_bandwidth_mbps, name, price_per_mbps, provisioning_time_hours, service_type, setup_fee, technical_specs, updated_at, id) 
    values
        (?, ?, ?, ?, ?, ?, ?, ?, ?, ?, ?, ?, ?, ?, ?, ?, ?, ?, ?)
Hibernate: 
    insert 
    into
        singtel_app.services
        (base_bandwidth_mbps, base_price_monthly, category_id, contract_term_months, created_at, description, features, is_available, is_bandwidth_adjustable, max_bandwidth_mbps, min_bandwidth_mbps, name, price_per_mbps, provisioning_time_hours, service_type, setup_fee, technical_specs, updated_at, id) 
    values
        (?, ?, ?, ?, ?, ?, ?, ?, ?, ?, ?, ?, ?, ?, ?, ?, ?, ?, ?)
2025-07-12 03:19:21 - 
    insert 
    into
        singtel_app.orders
        (actual_completion_date, company_id, contact_email, contact_person, contact_phone, created_at, estimated_completion_date, installation_address, notes, order_number, order_type, postal_code, requested_bandwidth_mbps, requested_date, service_id, service_instance_id, status, total_cost, updated_at, user_id, workflow_id, id) 
    values
        (?, ?, ?, ?, ?, ?, ?, ?, ?, ?, ?, ?, ?, ?, ?, ?, ?, ?, ?, ?, ?, ?)
Hibernate: 
    insert 
    into
        singtel_app.orders
        (actual_completion_date, company_id, contact_email, contact_person, contact_phone, created_at, estimated_completion_date, installation_address, notes, order_number, order_type, postal_code, requested_bandwidth_mbps, requested_date, service_id, service_instance_id, status, total_cost, updated_at, user_id, workflow_id, id) 
    values
        (?, ?, ?, ?, ?, ?, ?, ?, ?, ?, ?, ?, ?, ?, ?, ?, ?, ?, ?, ?, ?, ?)
2025-07-12 03:19:21 - 
    insert 
    into
        singtel_app.orders
        (actual_completion_date, company_id, contact_email, contact_person, contact_phone, created_at, estimated_completion_date, installation_address, notes, order_number, order_type, postal_code, requested_bandwidth_mbps, requested_date, service_id, service_instance_id, status, total_cost, updated_at, user_id, workflow_id, id) 
    values
        (?, ?, ?, ?, ?, ?, ?, ?, ?, ?, ?, ?, ?, ?, ?, ?, ?, ?, ?, ?, ?, ?)
Hibernate: 
    insert 
    into
        singtel_app.orders
        (actual_completion_date, company_id, contact_email, contact_person, contact_phone, created_at, estimated_completion_date, installation_address, notes, order_number, order_type, postal_code, requested_bandwidth_mbps, requested_date, service_id, service_instance_id, status, total_cost, updated_at, user_id, workflow_id, id) 
    values
        (?, ?, ?, ?, ?, ?, ?, ?, ?, ?, ?, ?, ?, ?, ?, ?, ?, ?, ?, ?, ?, ?)
2025-07-12 03:19:21 - JDBC URL to connect to 'dataSource': url='jdbc:postgresql://localhost:35943/itxecebnckxn?user=postgres&password=docker', scope='OrderRepositoryTest#findByCompanyId_Success'
2025-07-12 03:19:21 - 
    select
        o1_0.id,
        o1_0.actual_completion_date,
        o1_0.company_id,
        o1_0.contact_email,
        o1_0.contact_person,
        o1_0.contact_phone,
        o1_0.created_at,
        o1_0.estimated_completion_date,
        o1_0.installation_address,
        o1_0.notes,
        o1_0.order_number,
        o1_0.order_type,
        o1_0.postal_code,
        o1_0.requested_bandwidth_mbps,
        o1_0.requested_date,
        o1_0.service_id,
        o1_0.service_instance_id,
        o1_0.status,
        o1_0.total_cost,
        o1_0.updated_at,
        o1_0.user_id,
        o1_0.workflow_id 
    from
        singtel_app.orders o1_0 
    where
        o1_0.company_id=?
Hibernate: 
    select
        o1_0.id,
        o1_0.actual_completion_date,
        o1_0.company_id,
        o1_0.contact_email,
        o1_0.contact_person,
        o1_0.contact_phone,
        o1_0.created_at,
        o1_0.estimated_completion_date,
        o1_0.installation_address,
        o1_0.notes,
        o1_0.order_number,
        o1_0.order_type,
        o1_0.postal_code,
        o1_0.requested_bandwidth_mbps,
        o1_0.requested_date,
        o1_0.service_id,
        o1_0.service_instance_id,
        o1_0.status,
        o1_0.total_cost,
        o1_0.updated_at,
        o1_0.user_id,
        o1_0.workflow_id 
    from
        singtel_app.orders o1_0 
    where
        o1_0.company_id=?
]]></system-out>
  </testcase>
  <testcase name="findByCompanyIdAndOrderType_Success" classname="com.singtel.network.repository.OrderRepositoryTest" time="0.019">
    <system-out><![CDATA[2025-07-12 03:19:21 - 
    insert 
    into
        singtel_app.companies
        (address, company_size, country, created_at, email, industry, name, phone, postal_code, registration_number, status, updated_at, id) 
    values
        (?, ?, ?, ?, ?, ?, ?, ?, ?, ?, ?, ?, ?)
Hibernate: 
    insert 
    into
        singtel_app.companies
        (address, company_size, country, created_at, email, industry, name, phone, postal_code, registration_number, status, updated_at, id) 
    values
        (?, ?, ?, ?, ?, ?, ?, ?, ?, ?, ?, ?, ?)
2025-07-12 03:19:21 - 
    insert 
    into
        singtel_app.users
        (company_id, created_at, email, first_name, last_login_at, last_name, password_changed_at, password_hash, phone, role, status, updated_at, username, id) 
    values
        (?, ?, ?, ?, ?, ?, ?, ?, ?, ?, ?, ?, ?, ?)
Hibernate: 
    insert 
    into
        singtel_app.users
        (company_id, created_at, email, first_name, last_login_at, last_name, password_changed_at, password_hash, phone, role, status, updated_at, username, id) 
    values
        (?, ?, ?, ?, ?, ?, ?, ?, ?, ?, ?, ?, ?, ?)
2025-07-12 03:19:21 - 
    insert 
    into
        singtel_app.service_categories
        (created_at, description, display_order, is_active, name, updated_at, id) 
    values
        (?, ?, ?, ?, ?, ?, ?)
Hibernate: 
    insert 
    into
        singtel_app.service_categories
        (created_at, description, display_order, is_active, name, updated_at, id) 
    values
        (?, ?, ?, ?, ?, ?, ?)
2025-07-12 03:19:21 - 
    insert 
    into
        singtel_app.services
        (base_bandwidth_mbps, base_price_monthly, category_id, contract_term_months, created_at, description, features, is_available, is_bandwidth_adjustable, max_bandwidth_mbps, min_bandwidth_mbps, name, price_per_mbps, provisioning_time_hours, service_type, setup_fee, technical_specs, updated_at, id) 
    values
        (?, ?, ?, ?, ?, ?, ?, ?, ?, ?, ?, ?, ?, ?, ?, ?, ?, ?, ?)
Hibernate: 
    insert 
    into
        singtel_app.services
        (base_bandwidth_mbps, base_price_monthly, category_id, contract_term_months, created_at, description, features, is_available, is_bandwidth_adjustable, max_bandwidth_mbps, min_bandwidth_mbps, name, price_per_mbps, provisioning_time_hours, service_type, setup_fee, technical_specs, updated_at, id) 
    values
        (?, ?, ?, ?, ?, ?, ?, ?, ?, ?, ?, ?, ?, ?, ?, ?, ?, ?, ?)
2025-07-12 03:19:21 - 
    insert 
    into
        singtel_app.orders
        (actual_completion_date, company_id, contact_email, contact_person, contact_phone, created_at, estimated_completion_date, installation_address, notes, order_number, order_type, postal_code, requested_bandwidth_mbps, requested_date, service_id, service_instance_id, status, total_cost, updated_at, user_id, workflow_id, id) 
    values
        (?, ?, ?, ?, ?, ?, ?, ?, ?, ?, ?, ?, ?, ?, ?, ?, ?, ?, ?, ?, ?, ?)
Hibernate: 
    insert 
    into
        singtel_app.orders
        (actual_completion_date, company_id, contact_email, contact_person, contact_phone, created_at, estimated_completion_date, installation_address, notes, order_number, order_type, postal_code, requested_bandwidth_mbps, requested_date, service_id, service_instance_id, status, total_cost, updated_at, user_id, workflow_id, id) 
    values
        (?, ?, ?, ?, ?, ?, ?, ?, ?, ?, ?, ?, ?, ?, ?, ?, ?, ?, ?, ?, ?, ?)
2025-07-12 03:19:21 - 
    insert 
    into
        singtel_app.orders
        (actual_completion_date, company_id, contact_email, contact_person, contact_phone, created_at, estimated_completion_date, installation_address, notes, order_number, order_type, postal_code, requested_bandwidth_mbps, requested_date, service_id, service_instance_id, status, total_cost, updated_at, user_id, workflow_id, id) 
    values
        (?, ?, ?, ?, ?, ?, ?, ?, ?, ?, ?, ?, ?, ?, ?, ?, ?, ?, ?, ?, ?, ?)
Hibernate: 
    insert 
    into
        singtel_app.orders
        (actual_completion_date, company_id, contact_email, contact_person, contact_phone, created_at, estimated_completion_date, installation_address, notes, order_number, order_type, postal_code, requested_bandwidth_mbps, requested_date, service_id, service_instance_id, status, total_cost, updated_at, user_id, workflow_id, id) 
    values
        (?, ?, ?, ?, ?, ?, ?, ?, ?, ?, ?, ?, ?, ?, ?, ?, ?, ?, ?, ?, ?, ?)
2025-07-12 03:19:21 - JDBC URL to connect to 'dataSource': url='jdbc:postgresql://localhost:35943/itxecebnckxn?user=postgres&password=docker', scope='OrderRepositoryTest#findByCompanyIdAndOrderType_Success'
2025-07-12 03:19:21 - 
    select
        o1_0.id,
        o1_0.actual_completion_date,
        o1_0.company_id,
        o1_0.contact_email,
        o1_0.contact_person,
        o1_0.contact_phone,
        o1_0.created_at,
        o1_0.estimated_completion_date,
        o1_0.installation_address,
        o1_0.notes,
        o1_0.order_number,
        o1_0.order_type,
        o1_0.postal_code,
        o1_0.requested_bandwidth_mbps,
        o1_0.requested_date,
        o1_0.service_id,
        o1_0.service_instance_id,
        o1_0.status,
        o1_0.total_cost,
        o1_0.updated_at,
        o1_0.user_id,
        o1_0.workflow_id 
    from
        singtel_app.orders o1_0 
    where
        o1_0.company_id=? 
        and o1_0.order_type=?
Hibernate: 
    select
        o1_0.id,
        o1_0.actual_completion_date,
        o1_0.company_id,
        o1_0.contact_email,
        o1_0.contact_person,
        o1_0.contact_phone,
        o1_0.created_at,
        o1_0.estimated_completion_date,
        o1_0.installation_address,
        o1_0.notes,
        o1_0.order_number,
        o1_0.order_type,
        o1_0.postal_code,
        o1_0.requested_bandwidth_mbps,
        o1_0.requested_date,
        o1_0.service_id,
        o1_0.service_instance_id,
        o1_0.status,
        o1_0.total_cost,
        o1_0.updated_at,
        o1_0.user_id,
        o1_0.workflow_id 
    from
        singtel_app.orders o1_0 
    where
        o1_0.company_id=? 
        and o1_0.order_type=?
]]></system-out>
  </testcase>
  <testcase name="findByOrderNumber_Success" classname="com.singtel.network.repository.OrderRepositoryTest" time="0.021">
    <system-out><![CDATA[2025-07-12 03:19:21 - 
    insert 
    into
        singtel_app.companies
        (address, company_size, country, created_at, email, industry, name, phone, postal_code, registration_number, status, updated_at, id) 
    values
        (?, ?, ?, ?, ?, ?, ?, ?, ?, ?, ?, ?, ?)
Hibernate: 
    insert 
    into
        singtel_app.companies
        (address, company_size, country, created_at, email, industry, name, phone, postal_code, registration_number, status, updated_at, id) 
    values
        (?, ?, ?, ?, ?, ?, ?, ?, ?, ?, ?, ?, ?)
2025-07-12 03:19:21 - 
    insert 
    into
        singtel_app.users
        (company_id, created_at, email, first_name, last_login_at, last_name, password_changed_at, password_hash, phone, role, status, updated_at, username, id) 
    values
        (?, ?, ?, ?, ?, ?, ?, ?, ?, ?, ?, ?, ?, ?)
Hibernate: 
    insert 
    into
        singtel_app.users
        (company_id, created_at, email, first_name, last_login_at, last_name, password_changed_at, password_hash, phone, role, status, updated_at, username, id) 
    values
        (?, ?, ?, ?, ?, ?, ?, ?, ?, ?, ?, ?, ?, ?)
2025-07-12 03:19:21 - 
    insert 
    into
        singtel_app.service_categories
        (created_at, description, display_order, is_active, name, updated_at, id) 
    values
        (?, ?, ?, ?, ?, ?, ?)
Hibernate: 
    insert 
    into
        singtel_app.service_categories
        (created_at, description, display_order, is_active, name, updated_at, id) 
    values
        (?, ?, ?, ?, ?, ?, ?)
2025-07-12 03:19:21 - 
    insert 
    into
        singtel_app.services
        (base_bandwidth_mbps, base_price_monthly, category_id, contract_term_months, created_at, description, features, is_available, is_bandwidth_adjustable, max_bandwidth_mbps, min_bandwidth_mbps, name, price_per_mbps, provisioning_time_hours, service_type, setup_fee, technical_specs, updated_at, id) 
    values
        (?, ?, ?, ?, ?, ?, ?, ?, ?, ?, ?, ?, ?, ?, ?, ?, ?, ?, ?)
Hibernate: 
    insert 
    into
        singtel_app.services
        (base_bandwidth_mbps, base_price_monthly, category_id, contract_term_months, created_at, description, features, is_available, is_bandwidth_adjustable, max_bandwidth_mbps, min_bandwidth_mbps, name, price_per_mbps, provisioning_time_hours, service_type, setup_fee, technical_specs, updated_at, id) 
    values
        (?, ?, ?, ?, ?, ?, ?, ?, ?, ?, ?, ?, ?, ?, ?, ?, ?, ?, ?)
2025-07-12 03:19:21 - 
    insert 
    into
        singtel_app.orders
        (actual_completion_date, company_id, contact_email, contact_person, contact_phone, created_at, estimated_completion_date, installation_address, notes, order_number, order_type, postal_code, requested_bandwidth_mbps, requested_date, service_id, service_instance_id, status, total_cost, updated_at, user_id, workflow_id, id) 
    values
        (?, ?, ?, ?, ?, ?, ?, ?, ?, ?, ?, ?, ?, ?, ?, ?, ?, ?, ?, ?, ?, ?)
Hibernate: 
    insert 
    into
        singtel_app.orders
        (actual_completion_date, company_id, contact_email, contact_person, contact_phone, created_at, estimated_completion_date, installation_address, notes, order_number, order_type, postal_code, requested_bandwidth_mbps, requested_date, service_id, service_instance_id, status, total_cost, updated_at, user_id, workflow_id, id) 
    values
        (?, ?, ?, ?, ?, ?, ?, ?, ?, ?, ?, ?, ?, ?, ?, ?, ?, ?, ?, ?, ?, ?)
2025-07-12 03:19:21 - 
    insert 
    into
        singtel_app.orders
        (actual_completion_date, company_id, contact_email, contact_person, contact_phone, created_at, estimated_completion_date, installation_address, notes, order_number, order_type, postal_code, requested_bandwidth_mbps, requested_date, service_id, service_instance_id, status, total_cost, updated_at, user_id, workflow_id, id) 
    values
        (?, ?, ?, ?, ?, ?, ?, ?, ?, ?, ?, ?, ?, ?, ?, ?, ?, ?, ?, ?, ?, ?)
Hibernate: 
    insert 
    into
        singtel_app.orders
        (actual_completion_date, company_id, contact_email, contact_person, contact_phone, created_at, estimated_completion_date, installation_address, notes, order_number, order_type, postal_code, requested_bandwidth_mbps, requested_date, service_id, service_instance_id, status, total_cost, updated_at, user_id, workflow_id, id) 
    values
        (?, ?, ?, ?, ?, ?, ?, ?, ?, ?, ?, ?, ?, ?, ?, ?, ?, ?, ?, ?, ?, ?)
2025-07-12 03:19:21 - JDBC URL to connect to 'dataSource': url='jdbc:postgresql://localhost:35943/itxecebnckxn?user=postgres&password=docker', scope='OrderRepositoryTest#findByOrderNumber_Success'
2025-07-12 03:19:21 - 
    select
        o1_0.id,
        o1_0.actual_completion_date,
        o1_0.company_id,
        o1_0.contact_email,
        o1_0.contact_person,
        o1_0.contact_phone,
        o1_0.created_at,
        o1_0.estimated_completion_date,
        o1_0.installation_address,
        o1_0.notes,
        o1_0.order_number,
        o1_0.order_type,
        o1_0.postal_code,
        o1_0.requested_bandwidth_mbps,
        o1_0.requested_date,
        o1_0.service_id,
        o1_0.service_instance_id,
        o1_0.status,
        o1_0.total_cost,
        o1_0.updated_at,
        o1_0.user_id,
        o1_0.workflow_id 
    from
        singtel_app.orders o1_0 
    where
        o1_0.order_number=?
Hibernate: 
    select
        o1_0.id,
        o1_0.actual_completion_date,
        o1_0.company_id,
        o1_0.contact_email,
        o1_0.contact_person,
        o1_0.contact_phone,
        o1_0.created_at,
        o1_0.estimated_completion_date,
        o1_0.installation_address,
        o1_0.notes,
        o1_0.order_number,
        o1_0.order_type,
        o1_0.postal_code,
        o1_0.requested_bandwidth_mbps,
        o1_0.requested_date,
        o1_0.service_id,
        o1_0.service_instance_id,
        o1_0.status,
        o1_0.total_cost,
        o1_0.updated_at,
        o1_0.user_id,
        o1_0.workflow_id 
    from
        singtel_app.orders o1_0 
    where
        o1_0.order_number=?
]]></system-out>
  </testcase>
  <testcase name="findPendingOrdersByCompany_Success" classname="com.singtel.network.repository.OrderRepositoryTest" time="0.02">
    <system-out><![CDATA[2025-07-12 03:19:21 - 
    insert 
    into
        singtel_app.companies
        (address, company_size, country, created_at, email, industry, name, phone, postal_code, registration_number, status, updated_at, id) 
    values
        (?, ?, ?, ?, ?, ?, ?, ?, ?, ?, ?, ?, ?)
Hibernate: 
    insert 
    into
        singtel_app.companies
        (address, company_size, country, created_at, email, industry, name, phone, postal_code, registration_number, status, updated_at, id) 
    values
        (?, ?, ?, ?, ?, ?, ?, ?, ?, ?, ?, ?, ?)
2025-07-12 03:19:21 - 
    insert 
    into
        singtel_app.users
        (company_id, created_at, email, first_name, last_login_at, last_name, password_changed_at, password_hash, phone, role, status, updated_at, username, id) 
    values
        (?, ?, ?, ?, ?, ?, ?, ?, ?, ?, ?, ?, ?, ?)
Hibernate: 
    insert 
    into
        singtel_app.users
        (company_id, created_at, email, first_name, last_login_at, last_name, password_changed_at, password_hash, phone, role, status, updated_at, username, id) 
    values
        (?, ?, ?, ?, ?, ?, ?, ?, ?, ?, ?, ?, ?, ?)
2025-07-12 03:19:21 - 
    insert 
    into
        singtel_app.service_categories
        (created_at, description, display_order, is_active, name, updated_at, id) 
    values
        (?, ?, ?, ?, ?, ?, ?)
Hibernate: 
    insert 
    into
        singtel_app.service_categories
        (created_at, description, display_order, is_active, name, updated_at, id) 
    values
        (?, ?, ?, ?, ?, ?, ?)
2025-07-12 03:19:21 - 
    insert 
    into
        singtel_app.services
        (base_bandwidth_mbps, base_price_monthly, category_id, contract_term_months, created_at, description, features, is_available, is_bandwidth_adjustable, max_bandwidth_mbps, min_bandwidth_mbps, name, price_per_mbps, provisioning_time_hours, service_type, setup_fee, technical_specs, updated_at, id) 
    values
        (?, ?, ?, ?, ?, ?, ?, ?, ?, ?, ?, ?, ?, ?, ?, ?, ?, ?, ?)
Hibernate: 
    insert 
    into
        singtel_app.services
        (base_bandwidth_mbps, base_price_monthly, category_id, contract_term_months, created_at, description, features, is_available, is_bandwidth_adjustable, max_bandwidth_mbps, min_bandwidth_mbps, name, price_per_mbps, provisioning_time_hours, service_type, setup_fee, technical_specs, updated_at, id) 
    values
        (?, ?, ?, ?, ?, ?, ?, ?, ?, ?, ?, ?, ?, ?, ?, ?, ?, ?, ?)
2025-07-12 03:19:21 - 
    insert 
    into
        singtel_app.orders
        (actual_completion_date, company_id, contact_email, contact_person, contact_phone, created_at, estimated_completion_date, installation_address, notes, order_number, order_type, postal_code, requested_bandwidth_mbps, requested_date, service_id, service_instance_id, status, total_cost, updated_at, user_id, workflow_id, id) 
    values
        (?, ?, ?, ?, ?, ?, ?, ?, ?, ?, ?, ?, ?, ?, ?, ?, ?, ?, ?, ?, ?, ?)
Hibernate: 
    insert 
    into
        singtel_app.orders
        (actual_completion_date, company_id, contact_email, contact_person, contact_phone, created_at, estimated_completion_date, installation_address, notes, order_number, order_type, postal_code, requested_bandwidth_mbps, requested_date, service_id, service_instance_id, status, total_cost, updated_at, user_id, workflow_id, id) 
    values
        (?, ?, ?, ?, ?, ?, ?, ?, ?, ?, ?, ?, ?, ?, ?, ?, ?, ?, ?, ?, ?, ?)
2025-07-12 03:19:21 - 
    insert 
    into
        singtel_app.orders
        (actual_completion_date, company_id, contact_email, contact_person, contact_phone, created_at, estimated_completion_date, installation_address, notes, order_number, order_type, postal_code, requested_bandwidth_mbps, requested_date, service_id, service_instance_id, status, total_cost, updated_at, user_id, workflow_id, id) 
    values
        (?, ?, ?, ?, ?, ?, ?, ?, ?, ?, ?, ?, ?, ?, ?, ?, ?, ?, ?, ?, ?, ?)
Hibernate: 
    insert 
    into
        singtel_app.orders
        (actual_completion_date, company_id, contact_email, contact_person, contact_phone, created_at, estimated_completion_date, installation_address, notes, order_number, order_type, postal_code, requested_bandwidth_mbps, requested_date, service_id, service_instance_id, status, total_cost, updated_at, user_id, workflow_id, id) 
    values
        (?, ?, ?, ?, ?, ?, ?, ?, ?, ?, ?, ?, ?, ?, ?, ?, ?, ?, ?, ?, ?, ?)
2025-07-12 03:19:21 - JDBC URL to connect to 'dataSource': url='jdbc:postgresql://localhost:35943/itxecebnckxn?user=postgres&password=docker', scope='OrderRepositoryTest#findPendingOrdersByCompany_Success'
2025-07-12 03:19:21 - 
    select
        o1_0.id,
        o1_0.actual_completion_date,
        o1_0.company_id,
        o1_0.contact_email,
        o1_0.contact_person,
        o1_0.contact_phone,
        o1_0.created_at,
        o1_0.estimated_completion_date,
        o1_0.installation_address,
        o1_0.notes,
        o1_0.order_number,
        o1_0.order_type,
        o1_0.postal_code,
        o1_0.requested_bandwidth_mbps,
        o1_0.requested_date,
        o1_0.service_id,
        o1_0.service_instance_id,
        o1_0.status,
        o1_0.total_cost,
        o1_0.updated_at,
        o1_0.user_id,
        o1_0.workflow_id 
    from
        singtel_app.orders o1_0 
    where
        o1_0.company_id=? 
        and o1_0.status in ('SUBMITTED', 'APPROVED', 'IN_PROGRESS')
Hibernate: 
    select
        o1_0.id,
        o1_0.actual_completion_date,
        o1_0.company_id,
        o1_0.contact_email,
        o1_0.contact_person,
        o1_0.contact_phone,
        o1_0.created_at,
        o1_0.estimated_completion_date,
        o1_0.installation_address,
        o1_0.notes,
        o1_0.order_number,
        o1_0.order_type,
        o1_0.postal_code,
        o1_0.requested_bandwidth_mbps,
        o1_0.requested_date,
        o1_0.service_id,
        o1_0.service_instance_id,
        o1_0.status,
        o1_0.total_cost,
        o1_0.updated_at,
        o1_0.user_id,
        o1_0.workflow_id 
    from
        singtel_app.orders o1_0 
    where
        o1_0.company_id=? 
        and o1_0.status in ('SUBMITTED', 'APPROVED', 'IN_PROGRESS')
]]></system-out>
  </testcase>
  <testcase name="findByOrderNumberContaining_Success" classname="com.singtel.network.repository.OrderRepositoryTest" time="0.019">
    <system-out><![CDATA[2025-07-12 03:19:21 - 
    insert 
    into
        singtel_app.companies
        (address, company_size, country, created_at, email, industry, name, phone, postal_code, registration_number, status, updated_at, id) 
    values
        (?, ?, ?, ?, ?, ?, ?, ?, ?, ?, ?, ?, ?)
Hibernate: 
    insert 
    into
        singtel_app.companies
        (address, company_size, country, created_at, email, industry, name, phone, postal_code, registration_number, status, updated_at, id) 
    values
        (?, ?, ?, ?, ?, ?, ?, ?, ?, ?, ?, ?, ?)
2025-07-12 03:19:21 - 
    insert 
    into
        singtel_app.users
        (company_id, created_at, email, first_name, last_login_at, last_name, password_changed_at, password_hash, phone, role, status, updated_at, username, id) 
    values
        (?, ?, ?, ?, ?, ?, ?, ?, ?, ?, ?, ?, ?, ?)
Hibernate: 
    insert 
    into
        singtel_app.users
        (company_id, created_at, email, first_name, last_login_at, last_name, password_changed_at, password_hash, phone, role, status, updated_at, username, id) 
    values
        (?, ?, ?, ?, ?, ?, ?, ?, ?, ?, ?, ?, ?, ?)
2025-07-12 03:19:21 - 
    insert 
    into
        singtel_app.service_categories
        (created_at, description, display_order, is_active, name, updated_at, id) 
    values
        (?, ?, ?, ?, ?, ?, ?)
Hibernate: 
    insert 
    into
        singtel_app.service_categories
        (created_at, description, display_order, is_active, name, updated_at, id) 
    values
        (?, ?, ?, ?, ?, ?, ?)
2025-07-12 03:19:21 - 
    insert 
    into
        singtel_app.services
        (base_bandwidth_mbps, base_price_monthly, category_id, contract_term_months, created_at, description, features, is_available, is_bandwidth_adjustable, max_bandwidth_mbps, min_bandwidth_mbps, name, price_per_mbps, provisioning_time_hours, service_type, setup_fee, technical_specs, updated_at, id) 
    values
        (?, ?, ?, ?, ?, ?, ?, ?, ?, ?, ?, ?, ?, ?, ?, ?, ?, ?, ?)
Hibernate: 
    insert 
    into
        singtel_app.services
        (base_bandwidth_mbps, base_price_monthly, category_id, contract_term_months, created_at, description, features, is_available, is_bandwidth_adjustable, max_bandwidth_mbps, min_bandwidth_mbps, name, price_per_mbps, provisioning_time_hours, service_type, setup_fee, technical_specs, updated_at, id) 
    values
        (?, ?, ?, ?, ?, ?, ?, ?, ?, ?, ?, ?, ?, ?, ?, ?, ?, ?, ?)
2025-07-12 03:19:21 - 
    insert 
    into
        singtel_app.orders
        (actual_completion_date, company_id, contact_email, contact_person, contact_phone, created_at, estimated_completion_date, installation_address, notes, order_number, order_type, postal_code, requested_bandwidth_mbps, requested_date, service_id, service_instance_id, status, total_cost, updated_at, user_id, workflow_id, id) 
    values
        (?, ?, ?, ?, ?, ?, ?, ?, ?, ?, ?, ?, ?, ?, ?, ?, ?, ?, ?, ?, ?, ?)
Hibernate: 
    insert 
    into
        singtel_app.orders
        (actual_completion_date, company_id, contact_email, contact_person, contact_phone, created_at, estimated_completion_date, installation_address, notes, order_number, order_type, postal_code, requested_bandwidth_mbps, requested_date, service_id, service_instance_id, status, total_cost, updated_at, user_id, workflow_id, id) 
    values
        (?, ?, ?, ?, ?, ?, ?, ?, ?, ?, ?, ?, ?, ?, ?, ?, ?, ?, ?, ?, ?, ?)
2025-07-12 03:19:21 - 
    insert 
    into
        singtel_app.orders
        (actual_completion_date, company_id, contact_email, contact_person, contact_phone, created_at, estimated_completion_date, installation_address, notes, order_number, order_type, postal_code, requested_bandwidth_mbps, requested_date, service_id, service_instance_id, status, total_cost, updated_at, user_id, workflow_id, id) 
    values
        (?, ?, ?, ?, ?, ?, ?, ?, ?, ?, ?, ?, ?, ?, ?, ?, ?, ?, ?, ?, ?, ?)
Hibernate: 
    insert 
    into
        singtel_app.orders
        (actual_completion_date, company_id, contact_email, contact_person, contact_phone, created_at, estimated_completion_date, installation_address, notes, order_number, order_type, postal_code, requested_bandwidth_mbps, requested_date, service_id, service_instance_id, status, total_cost, updated_at, user_id, workflow_id, id) 
    values
        (?, ?, ?, ?, ?, ?, ?, ?, ?, ?, ?, ?, ?, ?, ?, ?, ?, ?, ?, ?, ?, ?)
2025-07-12 03:19:21 - JDBC URL to connect to 'dataSource': url='jdbc:postgresql://localhost:35943/itxecebnckxn?user=postgres&password=docker', scope='OrderRepositoryTest#findByOrderNumberContaining_Success'
2025-07-12 03:19:21 - 
    select
        o1_0.id,
        o1_0.actual_completion_date,
        o1_0.company_id,
        o1_0.contact_email,
        o1_0.contact_person,
        o1_0.contact_phone,
        o1_0.created_at,
        o1_0.estimated_completion_date,
        o1_0.installation_address,
        o1_0.notes,
        o1_0.order_number,
        o1_0.order_type,
        o1_0.postal_code,
        o1_0.requested_bandwidth_mbps,
        o1_0.requested_date,
        o1_0.service_id,
        o1_0.service_instance_id,
        o1_0.status,
        o1_0.total_cost,
        o1_0.updated_at,
        o1_0.user_id,
        o1_0.workflow_id 
    from
        singtel_app.orders o1_0 
    where
        lower(o1_0.order_number) like lower(('%'||?||'%')) escape ''
Hibernate: 
    select
        o1_0.id,
        o1_0.actual_completion_date,
        o1_0.company_id,
        o1_0.contact_email,
        o1_0.contact_person,
        o1_0.contact_phone,
        o1_0.created_at,
        o1_0.estimated_completion_date,
        o1_0.installation_address,
        o1_0.notes,
        o1_0.order_number,
        o1_0.order_type,
        o1_0.postal_code,
        o1_0.requested_bandwidth_mbps,
        o1_0.requested_date,
        o1_0.service_id,
        o1_0.service_instance_id,
        o1_0.status,
        o1_0.total_cost,
        o1_0.updated_at,
        o1_0.user_id,
        o1_0.workflow_id 
    from
        singtel_app.orders o1_0 
    where
        lower(o1_0.order_number) like lower(('%'||?||'%')) escape ''
]]></system-out>
  </testcase>
  <testcase name="findByCostRange_Success" classname="com.singtel.network.repository.OrderRepositoryTest" time="0.019">
    <system-out><![CDATA[2025-07-12 03:19:21 - 
    insert 
    into
        singtel_app.companies
        (address, company_size, country, created_at, email, industry, name, phone, postal_code, registration_number, status, updated_at, id) 
    values
        (?, ?, ?, ?, ?, ?, ?, ?, ?, ?, ?, ?, ?)
Hibernate: 
    insert 
    into
        singtel_app.companies
        (address, company_size, country, created_at, email, industry, name, phone, postal_code, registration_number, status, updated_at, id) 
    values
        (?, ?, ?, ?, ?, ?, ?, ?, ?, ?, ?, ?, ?)
2025-07-12 03:19:21 - 
    insert 
    into
        singtel_app.users
        (company_id, created_at, email, first_name, last_login_at, last_name, password_changed_at, password_hash, phone, role, status, updated_at, username, id) 
    values
        (?, ?, ?, ?, ?, ?, ?, ?, ?, ?, ?, ?, ?, ?)
Hibernate: 
    insert 
    into
        singtel_app.users
        (company_id, created_at, email, first_name, last_login_at, last_name, password_changed_at, password_hash, phone, role, status, updated_at, username, id) 
    values
        (?, ?, ?, ?, ?, ?, ?, ?, ?, ?, ?, ?, ?, ?)
2025-07-12 03:19:21 - 
    insert 
    into
        singtel_app.service_categories
        (created_at, description, display_order, is_active, name, updated_at, id) 
    values
        (?, ?, ?, ?, ?, ?, ?)
Hibernate: 
    insert 
    into
        singtel_app.service_categories
        (created_at, description, display_order, is_active, name, updated_at, id) 
    values
        (?, ?, ?, ?, ?, ?, ?)
2025-07-12 03:19:21 - 
    insert 
    into
        singtel_app.services
        (base_bandwidth_mbps, base_price_monthly, category_id, contract_term_months, created_at, description, features, is_available, is_bandwidth_adjustable, max_bandwidth_mbps, min_bandwidth_mbps, name, price_per_mbps, provisioning_time_hours, service_type, setup_fee, technical_specs, updated_at, id) 
    values
        (?, ?, ?, ?, ?, ?, ?, ?, ?, ?, ?, ?, ?, ?, ?, ?, ?, ?, ?)
Hibernate: 
    insert 
    into
        singtel_app.services
        (base_bandwidth_mbps, base_price_monthly, category_id, contract_term_months, created_at, description, features, is_available, is_bandwidth_adjustable, max_bandwidth_mbps, min_bandwidth_mbps, name, price_per_mbps, provisioning_time_hours, service_type, setup_fee, technical_specs, updated_at, id) 
    values
        (?, ?, ?, ?, ?, ?, ?, ?, ?, ?, ?, ?, ?, ?, ?, ?, ?, ?, ?)
2025-07-12 03:19:21 - 
    insert 
    into
        singtel_app.orders
        (actual_completion_date, company_id, contact_email, contact_person, contact_phone, created_at, estimated_completion_date, installation_address, notes, order_number, order_type, postal_code, requested_bandwidth_mbps, requested_date, service_id, service_instance_id, status, total_cost, updated_at, user_id, workflow_id, id) 
    values
        (?, ?, ?, ?, ?, ?, ?, ?, ?, ?, ?, ?, ?, ?, ?, ?, ?, ?, ?, ?, ?, ?)
Hibernate: 
    insert 
    into
        singtel_app.orders
[...]
    values
        (?, ?, ?, ?, ?, ?, ?, ?, ?, ?, ?, ?, ?, ?, ?, ?, ?, ?, ?, ?, ?, ?)
Hibernate: 
    insert 
    into
        singtel_app.orders
        (actual_completion_date, company_id, contact_email, contact_person, contact_phone, created_at, estimated_completion_date, installation_address, notes, order_number, order_type, postal_code, requested_bandwidth_mbps, requested_date, service_id, service_instance_id, status, total_cost, updated_at, user_id, workflow_id, id) 
    values
        (?, ?, ?, ?, ?, ?, ?, ?, ?, ?, ?, ?, ?, ?, ?, ?, ?, ?, ?, ?, ?, ?)
2025-07-12 03:19:21 - 
    insert 
    into
        singtel_app.orders
        (actual_completion_date, company_id, contact_email, contact_person, contact_phone, created_at, estimated_completion_date, installation_address, notes, order_number, order_type, postal_code, requested_bandwidth_mbps, requested_date, service_id, service_instance_id, status, total_cost, updated_at, user_id, workflow_id, id) 
    values
        (?, ?, ?, ?, ?, ?, ?, ?, ?, ?, ?, ?, ?, ?, ?, ?, ?, ?, ?, ?, ?, ?)
Hibernate: 
    insert 
    into
        singtel_app.orders
        (actual_completion_date, company_id, contact_email, contact_person, contact_phone, created_at, estimated_completion_date, installation_address, notes, order_number, order_type, postal_code, requested_bandwidth_mbps, requested_date, service_id, service_instance_id, status, total_cost, updated_at, user_id, workflow_id, id) 
    values
        (?, ?, ?, ?, ?, ?, ?, ?, ?, ?, ?, ?, ?, ?, ?, ?, ?, ?, ?, ?, ?, ?)
2025-07-12 03:19:21 - JDBC URL to connect to 'dataSource': url='jdbc:postgresql://localhost:35943/itxecebnckxn?user=postgres&password=docker', scope='OrderRepositoryTest#countByCompanyIdAndStatus_Success'
2025-07-12 03:19:21 - 
    select
        count(o1_0.id) 
    from
        singtel_app.orders o1_0 
    where
        o1_0.company_id=? 
        and o1_0.status=?
Hibernate: 
    select
        count(o1_0.id) 
    from
        singtel_app.orders o1_0 
    where
        o1_0.company_id=? 
        and o1_0.status=?
]]></system-out>
  </testcase>
  <testcase name="findCompletedOrdersByCompany_Success" classname="com.singtel.network.repository.OrderRepositoryTest" time="0.018">
    <system-out><![CDATA[2025-07-12 03:19:21 - 
    insert 
    into
        singtel_app.companies
        (address, company_size, country, created_at, email, industry, name, phone, postal_code, registration_number, status, updated_at, id) 
    values
        (?, ?, ?, ?, ?, ?, ?, ?, ?, ?, ?, ?, ?)
Hibernate: 
    insert 
    into
        singtel_app.companies
        (address, company_size, country, created_at, email, industry, name, phone, postal_code, registration_number, status, updated_at, id) 
    values
        (?, ?, ?, ?, ?, ?, ?, ?, ?, ?, ?, ?, ?)
2025-07-12 03:19:21 - 
    insert 
    into
        singtel_app.users
        (company_id, created_at, email, first_name, last_login_at, last_name, password_changed_at, password_hash, phone, role, status, updated_at, username, id) 
    values
        (?, ?, ?, ?, ?, ?, ?, ?, ?, ?, ?, ?, ?, ?)
Hibernate: 
    insert 
    into
        singtel_app.users
        (company_id, created_at, email, first_name, last_login_at, last_name, password_changed_at, password_hash, phone, role, status, updated_at, username, id) 
    values
        (?, ?, ?, ?, ?, ?, ?, ?, ?, ?, ?, ?, ?, ?)
2025-07-12 03:19:21 - 
    insert 
    into
        singtel_app.service_categories
        (created_at, description, display_order, is_active, name, updated_at, id) 
    values
        (?, ?, ?, ?, ?, ?, ?)
Hibernate: 
    insert 
    into
        singtel_app.service_categories
        (created_at, description, display_order, is_active, name, updated_at, id) 
    values
        (?, ?, ?, ?, ?, ?, ?)
2025-07-12 03:19:21 - 
    insert 
    into
        singtel_app.services
        (base_bandwidth_mbps, base_price_monthly, category_id, contract_term_months, created_at, description, features, is_available, is_bandwidth_adjustable, max_bandwidth_mbps, min_bandwidth_mbps, name, price_per_mbps, provisioning_time_hours, service_type, setup_fee, technical_specs, updated_at, id) 
    values
        (?, ?, ?, ?, ?, ?, ?, ?, ?, ?, ?, ?, ?, ?, ?, ?, ?, ?, ?)
Hibernate: 
    insert 
    into
        singtel_app.services
        (base_bandwidth_mbps, base_price_monthly, category_id, contract_term_months, created_at, description, features, is_available, is_bandwidth_adjustable, max_bandwidth_mbps, min_bandwidth_mbps, name, price_per_mbps, provisioning_time_hours, service_type, setup_fee, technical_specs, updated_at, id) 
    values
        (?, ?, ?, ?, ?, ?, ?, ?, ?, ?, ?, ?, ?, ?, ?, ?, ?, ?, ?)
2025-07-12 03:19:21 - 
    insert 
    into
        singtel_app.orders
        (actual_completion_date, company_id, contact_email, contact_person, contact_phone, created_at, estimated_completion_date, installation_address, notes, order_number, order_type, postal_code, requested_bandwidth_mbps, requested_date, service_id, service_instance_id, status, total_cost, updated_at, user_id, workflow_id, id) 
    values
        (?, ?, ?, ?, ?, ?, ?, ?, ?, ?, ?, ?, ?, ?, ?, ?, ?, ?, ?, ?, ?, ?)
Hibernate: 
    insert 
    into
        singtel_app.orders
        (actual_completion_date, company_id, contact_email, contact_person, contact_phone, created_at, estimated_completion_date, installation_address, notes, order_number, order_type, postal_code, requested_bandwidth_mbps, requested_date, service_id, service_instance_id, status, total_cost, updated_at, user_id, workflow_id, id) 
    values
        (?, ?, ?, ?, ?, ?, ?, ?, ?, ?, ?, ?, ?, ?, ?, ?, ?, ?, ?, ?, ?, ?)
2025-07-12 03:19:21 - 
    insert 
    into
        singtel_app.orders
        (actual_completion_date, company_id, contact_email, contact_person, contact_phone, created_at, estimated_completion_date, installation_address, notes, order_number, order_type, postal_code, requested_bandwidth_mbps, requested_date, service_id, service_instance_id, status, total_cost, updated_at, user_id, workflow_id, id) 
    values
        (?, ?, ?, ?, ?, ?, ?, ?, ?, ?, ?, ?, ?, ?, ?, ?, ?, ?, ?, ?, ?, ?)
Hibernate: 
    insert 
    into
        singtel_app.orders
        (actual_completion_date, company_id, contact_email, contact_person, contact_phone, created_at, estimated_completion_date, installation_address, notes, order_number, order_type, postal_code, requested_bandwidth_mbps, requested_date, service_id, service_instance_id, status, total_cost, updated_at, user_id, workflow_id, id) 
    values
        (?, ?, ?, ?, ?, ?, ?, ?, ?, ?, ?, ?, ?, ?, ?, ?, ?, ?, ?, ?, ?, ?)
2025-07-12 03:19:21 - JDBC URL to connect to 'dataSource': url='jdbc:postgresql://localhost:35943/itxecebnckxn?user=postgres&password=docker', scope='OrderRepositoryTest#findCompletedOrdersByCompany_Success'
2025-07-12 03:19:21 - 
    select
        o1_0.id,
        o1_0.actual_completion_date,
        o1_0.company_id,
        o1_0.contact_email,
        o1_0.contact_person,
        o1_0.contact_phone,
        o1_0.created_at,
        o1_0.estimated_completion_date,
        o1_0.installation_address,
        o1_0.notes,
        o1_0.order_number,
        o1_0.order_type,
        o1_0.postal_code,
        o1_0.requested_bandwidth_mbps,
        o1_0.requested_date,
        o1_0.service_id,
        o1_0.service_instance_id,
        o1_0.status,
        o1_0.total_cost,
        o1_0.updated_at,
        o1_0.user_id,
        o1_0.workflow_id 
    from
        singtel_app.orders o1_0 
    where
        o1_0.company_id=? 
        and o1_0.status='COMPLETED'
Hibernate: 
    select
        o1_0.id,
        o1_0.actual_completion_date,
        o1_0.company_id,
        o1_0.contact_email,
        o1_0.contact_person,
        o1_0.contact_phone,
        o1_0.created_at,
        o1_0.estimated_completion_date,
        o1_0.installation_address,
        o1_0.notes,
        o1_0.order_number,
        o1_0.order_type,
        o1_0.postal_code,
        o1_0.requested_bandwidth_mbps,
        o1_0.requested_date,
        o1_0.service_id,
        o1_0.service_instance_id,
        o1_0.status,
        o1_0.total_cost,
        o1_0.updated_at,
        o1_0.user_id,
        o1_0.workflow_id 
    from
        singtel_app.orders o1_0 
    where
        o1_0.company_id=? 
        and o1_0.status='COMPLETED'
]]></system-out>
  </testcase>
  <testcase name="countByStatus_Success" classname="com.singtel.network.repository.OrderRepositoryTest" time="0.018">
    <system-out><![CDATA[2025-07-12 03:19:21 - 
    insert 
    into
        singtel_app.companies
        (address, company_size, country, created_at, email, industry, name, phone, postal_code, registration_number, status, updated_at, id) 
    values
        (?, ?, ?, ?, ?, ?, ?, ?, ?, ?, ?, ?, ?)
Hibernate: 
    insert 
    into
        singtel_app.companies
        (address, company_size, country, created_at, email, industry, name, phone, postal_code, registration_number, status, updated_at, id) 
    values
        (?, ?, ?, ?, ?, ?, ?, ?, ?, ?, ?, ?, ?)
2025-07-12 03:19:21 - 
    insert 
    into
        singtel_app.users
        (company_id, created_at, email, first_name, last_login_at, last_name, password_changed_at, password_hash, phone, role, status, updated_at, username, id) 
    values
        (?, ?, ?, ?, ?, ?, ?, ?, ?, ?, ?, ?, ?, ?)
Hibernate: 
    insert 
    into
        singtel_app.users
        (company_id, created_at, email, first_name, last_login_at, last_name, password_changed_at, password_hash, phone, role, status, updated_at, username, id) 
    values
        (?, ?, ?, ?, ?, ?, ?, ?, ?, ?, ?, ?, ?, ?)
2025-07-12 03:19:21 - 
    insert 
    into
        singtel_app.service_categories
        (created_at, description, display_order, is_active, name, updated_at, id) 
    values
        (?, ?, ?, ?, ?, ?, ?)
Hibernate: 
    insert 
    into
        singtel_app.service_categories
        (created_at, description, display_order, is_active, name, updated_at, id) 
    values
        (?, ?, ?, ?, ?, ?, ?)
2025-07-12 03:19:21 - 
    insert 
    into
        singtel_app.services
        (base_bandwidth_mbps, base_price_monthly, category_id, contract_term_months, created_at, description, features, is_available, is_bandwidth_adjustable, max_bandwidth_mbps, min_bandwidth_mbps, name, price_per_mbps, provisioning_time_hours, service_type, setup_fee, technical_specs, updated_at, id) 
    values
        (?, ?, ?, ?, ?, ?, ?, ?, ?, ?, ?, ?, ?, ?, ?, ?, ?, ?, ?)
Hibernate: 
    insert 
    into
        singtel_app.services
        (base_bandwidth_mbps, base_price_monthly, category_id, contract_term_months, created_at, description, features, is_available, is_bandwidth_adjustable, max_bandwidth_mbps, min_bandwidth_mbps, name, price_per_mbps, provisioning_time_hours, service_type, setup_fee, technical_specs, updated_at, id) 
    values
        (?, ?, ?, ?, ?, ?, ?, ?, ?, ?, ?, ?, ?, ?, ?, ?, ?, ?, ?)
2025-07-12 03:19:21 - 
    insert 
    into
        singtel_app.orders
        (actual_completion_date, company_id, contact_email, contact_person, contact_phone, created_at, estimated_completion_date, installation_address, notes, order_number, order_type, postal_code, requested_bandwidth_mbps, requested_date, service_id, service_instance_id, status, total_cost, updated_at, user_id, workflow_id, id) 
    values
        (?, ?, ?, ?, ?, ?, ?, ?, ?, ?, ?, ?, ?, ?, ?, ?, ?, ?, ?, ?, ?, ?)
Hibernate: 
    insert 
    into
        singtel_app.orders
        (actual_completion_date, company_id, contact_email, contact_person, contact_phone, created_at, estimated_completion_date, installation_address, notes, order_number, order_type, postal_code, requested_bandwidth_mbps, requested_date, service_id, service_instance_id, status, total_cost, updated_at, user_id, workflow_id, id) 
    values
        (?, ?, ?, ?, ?, ?, ?, ?, ?, ?, ?, ?, ?, ?, ?, ?, ?, ?, ?, ?, ?, ?)
2025-07-12 03:19:21 - 
    insert 
    into
        singtel_app.orders
        (actual_completion_date, company_id, contact_email, contact_person, contact_phone, created_at, estimated_completion_date, installation_address, notes, order_number, order_type, postal_code, requested_bandwidth_mbps, requested_date, service_id, service_instance_id, status, total_cost, updated_at, user_id, workflow_id, id) 
    values
        (?, ?, ?, ?, ?, ?, ?, ?, ?, ?, ?, ?, ?, ?, ?, ?, ?, ?, ?, ?, ?, ?)
Hibernate: 
    insert 
    into
        singtel_app.orders
        (actual_completion_date, company_id, contact_email, contact_person, contact_phone, created_at, estimated_completion_date, installation_address, notes, order_number, order_type, postal_code, requested_bandwidth_mbps, requested_date, service_id, service_instance_id, status, total_cost, updated_at, user_id, workflow_id, id) 
    values
        (?, ?, ?, ?, ?, ?, ?, ?, ?, ?, ?, ?, ?, ?, ?, ?, ?, ?, ?, ?, ?, ?)
2025-07-12 03:19:21 - JDBC URL to connect to 'dataSource': url='jdbc:postgresql://localhost:35943/itxecebnckxn?user=postgres&password=docker', scope='OrderRepositoryTest#countByStatus_Success'
2025-07-12 03:19:21 - 
    select
        count(o1_0.id) 
    from
        singtel_app.orders o1_0 
    where
        o1_0.status=?
Hibernate: 
    select
        count(o1_0.id) 
    from
        singtel_app.orders o1_0 
    where
        o1_0.status=?
2025-07-12 03:19:21 - 
    select
        count(o1_0.id) 
    from
        singtel_app.orders o1_0 
    where
        o1_0.status=?
Hibernate: 
    select
        count(o1_0.id) 
    from
        singtel_app.orders o1_0 
    where
        o1_0.status=?
]]></system-out>
  </testcase>
  <testcase name="findByServiceId_Success" classname="com.singtel.network.repository.OrderRepositoryTest" time="0.021">
    <system-out><![CDATA[2025-07-12 03:19:21 - 
    insert 
    into
        singtel_app.companies
        (address, company_size, country, created_at, email, industry, name, phone, postal_code, registration_number, status, updated_at, id) 
    values
        (?, ?, ?, ?, ?, ?, ?, ?, ?, ?, ?, ?, ?)
Hibernate: 
    insert 
    into
        singtel_app.companies
        (address, company_size, country, created_at, email, industry, name, phone, postal_code, registration_number, status, updated_at, id) 
    values
        (?, ?, ?, ?, ?, ?, ?, ?, ?, ?, ?, ?, ?)
2025-07-12 03:19:21 - 
    insert 
    into
        singtel_app.users
        (company_id, created_at, email, first_name, last_login_at, last_name, password_changed_at, password_hash, phone, role, status, updated_at, username, id) 
    values
        (?, ?, ?, ?, ?, ?, ?, ?, ?, ?, ?, ?, ?, ?)
Hibernate: 
    insert 
    into
        singtel_app.users
        (company_id, created_at, email, first_name, last_login_at, last_name, password_changed_at, password_hash, phone, role, status, updated_at, username, id) 
    values
        (?, ?, ?, ?, ?, ?, ?, ?, ?, ?, ?, ?, ?, ?)
2025-07-12 03:19:21 - 
    insert 
    into
        singtel_app.service_categories
        (created_at, description, display_order, is_active, name, updated_at, id) 
    values
        (?, ?, ?, ?, ?, ?, ?)
Hibernate: 
    insert 
    into
        singtel_app.service_categories
        (created_at, description, display_order, is_active, name, updated_at, id) 
    values
        (?, ?, ?, ?, ?, ?, ?)
2025-07-12 03:19:21 - 
    insert 
    into
        singtel_app.services
        (base_bandwidth_mbps, base_price_monthly, category_id, contract_term_months, created_at, description, features, is_available, is_bandwidth_adjustable, max_bandwidth_mbps, min_bandwidth_mbps, name, price_per_mbps, provisioning_time_hours, service_type, setup_fee, technical_specs, updated_at, id) 
    values
        (?, ?, ?, ?, ?, ?, ?, ?, ?, ?, ?, ?, ?, ?, ?, ?, ?, ?, ?)
Hibernate: 
    insert 
    into
        singtel_app.services
        (base_bandwidth_mbps, base_price_monthly, category_id, contract_term_months, created_at, description, features, is_available, is_bandwidth_adjustable, max_bandwidth_mbps, min_bandwidth_mbps, name, price_per_mbps, provisioning_time_hours, service_type, setup_fee, technical_specs, updated_at, id) 
    values
        (?, ?, ?, ?, ?, ?, ?, ?, ?, ?, ?, ?, ?, ?, ?, ?, ?, ?, ?)
2025-07-12 03:19:21 - 
    insert 
    into
        singtel_app.orders
        (actual_completion_date, company_id, contact_email, contact_person, contact_phone, created_at, estimated_completion_date, installation_address, notes, order_number, order_type, postal_code, requested_bandwidth_mbps, requested_date, service_id, service_instance_id, status, total_cost, updated_at, user_id, workflow_id, id) 
    values
        (?, ?, ?, ?, ?, ?, ?, ?, ?, ?, ?, ?, ?, ?, ?, ?, ?, ?, ?, ?, ?, ?)
Hibernate: 
    insert 
    into
        singtel_app.orders
        (actual_completion_date, company_id, contact_email, contact_person, contact_phone, created_at, estimated_completion_date, installation_address, notes, order_number, order_type, postal_code, requested_bandwidth_mbps, requested_date, service_id, service_instance_id, status, total_cost, updated_at, user_id, workflow_id, id) 
    values
        (?, ?, ?, ?, ?, ?, ?, ?, ?, ?, ?, ?, ?, ?, ?, ?, ?, ?, ?, ?, ?, ?)
2025-07-12 03:19:21 - 
    insert 
    into
        singtel_app.orders
        (actual_completion_date, company_id, contact_email, contact_person, contact_phone, created_at, estimated_completion_date, installation_address, notes, order_number, order_type, postal_code, requested_bandwidth_mbps, requested_date, service_id, service_instance_id, status, total_cost, updated_at, user_id, workflow_id, id) 
    values
        (?, ?, ?, ?, ?, ?, ?, ?, ?, ?, ?, ?, ?, ?, ?, ?, ?, ?, ?, ?, ?, ?)
Hibernate: 
    insert 
    into
        singtel_app.orders
        (actual_completion_date, company_id, contact_email, contact_person, contact_phone, created_at, estimated_completion_date, installation_address, notes, order_number, order_type, postal_code, requested_bandwidth_mbps, requested_date, service_id, service_instance_id, status, total_cost, updated_at, user_id, workflow_id, id) 
    values
        (?, ?, ?, ?, ?, ?, ?, ?, ?, ?, ?, ?, ?, ?, ?, ?, ?, ?, ?, ?, ?, ?)
2025-07-12 03:19:21 - JDBC URL to connect to 'dataSource': url='jdbc:postgresql://localhost:35943/itxecebnckxn?user=postgres&password=docker', scope='OrderRepositoryTest#findByServiceId_Success'
2025-07-12 03:19:21 - 
    select
        o1_0.id,
        o1_0.actual_completion_date,
        o1_0.company_id,
        o1_0.contact_email,
        o1_0.contact_person,
        o1_0.contact_phone,
        o1_0.created_at,
        o1_0.estimated_completion_date,
        o1_0.installation_address,
        o1_0.notes,
        o1_0.order_number,
        o1_0.order_type,
        o1_0.postal_code,
        o1_0.requested_bandwidth_mbps,
        o1_0.requested_date,
        o1_0.service_id,
        o1_0.service_instance_id,
        o1_0.status,
        o1_0.total_cost,
        o1_0.updated_at,
        o1_0.user_id,
        o1_0.workflow_id 
    from
        singtel_app.orders o1_0 
    where
        o1_0.service_id=?
Hibernate: 
    select
        o1_0.id,
        o1_0.actual_completion_date,
        o1_0.company_id,
        o1_0.contact_email,
        o1_0.contact_person,
        o1_0.contact_phone,
        o1_0.created_at,
        o1_0.estimated_completion_date,
        o1_0.installation_address,
        o1_0.notes,
        o1_0.order_number,
        o1_0.order_type,
        o1_0.postal_code,
        o1_0.requested_bandwidth_mbps,
        o1_0.requested_date,
        o1_0.service_id,
        o1_0.service_instance_id,
        o1_0.status,
        o1_0.total_cost,
        o1_0.updated_at,
        o1_0.user_id,
        o1_0.workflow_id 
    from
        singtel_app.orders o1_0 
    where
        o1_0.service_id=?
]]></system-out>
  </testcase>
</testsuite>